<?xml version="1.0" encoding="utf-8"?><testsuites name="pytest tests"><testsuite name="pytest" errors="0" failures="0" skipped="0" tests="17" time="3.130" timestamp="2026-03-18T17:59:57.708757+00:00" hostname="agent-env-9851cab8-2bd5-4721-8a34-62a4cc1ff4d1"><testcase classname="tests.test_new_pms_features_api.TestAvailableRooms" name="test_get_available_rooms_no_dates" time="0.271" /><testcase classname="tests.test_new_pms_features_api.TestAvailableRooms" name="test_get_available_rooms_with_dates" time="0.073" /><testcase classname="tests.test_new_pms_features_api.TestRoomChange" name="test_room_change_requires_room_and_reason" time="0.167" /><testcase classname="tests.test_new_pms_features_api.TestRoomChange" name="test_room_change_success" time="0.271" /><testcase classname="tests.test_new_pms_features_api.TestGroupBookings" name="test_list_group_bookings" time="0.104" /><testcase classname="tests.test_new_pms_features_api.TestGroupBookings" name="test_create_group_booking" time="0.141" /><testcase classname="tests.test_new_pms_features_api.TestGroupBookings" name="test_group_check_in_all" time="0.161" /><testcase classname="tests.test_new_pms_features_api.TestCommunicationLogs" name="test_add_communication_log" time="0.164" /><testcase classname="tests.test_new_pms_features_api.TestCommunicationLogs" name="test_get_communication_logs" time="0.162" /><testcase classname="tests.test_new_pms_features_api.TestCommunicationLogs" name="test_communication_channels" time="0.356" /><testcase classname="tests.test_new_pms_features_api.TestDepositTracking" name="test_record_deposit" time="0.153" /><testcase classname="tests.test_new_pms_features_api.TestDepositTracking" name="test_list_all_deposits" time="0.073" /><testcase classname="tests.test_new_pms_features_api.TestDepositTracking" name="test_refund_deposit" time="0.228" /><testcase classname="tests.test_new_pms_features_api.TestDepositTracking" name="test_refund_partial" time="0.218" /><testcase classname="tests.test_new_pms_features_api.TestFullDetailIncludesNewFields" name="test_full_detail_has_communication_logs" time="0.173" /><testcase classname="tests.test_new_pms_features_api.TestFullDetailIncludesNewFields" name="test_full_detail_has_deposits" time="0.186" /><testcase classname="tests.test_new_pms_features_api.TestModalTabs" name="test_full_detail_supports_all_tabs" time="0.157" /></testsuite></testsuites>