<?xml version="1.0" encoding="utf-8"?><testsuites name="pytest tests"><testsuite name="pytest" errors="0" failures="0" skipped="0" tests="289" time="0.622" timestamp="2026-03-17T19:26:49.200044+00:00" hostname="agent-env-2705bd81-c83e-469b-8ed1-c4a76697ee9f"><testcase classname="tests.test_p4_runtime_enforcement.TestHardFailGate" name="test_verdict_pass" time="0.001" /><testcase classname="tests.test_p4_runtime_enforcement.TestHardFailGate" name="test_verdict_fail_on_add" time="0.000" /><testcase classname="tests.test_p4_runtime_enforcement.TestHardFailGate" name="test_verdict_multiple_failures" time="0.000" /><testcase classname="tests.test_p4_runtime_enforcement.TestHardFailGate" name="test_verdict_summary_pass" time="0.000" /><testcase classname="tests.test_p4_runtime_enforcement.TestHardFailGate" name="test_check_mapping_gate_room_missing" time="0.004" /><testcase classname="tests.test_p4_runtime_enforcement.TestHardFailGate" name="test_check_mapping_gate_room_inactive" time="0.002" /><testcase classname="tests.test_p4_runtime_enforcement.TestHardFailGate" name="test_check_mapping_gate_all_valid" time="0.002" /><testcase classname="tests.test_p4_runtime_enforcement.TestHardFailGate" name="test_check_mapping_gate_no_rate_code" time="0.001" /><testcase classname="tests.test_p4_runtime_enforcement.TestHardFailGate" name="test_check_mapping_gate_room_deleted_pms_id" time="0.001" /><testcase classname="tests.test_p4_runtime_enforcement.TestHardFailGate" name="test_enforce_quarantines_on_failure" time="0.003" /><testcase classname="tests.test_p4_runtime_enforcement.TestHardFailGate" name="test_enforce_passes_valid_mapping" time="0.002" /><testcase classname="tests.test_p4_runtime_enforcement.TestHardFailGate" name="test_duplicate_incident_prevention" time="0.002" /><testcase classname="tests.test_p4_runtime_enforcement.TestHardFailGate" name="test_release_quarantine" time="0.001" /><testcase classname="tests.test_p4_runtime_enforcement.TestHardFailGate" name="test_hard_fail_stats" time="0.002" /><testcase classname="tests.test_p4_runtime_enforcement.TestAutoHealService" name="test_safe_whitelist_contents" time="0.001" /><testcase classname="tests.test_p4_runtime_enforcement.TestAutoHealService" name="test_risky_whitelist_contents" time="0.000" /><testcase classname="tests.test_p4_runtime_enforcement.TestAutoHealService" name="test_auto_heal_result_init" time="0.000" /><testcase classname="tests.test_p4_runtime_enforcement.TestAutoHealService" name="test_auto_heal_result_to_dict" time="0.000" /><testcase classname="tests.test_p4_runtime_enforcement.TestAutoHealService" name="test_heal_stale_locally" time="0.003" /><testcase classname="tests.test_p4_runtime_enforcement.TestAutoHealService" name="test_heal_stale_remotely" time="0.003" /><testcase classname="tests.test_p4_runtime_enforcement.TestAutoHealService" name="test_skip_manual_review_types" time="0.003" /><testcase classname="tests.test_p4_runtime_enforcement.TestAutoHealService" name="test_risky_not_healed_by_default" time="0.002" /><testcase classname="tests.test_p4_runtime_enforcement.TestAutoHealService" name="test_risky_healed_with_opt_in" time="0.003" /><testcase classname="tests.test_p4_runtime_enforcement.TestAutoHealService" name="test_evidence_created_on_heal" time="0.003" /><testcase classname="tests.test_p4_runtime_enforcement.TestAutoHealService" name="test_failed_heal_escalation" time="0.002" /><testcase classname="tests.test_p4_runtime_enforcement.TestAutoHealService" name="test_max_heals_per_cycle_respected" time="0.003" /><testcase classname="tests.test_p4_runtime_enforcement.TestAutoHealService" name="test_empty_cycle" time="0.002" /><testcase classname="tests.test_p4_runtime_enforcement.TestAutoHealService" name="test_heal_marks_case_resolved" time="0.003" /><testcase classname="tests.test_p4_runtime_enforcement.TestAutoHealService" name="test_auto_heal_stats" time="0.003" /><testcase classname="tests.test_p4_runtime_enforcement.TestPushLoopMetrics" name="test_metrics_init" time="0.001" /><testcase classname="tests.test_p4_runtime_enforcement.TestPushLoopMetrics" name="test_metrics_to_dict" time="0.018" /><testcase classname="tests.test_p4_runtime_enforcement.TestPushLoopMetrics" name="test_metrics_success_ratio_zero_division" time="0.000" /><testcase classname="tests.test_p4_runtime_enforcement.TestPushLoopMetrics" name="test_ack_latency_tracking" time="0.000" /><testcase classname="tests.test_p4_runtime_enforcement.TestPushLoopMetrics" name="test_ack_latency_cap" time="0.000" /><testcase classname="tests.test_p4_runtime_enforcement.TestPushLoopMetrics" name="test_metrics_reset" time="0.000" /><testcase classname="tests.test_p4_runtime_enforcement.TestPushLoopWorker" name="test_worker_initial_state" time="0.000" /><testcase classname="tests.test_p4_runtime_enforcement.TestPushLoopWorker" name="test_worker_start_stop" time="0.001" /><testcase classname="tests.test_p4_runtime_enforcement.TestPushLoopWorker" name="test_worker_pause_resume" time="0.000" /><testcase classname="tests.test_p4_runtime_enforcement.TestPushLoopWorker" name="test_worker_status_dict" time="0.000" /><testcase classname="tests.test_p4_runtime_enforcement.TestPushLoopWorker" name="test_register_adapter" time="0.000" /><testcase classname="tests.test_p4_runtime_enforcement.TestPushLoopWorker" name="test_singleton_worker" time="0.000" /><testcase classname="tests.test_p4_runtime_enforcement.TestRuntimeIntegration" name="test_hard_fail_blocks_push_loop" time="0.002" /><testcase classname="tests.test_p4_runtime_enforcement.TestRuntimeIntegration" name="test_push_loop_drops_duplicates" time="0.002" /><testcase classname="tests.test_p4_runtime_enforcement.TestRuntimeIntegration" name="test_push_loop_emits_on_success" time="0.004" /><testcase classname="tests.test_p4_runtime_enforcement.TestRuntimeIntegration" name="test_auto_heal_produces_evidence_trail" time="0.003" /><testcase classname="tests.test_p4_runtime_enforcement.TestRuntimeIntegration" name="test_heal_skips_unknown_drift_types" time="0.002" /><testcase classname="tests.test_p4_runtime_enforcement.TestRuntimeIntegration" name="test_push_metrics_provider_latency_in_dict" time="0.000" /><testcase classname="tests.test_p3_delta_debounce.TestMultiRateChangesInWindow" name="test_5_rapid_rate_changes_last_wins" time="0.000" /><testcase classname="tests.test_p3_delta_debounce.TestMultiRateChangesInWindow" name="test_10_rate_oscillations_final_value" time="0.000" /><testcase classname="tests.test_p3_delta_debounce.TestMultiRateChangesInWindow" name="test_rate_change_compiled_to_exely" time="0.000" /><testcase classname="tests.test_p3_delta_debounce.TestMultiRateChangesInWindow" name="test_rate_change_compiled_to_hotelrunner" time="0.000" /><testcase classname="tests.test_p3_delta_debounce.TestSimultaneousAvailAndRestriction" name="test_avail_and_restriction_separate_keys" time="0.000" /><testcase classname="tests.test_p3_delta_debounce.TestSimultaneousAvailAndRestriction" name="test_avail_and_restriction_parallel_coalesce" time="0.000" /><testcase classname="tests.test_p3_delta_debounce.TestSimultaneousAvailAndRestriction" name="test_avail_and_restriction_compile_correctly" time="0.000" /><testcase classname="tests.test_p3_delta_debounce.TestSimultaneousAvailAndRestriction" name="test_avail_restr_rate_triple_burst" time="0.000" /><testcase classname="tests.test_p3_delta_debounce.TestCloseOpenClosePattern" name="test_close_open_close_restriction" time="0.000" /><testcase classname="tests.test_p3_delta_debounce.TestCloseOpenClosePattern" name="test_open_close_open_close" time="0.000" /><testcase classname="tests.test_p3_delta_debounce.TestCloseOpenClosePattern" name="test_close_stays_even_with_more_opens" time="0.000" /><testcase classname="tests.test_p3_delta_debounce.TestCloseOpenClosePattern" name="test_close_open_close_compiles_to_exely" time="0.000" /><testcase classname="tests.test_p3_delta_debounce.TestCloseOpenClosePattern" name="test_close_open_close_compiles_to_hotelrunner" time="0.000" /><testcase classname="tests.test_p3_delta_debounce.TestCloseOpenClosePattern" name="test_cta_ctd_toggle_pattern" time="0.000" /><testcase classname="tests.test_p3_delta_debounce.TestCloseOpenClosePattern" name="test_mixed_restriction_fields_close_open_close" time="0.000" /><testcase classname="tests.test_p3_delta_debounce.TestIntermediateStateLoss" name="test_avail_10_5_0_only_final_survives" time="0.000" /><testcase classname="tests.test_p3_delta_debounce.TestIntermediateStateLoss" name="test_rate_100_200_150_only_150" time="0.000" /><testcase classname="tests.test_p3_delta_debounce.TestIntermediateStateLoss" name="test_no_intermediate_hash_leak" time="0.000" /><testcase classname="tests.test_p3_delta_debounce.TestOutboundIdempotency" name="test_identical_payloads_same_hash" time="0.000" /><testcase classname="tests.test_p3_delta_debounce.TestOutboundIdempotency" name="test_key_order_irrelevant" time="0.000" /><testcase classname="tests.test_p3_delta_debounce.TestOutboundIdempotency" name="test_different_value_different_hash" time="0.000" /><testcase classname="tests.test_p3_delta_debounce.TestOutboundIdempotency" name="test_same_payload_different_date_range" time="0.000" /><testcase classname="tests.test_p3_delta_debounce.TestOutboundIdempotency" name="test_change_set_hash_matches_after_coalescing" time="0.000" /><testcase classname="tests.test_p3_delta_debounce.TestOutboundIdempotency" name="test_re_coalesce_same_events_same_hash" time="0.000" /><testcase classname="tests.test_p3_delta_debounce.TestBurstFinalPayload" name="test_20_event_avail_burst_final" time="0.000" /><testcase classname="tests.test_p3_delta_debounce.TestBurstFinalPayload" name="test_burst_with_stop_sell_final" time="0.000" /><testcase classname="tests.test_p3_delta_debounce.TestBurstFinalPayload" name="test_burst_rate_dual_provider_final_matches" time="0.000" /><testcase classname="tests.test_p3_delta_debounce.TestBurstFinalPayload" name="test_restriction_burst_final_state" time="0.000" /><testcase classname="tests.test_p3_delta_debounce.TestDeltaOnlyPush" name="test_avail_only_has_booking_limit" time="0.000" /><testcase classname="tests.test_p3_delta_debounce.TestDeltaOnlyPush" name="test_rate_only_has_amount" time="0.000" /><testcase classname="tests.test_p3_delta_debounce.TestDeltaOnlyPush" name="test_restriction_only_has_restriction_fields" time="0.000" /><testcase classname="tests.test_p3_delta_debounce.TestDeltaOnlyPush" name="test_hr_avail_delta_clean" time="0.000" /><testcase classname="tests.test_p3_delta_debounce.TestCrossRoomIsolation" name="test_different_rooms_different_keys" time="0.000" /><testcase classname="tests.test_p3_delta_debounce.TestCrossRoomIsolation" name="test_room_a_change_doesnt_affect_room_b" time="0.000" /><testcase classname="tests.test_p3_delta_debounce.TestCrossRoomIsolation" name="test_room_change_hash_isolation" time="0.000" /><testcase classname="tests.test_p3_delta_debounce.TestRatePlanScoping" name="test_bar_and_nr_separate_keys" time="0.000" /><testcase classname="tests.test_p3_delta_debounce.TestRatePlanScoping" name="test_rate_plan_changes_isolated" time="0.000" /><testcase classname="tests.test_p3_delta_debounce.TestDebounceWindowConfig" name="test_availability_window" time="0.000" /><testcase classname="tests.test_p3_delta_debounce.TestDebounceWindowConfig" name="test_rate_window" time="0.000" /><testcase classname="tests.test_p3_delta_debounce.TestDebounceWindowConfig" name="test_restriction_window" time="0.000" /><testcase classname="tests.test_p3_delta_debounce.TestDebounceWindowConfig" name="test_rate_window_longer_than_avail" time="0.000" /><testcase classname="tests.test_p3_delta_debounce.TestEndToEndPipeline" name="test_avail_e2e_exely" time="0.000" /><testcase classname="tests.test_p3_delta_debounce.TestEndToEndPipeline" name="test_rate_e2e_hotelrunner" time="0.000" /><testcase classname="tests.test_p3_delta_debounce.TestEndToEndPipeline" name="test_restriction_e2e_dual_provider" time="0.000" /><testcase classname="tests.test_p3_delta_debounce.TestEndToEndPipeline" name="test_e2e_hash_determinism" time="0.000" /><testcase classname="tests.test_p3_delta_debounce.TestConcurrentTripleScopeBurst" name="test_triple_scope_isolation" time="0.000" /><testcase classname="tests.test_p3_delta_debounce.TestConcurrentTripleScopeBurst" name="test_triple_scope_different_hashes" time="0.000" /><testcase classname="tests.test_p3_delta_debounce.TestMultiDayDeltaCompilation" name="test_7_day_range_single_delta" time="0.000" /><testcase classname="tests.test_p3_delta_debounce.TestMultiDayDeltaCompilation" name="test_merged_consecutive_days_produce_range" time="0.000" /><testcase classname="tests.test_p3_delta_debounce.TestMultiDayDeltaCompilation" name="test_weekend_vs_weekday_split" time="0.000" /><testcase classname="tests.test_p3_provider_simulation.TestRateLimit429" name="test_429_classified_as_rate_limited" time="0.000" /><testcase classname="tests.test_p3_provider_simulation.TestRateLimit429" name="test_429_always_retryable" time="0.000" /><testcase classname="tests.test_p3_provider_simulation.TestRateLimit429" name="test_429_ack_processing" time="0.002" /><testcase classname="tests.test_p3_provider_simulation.TestRateLimit429" name="test_rate_limiter_token_drain_on_429" time="0.000" /><testcase classname="tests.test_p3_provider_simulation.TestRateLimit429" name="test_token_bucket_try_consume_fails_when_empty" time="0.000" /><testcase classname="tests.test_p3_provider_simulation.TestRateLimit429" name="test_token_bucket_refills_over_time" time="0.000" /><testcase classname="tests.test_p3_provider_simulation.TestTimeout" name="test_timeout_classified_retryable" time="0.000" /><testcase classname="tests.test_p3_provider_simulation.TestTimeout" name="test_timeout_capability_matrix" time="0.000" /><testcase classname="tests.test_p3_provider_simulation.TestTimeout" name="test_timeout_retry_allowed" time="0.000" /><testcase classname="tests.test_p3_provider_simulation.TestTimeout" name="test_timeout_exponential_backoff" time="0.000" /><testcase classname="tests.test_p3_provider_simulation.TestTimeout" name="test_timeout_ack_processing" time="0.002" /><testcase classname="tests.test_p3_provider_simulation.TestIntermittent200500" name="test_500_classified_retryable" time="0.000" /><testcase classname="tests.test_p3_provider_simulation.TestIntermittent200500" name="test_200_after_500_succeeds" time="0.000" /><testcase classname="tests.test_p3_provider_simulation.TestIntermittent200500" name="test_500_then_200_sequence" time="0.003" /><testcase classname="tests.test_p3_provider_simulation.TestIntermittent200500" name="test_intermittent_error_in_capability_matrix" time="0.000" /><testcase classname="tests.test_p3_provider_simulation.TestDelayedAck" name="test_exely_ack_not_applied" time="0.000" /><testcase classname="tests.test_p3_provider_simulation.TestDelayedAck" name="test_hotelrunner_ack_not_applied" time="0.000" /><testcase classname="tests.test_p3_provider_simulation.TestDelayedAck" name="test_consistency_window_exely" time="0.000" /><testcase classname="tests.test_p3_provider_simulation.TestDelayedAck" name="test_consistency_window_hotelrunner" time="0.000" /><testcase classname="tests.test_p3_provider_simulation.TestDelayedAck" name="test_typical_ack_latency" time="0.000" /><testcase classname="tests.test_p3_provider_simulation.TestAckButNoApply" name="test_ack_marks_status_acked" time="0.002" /><testcase classname="tests.test_p3_provider_simulation.TestAckButNoApply" name="test_ack_means_applied_false_for_all_providers" time="0.000" /><testcase classname="tests.test_p3_provider_simulation.TestLateVerify" name="test_consistency_window_exists" time="0.000" /><testcase classname="tests.test_p3_provider_simulation.TestLateVerify" name="test_exely_window_longer_than_hr" time="0.000" /><testcase classname="tests.test_p3_provider_simulation.TestPermanentFailures" name="test_permanent_http_codes[400]" time="0.000" /><testcase classname="tests.test_p3_provider_simulation.TestPermanentFailures" name="test_permanent_http_codes[401]" time="0.000" /><testcase classname="tests.test_p3_provider_simulation.TestPermanentFailures" name="test_permanent_http_codes[403]" time="0.000" /><testcase classname="tests.test_p3_provider_simulation.TestPermanentFailures" name="test_permanent_http_codes[404]" time="0.000" /><testcase classname="tests.test_p3_provider_simulation.TestPermanentFailures" name="test_permanent_http_codes[422]" time="0.000" /><testcase classname="tests.test_p3_provider_simulation.TestPermanentFailures" name="test_permanent_no_retry" time="0.000" /><testcase classname="tests.test_p3_provider_simulation.TestPermanentFailures" name="test_permanent_failure_ack" time="0.002" /><testcase classname="tests.test_p3_provider_simulation.TestPermanentFailures" name="test_config_errors_in_capability_matrix" time="0.000" /><testcase classname="tests.test_p3_provider_simulation.TestPermanentFailures" name="test_business_rejection_not_retryable" time="0.000" /><testcase classname="tests.test_p3_provider_simulation.TestConnectionErrors" name="test_connection_error_retryable" time="0.000" /><testcase classname="tests.test_p3_provider_simulation.TestConnectionErrors" name="test_connection_reset_in_capability" time="0.000" /><testcase classname="tests.test_p3_provider_simulation.TestConnectionErrors" name="test_connection_error_ack" time="0.002" /><testcase classname="tests.test_p3_provider_simulation.TestRetryExhaustion" name="test_max_retry_attempts_defined" time="0.000" /><testcase classname="tests.test_p3_provider_simulation.TestRetryExhaustion" name="test_should_retry_at_max" time="0.000" /><testcase classname="tests.test_p3_provider_simulation.TestRetryExhaustion" name="test_should_retry_below_max" time="0.000" /><testcase classname="tests.test_p3_provider_simulation.TestRetryExhaustion" name="test_exhausted_retry_becomes_permanent" time="0.002" /><testcase classname="tests.test_p3_provider_simulation.TestRetryExhaustion" name="test_retry_delay_increases" time="0.000" /><testcase classname="tests.test_p3_provider_simulation.TestRetryExhaustion" name="test_capability_retry_exhaustion_exely" time="0.000" /><testcase classname="tests.test_p3_provider_simulation.TestRetryExhaustion" name="test_capability_retry_exhaustion_hotelrunner" time="0.000" /><testcase classname="tests.test_p3_provider_simulation.TestErrorClassificationAccuracy" name="test_has_error_classification[exely]" time="0.000" /><testcase classname="tests.test_p3_provider_simulation.TestErrorClassificationAccuracy" name="test_has_error_classification[hotelrunner]" time="0.000" /><testcase classname="tests.test_p3_provider_simulation.TestErrorClassificationAccuracy" name="test_has_retry_policy[exely]" time="0.000" /><testcase classname="tests.test_p3_provider_simulation.TestErrorClassificationAccuracy" name="test_has_retry_policy[hotelrunner]" time="0.000" /><testcase classname="tests.test_p3_provider_simulation.TestErrorClassificationAccuracy" name="test_has_rate_limits[exely]" time="0.000" /><testcase classname="tests.test_p3_provider_simulation.TestErrorClassificationAccuracy" name="test_has_rate_limits[hotelrunner]" time="0.000" /><testcase classname="tests.test_p3_provider_simulation.TestErrorClassificationAccuracy" name="test_exely_exponential_backoff" time="0.000" /><testcase classname="tests.test_p3_provider_simulation.TestErrorClassificationAccuracy" name="test_hotelrunner_exponential_backoff" time="0.000" /><testcase classname="tests.test_p3_provider_simulation.TestErrorClassificationAccuracy" name="test_max_delay_capped_exely" time="0.000" /><testcase classname="tests.test_p3_provider_simulation.TestErrorClassificationAccuracy" name="test_max_delay_capped_hotelrunner" time="0.000" /><testcase classname="tests.test_p3_provider_simulation.TestErrorClassificationAccuracy" name="test_unknown_error_defaults_retryable" time="0.000" /><testcase classname="tests.test_p3_provider_simulation.TestRateLimiterService" name="test_fresh_bucket_allows_requests" time="0.000" /><testcase classname="tests.test_p3_provider_simulation.TestRateLimiterService" name="test_depleted_bucket_rejects" time="0.000" /><testcase classname="tests.test_p3_provider_simulation.TestRateLimiterService" name="test_bucket_capacity_limit" time="0.000" /><testcase classname="tests.test_p3_provider_simulation.TestRateLimiterService" name="test_rate_limiter_daily_limit" time="0.000" /><testcase classname="tests.test_p3_provider_simulation.TestRateLimiterService" name="test_rate_limiter_stats" time="0.000" /><testcase classname="tests.test_p3_provider_simulation.TestRateLimiterService" name="test_provider_rate_limits_defined" time="0.000" /><testcase classname="tests.test_p3_provider_simulation.TestOutboundLogAudit" name="test_success_logged" time="0.002" /><testcase classname="tests.test_p3_provider_simulation.TestOutboundLogAudit" name="test_failure_logged" time="0.002" /><testcase classname="tests.test_p3_provider_simulation.TestOutboundLogAudit" name="test_log_contains_duration" time="0.002" /><testcase classname="tests.test_p2_ari_stress.TestMassInventoryUpdate" name="test_30_day_availability_update" time="0.001" /><testcase classname="tests.test_p2_ari_stress.TestMassInventoryUpdate" name="test_mixed_availability_values" time="0.000" /><testcase classname="tests.test_p2_ari_stress.TestMassInventoryUpdate" name="test_stop_sell_bulk" time="0.000" /><testcase classname="tests.test_p2_ari_stress.TestRateBurst" name="test_last_rate_wins" time="0.000" /><testcase classname="tests.test_p2_ari_stress.TestRateBurst" name="test_multi_room_rate_burst" time="0.000" /><testcase classname="tests.test_p2_ari_stress.TestMixedUpdates" name="test_availability_and_rate_separate_scopes" time="0.000" /><testcase classname="tests.test_p2_ari_stress.TestRestrictionPrecedence" name="test_stop_sell_close_wins" time="0.000" /><testcase classname="tests.test_p2_ari_stress.TestRestrictionPrecedence" name="test_min_los_latest_wins" time="0.000" /><testcase classname="tests.test_p2_ari_stress.TestRestrictionPrecedence" name="test_cta_ctd_mixed" time="0.000" /><testcase classname="tests.test_p2_ari_stress.TestRestrictionPrecedence" name="test_restriction_coalesce" time="0.000" /><testcase classname="tests.test_p2_ari_stress.TestDeltaCompilation" name="test_exely_availability_delta" time="0.000" /><testcase classname="tests.test_p2_ari_stress.TestDeltaCompilation" name="test_exely_rate_delta" time="0.000" /><testcase classname="tests.test_p2_ari_stress.TestDeltaCompilation" name="test_exely_restriction_delta" time="0.000" /><testcase classname="tests.test_p2_ari_stress.TestDeltaCompilation" name="test_hotelrunner_availability_delta" time="0.000" /><testcase classname="tests.test_p2_ari_stress.TestDeltaCompilation" name="test_hotelrunner_rate_delta" time="0.000" /><testcase classname="tests.test_p2_ari_stress.TestDeltaCompilation" name="test_hotelrunner_restriction_delta" time="0.000" /><testcase classname="tests.test_p2_ari_stress.TestDeltaCompilation" name="test_compile_delta_unknown_provider_raises" time="0.000" /><testcase classname="tests.test_p2_ari_stress.TestDeltaCompilation" name="test_multi_provider_compilation" time="0.000" /><testcase classname="tests.test_p2_ari_stress.TestBufferCoalescingKey" name="test_key_deterministic" time="0.000" /><testcase classname="tests.test_p2_ari_stress.TestBufferCoalescingKey" name="test_key_differs_by_room" time="0.000" /><testcase classname="tests.test_p2_ari_stress.TestBufferCoalescingKey" name="test_key_differs_by_type" time="0.000" /><testcase classname="tests.test_p2_ari_stress.TestBufferCoalescingKey" name="test_key_differs_by_date" time="0.000" /><testcase classname="tests.test_p2_ari_stress.TestBufferCoalescingKey" name="test_key_includes_rate_plan" time="0.000" /><testcase classname="tests.test_p2_ari_stress.TestDateRangeMerging" name="test_consecutive_dates_merge" time="0.000" /><testcase classname="tests.test_p2_ari_stress.TestDateRangeMerging" name="test_non_consecutive_no_merge" time="0.000" /><testcase classname="tests.test_p2_ari_stress.TestDateRangeMerging" name="test_different_payload_no_merge" time="0.000" /><testcase classname="tests.test_p2_ari_stress.TestDateRangeMerging" name="test_empty_events" time="0.000" /><testcase classname="tests.test_p2_ari_stress.TestProviderErrorHandling" name="test_429_is_retryable" time="0.000" /><testcase classname="tests.test_p2_ari_stress.TestProviderErrorHandling" name="test_timeout_is_retryable" time="0.000" /><testcase classname="tests.test_p2_ari_stress.TestProviderErrorHandling" name="test_auth_is_config_error" time="0.000" /><testcase classname="tests.test_p2_ari_stress.TestProviderErrorHandling" name="test_business_rejection_not_retryable" time="0.000" /><testcase classname="tests.test_p2_ari_stress.TestProviderErrorHandling" name="test_retry_exhaustion" time="0.000" /><testcase classname="tests.test_p2_ari_stress.TestProviderErrorHandling" name="test_exponential_backoff_increasing" time="0.000" /><testcase classname="tests.test_p2_ari_stress.TestProviderErrorHandling" name="test_max_delay_capped" time="0.000" /><testcase classname="tests.test_p2_ari_stress.TestProviderErrorHandling" name="test_rate_limit_config_exists[exely]" time="0.000" /><testcase classname="tests.test_p2_ari_stress.TestProviderErrorHandling" name="test_rate_limit_config_exists[hotelrunner]" time="0.000" /><testcase classname="tests.test_p2_ari_stress.TestOutboundDeltaHash" name="test_same_input_same_hash" time="0.000" /><testcase classname="tests.test_p2_ari_stress.TestOutboundDeltaHash" name="test_different_payload_different_hash" time="0.000" /><testcase classname="tests.test_p2_ari_stress.TestOutboundDeltaHash" name="test_different_provider_different_hash" time="0.000" /><testcase classname="tests.test_p2_ari_stress.TestMultiProviderCoalescing" name="test_dual_provider_output" time="0.000" /><testcase classname="tests.test_p2_ari_stress.TestMultiProviderCoalescing" name="test_three_events_dual_provider" time="0.000" /><testcase classname="tests.test_p2_replay.TestBasicReplay" name="test_new_reservation_replay_deterministic" time="0.000" /><testcase classname="tests.test_p2_replay.TestBasicReplay" name="test_update_replay_deterministic" time="0.000" /><testcase classname="tests.test_p2_replay.TestBasicReplay" name="test_cancellation_replay_deterministic" time="0.000" /><testcase classname="tests.test_p2_replay.TestSequenceReplay" name="test_create_update_cancel_sequence" time="0.000" /><testcase classname="tests.test_p2_replay.TestSequenceReplay" name="test_multiple_updates_replay" time="0.000" /><testcase classname="tests.test_p2_replay.TestMutationReplay" name="test_date_change_deterministic" time="0.000" /><testcase classname="tests.test_p2_replay.TestMutationReplay" name="test_room_change_deterministic" time="0.000" /><testcase classname="tests.test_p2_replay.TestMutationReplay" name="test_rate_change_deterministic" time="0.000" /><testcase classname="tests.test_p2_replay.TestMutationReplay" name="test_cancellation_deterministic" time="0.000" /><testcase classname="tests.test_p2_replay.TestMutationReplay" name="test_reinstatement_deterministic" time="0.000" /><testcase classname="tests.test_p2_replay.TestNormalizerReplay" name="test_hotelrunner_normalize_deterministic" time="0.000" /><testcase classname="tests.test_p2_replay.TestNormalizerReplay" name="test_exely_normalize_deterministic" time="0.000" /><testcase classname="tests.test_p2_replay.TestNormalizerReplay" name="test_hash_stability_across_provider" time="0.000" /><testcase classname="tests.test_p2_replay.TestStateTransitionReplay" name="test_transition_deterministic[pending-confirmed-True]" time="0.000" /><testcase classname="tests.test_p2_replay.TestStateTransitionReplay" name="test_transition_deterministic[confirmed-cancelled-True]" time="0.000" /><testcase classname="tests.test_p2_replay.TestStateTransitionReplay" name="test_transition_deterministic[cancelled-confirmed-True]" time="0.000" /><testcase classname="tests.test_p2_replay.TestStateTransitionReplay" name="test_transition_deterministic[checked_out-confirmed-False]" time="0.000" /><testcase classname="tests.test_p2_replay.TestStateTransitionReplay" name="test_transition_deterministic[no_show-confirmed-False]" time="0.000" /><testcase classname="tests.test_p2_replay.TestStateTransitionReplay" name="test_transition_deterministic[confirmed-checked_in-True]" time="0.000" /><testcase classname="tests.test_p2_replay.TestStateTransitionReplay" name="test_transition_deterministic[checked_in-checked_out-True]" time="0.000" /><testcase classname="tests.test_p2_replay.TestStateTransitionReplay" name="test_full_lifecycle_replay" time="0.000" /><testcase classname="tests.test_p2_replay.TestZeroSideEffects" name="test_skip_produces_no_mutation" time="0.000" /><testcase classname="tests.test_p2_replay.TestZeroSideEffects" name="test_mapping_failure_consistent" time="0.000" /><testcase classname="tests.test_p2_replay.TestZeroSideEffects" name="test_anomaly_detection_consistent" time="0.000" /><testcase classname="tests.test_p2_duplicate_storm.TestIdenticalEventStorm" name="test_identical_event_storm[5]" time="0.000" /><testcase classname="tests.test_p2_duplicate_storm.TestIdenticalEventStorm" name="test_identical_event_storm[10]" time="0.000" /><testcase classname="tests.test_p2_duplicate_storm.TestIdenticalEventStorm" name="test_identical_event_storm[20]" time="0.000" /><testcase classname="tests.test_p2_duplicate_storm.TestIdenticalEventStorm" name="test_identical_storm_final_state_stable" time="0.000" /><testcase classname="tests.test_p2_duplicate_storm.TestIdenticalEventStorm" name="test_identical_storm_single_mutation" time="0.000" /><testcase classname="tests.test_p2_duplicate_storm.TestModificationStorm" name="test_rapid_price_changes" time="0.000" /><testcase classname="tests.test_p2_duplicate_storm.TestModificationStorm" name="test_alternating_updates_and_duplicates" time="0.000" /><testcase classname="tests.test_p2_duplicate_storm.TestModificationStorm" name="test_stale_events_in_storm" time="0.000" /><testcase classname="tests.test_p2_duplicate_storm.TestCancellationStorm" name="test_multiple_cancellations_final_state" time="0.000" /><testcase classname="tests.test_p2_duplicate_storm.TestCancellationStorm" name="test_cancel_storm_idempotent_state" time="0.000" /><testcase classname="tests.test_p2_duplicate_storm.TestMixedStorm" name="test_full_lifecycle_with_duplicates" time="0.000" /><testcase classname="tests.test_p2_duplicate_storm.TestMixedStorm" name="test_storm_preserves_decision_version" time="0.000" /><testcase classname="tests.test_p2_duplicate_storm.TestCrossProviderIsolation" name="test_provider_isolation_on_storm" time="0.000" /><testcase classname="tests.test_p2_duplicate_storm.TestHashResilience" name="test_one_cent_difference_detected" time="0.000" /><testcase classname="tests.test_p2_duplicate_storm.TestHashResilience" name="test_whitespace_in_guest_name_not_different" time="0.000" /><testcase classname="tests.test_p2_duplicate_storm.TestHashResilience" name="test_email_case_produces_different_hash" time="0.000" /><testcase classname="tests.test_core_lockdown.TestDecisionEngine" name="test_new_reservation_creates" time="0.000" /><testcase classname="tests.test_core_lockdown.TestDecisionEngine" name="test_duplicate_payload_skip" time="0.000" /><testcase classname="tests.test_core_lockdown.TestDecisionEngine" name="test_stale_version_skip" time="0.000" /><testcase classname="tests.test_core_lockdown.TestDecisionEngine" name="test_cancellation_always_wins" time="0.000" /><testcase classname="tests.test_core_lockdown.TestDecisionEngine" name="test_cancellation_without_existing" time="0.000" /><testcase classname="tests.test_core_lockdown.TestDecisionEngine" name="test_unmapped_room_hard_fail" time="0.000" /><testcase classname="tests.test_core_lockdown.TestDecisionEngine" name="test_inactive_room_mapping_hard_fail" time="0.000" /><testcase classname="tests.test_core_lockdown.TestDecisionEngine" name="test_unmapped_rate_plan_hard_fail" time="0.000" /><testcase classname="tests.test_core_lockdown.TestDecisionEngine" name="test_amount_anomaly_manual_review" time="0.000" /><testcase classname="tests.test_core_lockdown.TestDecisionEngine" name="test_normal_update" time="0.000" /><testcase classname="tests.test_core_lockdown.TestMutationDetection" name="test_new_booking" time="0.000" /><testcase classname="tests.test_core_lockdown.TestMutationDetection" name="test_cancellation" time="0.000" /><testcase classname="tests.test_core_lockdown.TestMutationDetection" name="test_reinstatement" time="0.000" /><testcase classname="tests.test_core_lockdown.TestMutationDetection" name="test_date_change" time="0.000" /><testcase classname="tests.test_core_lockdown.TestMutationDetection" name="test_room_type_change" time="0.000" /><testcase classname="tests.test_core_lockdown.TestMutationDetection" name="test_rate_change" time="0.000" /><testcase classname="tests.test_core_lockdown.TestMutationDetection" name="test_guest_detail_change" time="0.000" /><testcase classname="tests.test_core_lockdown.TestMutationDetection" name="test_partial_modification" time="0.000" /><testcase classname="tests.test_core_lockdown.TestStateTransitions" name="test_pending_to_confirmed" time="0.000" /><testcase classname="tests.test_core_lockdown.TestStateTransitions" name="test_confirmed_to_checked_in" time="0.000" /><testcase classname="tests.test_core_lockdown.TestStateTransitions" name="test_confirmed_to_cancelled" time="0.000" /><testcase classname="tests.test_core_lockdown.TestStateTransitions" name="test_confirmed_to_no_show" time="0.000" /><testcase classname="tests.test_core_lockdown.TestStateTransitions" name="test_checked_in_to_checked_out" time="0.000" /><testcase classname="tests.test_core_lockdown.TestStateTransitions" name="test_cancelled_to_confirmed_reinstatement" time="0.000" /><testcase classname="tests.test_core_lockdown.TestStateTransitions" name="test_invalid_checked_out_to_confirmed" time="0.000" /><testcase classname="tests.test_core_lockdown.TestStateTransitions" name="test_invalid_no_show_to_any" time="0.000" /><testcase classname="tests.test_core_lockdown.TestStateTransitions" name="test_invalid_pending_to_checked_in" time="0.000" /><testcase classname="tests.test_core_lockdown.TestProviderCapability" name="test_exely_exists" time="0.000" /><testcase classname="tests.test_core_lockdown.TestProviderCapability" name="test_hotelrunner_exists" time="0.000" /><testcase classname="tests.test_core_lockdown.TestProviderCapability" name="test_unknown_provider_raises" time="0.000" /><testcase classname="tests.test_core_lockdown.TestProviderCapability" name="test_exely_error_classification" time="0.000" /><testcase classname="tests.test_core_lockdown.TestProviderCapability" name="test_should_retry_retryable" time="0.000" /><testcase classname="tests.test_core_lockdown.TestProviderCapability" name="test_should_not_retry_config_error" time="0.000" /><testcase classname="tests.test_core_lockdown.TestProviderCapability" name="test_retry_delay_exponential" time="0.000" /><testcase classname="tests.test_core_lockdown.TestProviderCapability" name="test_exely_ack_not_applied" time="0.000" /><testcase classname="tests.test_core_lockdown.TestReconciliationTruth" name="test_missing_locally_manual_review" time="0.000" /><testcase classname="tests.test_core_lockdown.TestReconciliationTruth" name="test_stale_locally_auto_heal" time="0.000" /><testcase classname="tests.test_core_lockdown.TestReconciliationTruth" name="test_financial_mismatch_manual_review" time="0.000" /><testcase classname="tests.test_core_lockdown.TestReconciliationTruth" name="test_can_auto_heal_stale" time="0.000" /><testcase classname="tests.test_core_lockdown.TestReconciliationTruth" name="test_cannot_auto_heal_missing" time="0.000" /><testcase classname="tests.test_core_lockdown.TestReconciliationTruth" name="test_truth_table_summary_serializable" time="0.000" /><testcase classname="tests.test_core_lockdown.TestMappingValidator" name="test_unmapped_room_fails" time="0.000" /><testcase classname="tests.test_core_lockdown.TestMappingValidator" name="test_inactive_room_fails" time="0.000" /><testcase classname="tests.test_core_lockdown.TestMappingValidator" name="test_valid_room_passes" time="0.000" /><testcase classname="tests.test_core_lockdown.TestMappingValidator" name="test_unmapped_rate_plan_fails" time="0.000" /><testcase classname="tests.test_core_lockdown.TestMappingValidator" name="test_deleted_room_fails" time="0.000" /><testcase classname="tests.test_core_lockdown.TestMappingHealth" name="test_empty_mappings" time="0.001" /><testcase classname="tests.test_core_lockdown.TestMappingHealth" name="test_full_healthy_mappings" time="0.001" /></testsuite></testsuites>