<?xml version="1.0" encoding="utf-8"?><testsuites name="pytest tests"><testsuite name="pytest" errors="0" failures="2" skipped="0" tests="9" time="125.618" timestamp="2026-04-03T15:54:59.080769+00:00" hostname="agent-env-5d68ebc7-845e-4ec8-9b0a-46158e830d69"><testcase classname="tests.test_hr_push_queue.TestHRPushQueueAPI" name="test_queue_status_endpoint_returns_statistics" time="3.199" /><testcase classname="tests.test_hr_push_queue.TestHRPushQueueAPI" name="test_queue_status_contains_pending_items_list" time="0.222" /><testcase classname="tests.test_hr_push_queue.TestHRPushQueueAPI" name="test_queue_retry_endpoint_triggers_processing" time="0.618" /><testcase classname="tests.test_hr_push_queue.TestHRPushQueueAPI" name="test_queue_clear_endpoint_removes_completed_items" time="0.193" /><testcase classname="tests.test_hr_push_queue.TestHRPushQueueAPI" name="test_queue_cancel_with_invalid_id_returns_404" time="0.167" /><testcase classname="tests.test_hr_push_queue.TestHRPushQueueAPI" name="test_queue_cancel_with_valid_pending_item" time="0.299" /><testcase classname="tests.test_hr_push_queue.TestHRPushQueueAPI" name="test_bulk_grid_update_returns_queued_count_field" time="60.211"><failure message="AssertionError: Expected 200, got 502: The preview environment is not responding. It may be starting up.&#10;  &#10;assert 502 == 200&#10; +  where 502 = &lt;Response [502]&gt;.status_code">tests/test_hr_push_queue.py:201: in test_bulk_grid_update_returns_queued_count_field
    assert response.status_code == 200, f"Expected 200, got {response.status_code}: {response.text}"
E   AssertionError: Expected 200, got 502: The preview environment is not responding. It may be starting up.
E     
E   assert 502 == 200
E    +  where 502 = &lt;Response [502]&gt;.status_code</failure></testcase><testcase classname="tests.test_hr_push_queue.TestHRPushQueueWorkerStartup" name="test_queue_status_accessible_indicates_worker_initialized" time="0.323" /><testcase classname="tests.test_hr_push_queue.TestHRPushQueueIntegration" name="test_queue_status_after_rate_limited_push" time="60.308"><failure message="assert 502 == 200&#10; +  where 502 = &lt;Response [502]&gt;.status_code">tests/test_hr_push_queue.py:312: in test_queue_status_after_rate_limited_push
    assert update_response.status_code == 200
E   assert 502 == 200
E    +  where 502 = &lt;Response [502]&gt;.status_code</failure></testcase></testsuite></testsuites>