<?xml version="1.0" encoding="utf-8"?><testsuites name="pytest tests"><testsuite name="pytest" errors="0" failures="0" skipped="0" tests="40" time="4.727" timestamp="2026-03-12T08:50:15.647979+00:00" hostname="agent-env-587f3955-6491-486f-b980-4a8aed5c1e19"><testcase classname="tests.test_production_golive_new_features.TestProviderTestConnection" name="test_providers_status_with_test_results" time="0.300" /><testcase classname="tests.test_production_golive_new_features.TestProviderTestConnection" name="test_individual_provider_test[twilio_sms]" time="0.112" /><testcase classname="tests.test_production_golive_new_features.TestProviderTestConnection" name="test_individual_provider_test[sendgrid_email]" time="0.108" /><testcase classname="tests.test_production_golive_new_features.TestProviderTestConnection" name="test_individual_provider_test[whatsapp]" time="0.117" /><testcase classname="tests.test_production_golive_new_features.TestProviderTestConnection" name="test_individual_provider_test[redis]" time="0.106" /><testcase classname="tests.test_production_golive_new_features.TestProviderTestConnection" name="test_individual_provider_test[sentry]" time="0.109" /><testcase classname="tests.test_production_golive_new_features.TestProviderTestConnection" name="test_individual_provider_test[otel]" time="0.110" /><testcase classname="tests.test_production_golive_new_features.TestProviderTestConnection" name="test_test_all_providers" time="0.107" /><testcase classname="tests.test_production_golive_new_features.TestProviderTestConnection" name="test_provider_test_audit" time="0.119" /><testcase classname="tests.test_production_golive_new_features.TestConfigActivationWorkflow" name="test_config_activation_validate" time="0.118" /><testcase classname="tests.test_production_golive_new_features.TestConfigActivationWorkflow" name="test_config_activation_boot_check" time="0.116" /><testcase classname="tests.test_production_golive_new_features.TestConfigActivationWorkflow" name="test_config_activation_category[database]" time="0.103" /><testcase classname="tests.test_production_golive_new_features.TestConfigActivationWorkflow" name="test_config_activation_category[messaging]" time="0.108" /><testcase classname="tests.test_production_golive_new_features.TestConfigActivationWorkflow" name="test_config_activation_category[observability]" time="0.107" /><testcase classname="tests.test_production_golive_new_features.TestPreLaunchValidationSuite" name="test_prelaunch_validation_run" time="0.119" /><testcase classname="tests.test_production_golive_new_features.TestPreLaunchValidationSuite" name="test_prelaunch_validation_history" time="0.105" /><testcase classname="tests.test_production_golive_new_features.TestPreLaunchValidationSuite" name="test_prelaunch_validation_latest" time="0.109" /><testcase classname="tests.test_production_golive_new_features.TestLiveOpsAlerts" name="test_alerts_summary" time="0.108" /><testcase classname="tests.test_production_golive_new_features.TestLiveOpsAlerts" name="test_alerts_definitions" time="0.109" /><testcase classname="tests.test_production_golive_new_features.TestLiveOpsAlerts" name="test_alerts_history" time="0.113" /><testcase classname="tests.test_production_golive_new_features.TestLiveOpsAlerts" name="test_alerts_delivery_log" time="0.107" /><testcase classname="tests.test_production_golive_new_features.TestGoLiveSummary" name="test_golive_summary_all_subsystems" time="0.155" /><testcase classname="tests.test_production_golive_new_features.TestAuthRequiredNewEndpoints" name="test_endpoints_require_auth[/api/production-golive/providers/twilio_sms/test-POST]" time="0.103" /><testcase classname="tests.test_production_golive_new_features.TestAuthRequiredNewEndpoints" name="test_endpoints_require_auth[/api/production-golive/providers/sendgrid_email/test-POST]" time="0.104" /><testcase classname="tests.test_production_golive_new_features.TestAuthRequiredNewEndpoints" name="test_endpoints_require_auth[/api/production-golive/providers/whatsapp/test-POST]" time="0.105" /><testcase classname="tests.test_production_golive_new_features.TestAuthRequiredNewEndpoints" name="test_endpoints_require_auth[/api/production-golive/providers/redis/test-POST]" time="0.117" /><testcase classname="tests.test_production_golive_new_features.TestAuthRequiredNewEndpoints" name="test_endpoints_require_auth[/api/production-golive/providers/sentry/test-POST]" time="0.116" /><testcase classname="tests.test_production_golive_new_features.TestAuthRequiredNewEndpoints" name="test_endpoints_require_auth[/api/production-golive/providers/otel/test-POST]" time="0.116" /><testcase classname="tests.test_production_golive_new_features.TestAuthRequiredNewEndpoints" name="test_endpoints_require_auth[/api/production-golive/providers/test-all-POST]" time="0.107" /><testcase classname="tests.test_production_golive_new_features.TestAuthRequiredNewEndpoints" name="test_endpoints_require_auth[/api/production-golive/providers/test-audit-GET]" time="0.109" /><testcase classname="tests.test_production_golive_new_features.TestAuthRequiredNewEndpoints" name="test_endpoints_require_auth[/api/production-golive/config-activation/validate-GET]" time="0.107" /><testcase classname="tests.test_production_golive_new_features.TestAuthRequiredNewEndpoints" name="test_endpoints_require_auth[/api/production-golive/config-activation/boot-check-GET]" time="0.105" /><testcase classname="tests.test_production_golive_new_features.TestAuthRequiredNewEndpoints" name="test_endpoints_require_auth[/api/production-golive/config-activation/category/database-GET]" time="0.107" /><testcase classname="tests.test_production_golive_new_features.TestAuthRequiredNewEndpoints" name="test_endpoints_require_auth[/api/production-golive/validate/run-POST]" time="0.115" /><testcase classname="tests.test_production_golive_new_features.TestAuthRequiredNewEndpoints" name="test_endpoints_require_auth[/api/production-golive/validate/history-GET]" time="0.103" /><testcase classname="tests.test_production_golive_new_features.TestAuthRequiredNewEndpoints" name="test_endpoints_require_auth[/api/production-golive/validate/latest-GET]" time="0.127" /><testcase classname="tests.test_production_golive_new_features.TestAuthRequiredNewEndpoints" name="test_endpoints_require_auth[/api/production-golive/alerts/summary-GET]" time="0.102" /><testcase classname="tests.test_production_golive_new_features.TestAuthRequiredNewEndpoints" name="test_endpoints_require_auth[/api/production-golive/alerts/definitions-GET]" time="0.120" /><testcase classname="tests.test_production_golive_new_features.TestAuthRequiredNewEndpoints" name="test_endpoints_require_auth[/api/production-golive/alerts/history-GET]" time="0.104" /><testcase classname="tests.test_production_golive_new_features.TestAuthRequiredNewEndpoints" name="test_endpoints_require_auth[/api/production-golive/alerts/delivery-log-GET]" time="0.110" /></testsuite></testsuites>