<?xml version="1.0" encoding="utf-8"?><testsuites name="pytest tests"><testsuite name="pytest" errors="0" failures="0" skipped="0" tests="21" time="67.892" timestamp="2026-03-22T00:12:56.268674+00:00" hostname="agent-env-b1112d2b-4997-4bcb-83bf-04162a95e49d"><testcase classname="tests.test_night_audit_hardened_api.TestNightAuditAuth" name="test_run_requires_auth" time="0.185" /><testcase classname="tests.test_night_audit_hardened_api.TestNightAuditAuth" name="test_status_requires_auth" time="0.116" /><testcase classname="tests.test_night_audit_hardened_api.TestNightAuditAuth" name="test_runs_requires_auth" time="0.110" /><testcase classname="tests.test_night_audit_hardened_api.TestNightAuditAuth" name="test_business_date_requires_auth" time="0.115" /><testcase classname="tests.test_night_audit_hardened_api.TestNightAuditStatus" name="test_status_returns_date_info" time="0.485" /><testcase classname="tests.test_night_audit_hardened_api.TestNightAuditStatus" name="test_status_endpoint_responds" time="0.223" /><testcase classname="tests.test_night_audit_hardened_api.TestNightAuditRuns" name="test_runs_list_returns_array" time="0.282" /><testcase classname="tests.test_night_audit_hardened_api.TestNightAuditRuns" name="test_runs_list_with_pagination" time="0.249" /><testcase classname="tests.test_night_audit_hardened_api.TestNightAuditRuns" name="test_runs_list_with_status_filter" time="0.238" /><testcase classname="tests.test_night_audit_hardened_api.TestNightAuditRunDetail" name="test_run_detail_not_found" time="0.227" /><testcase classname="tests.test_night_audit_hardened_api.TestNightAuditRunItems" name="test_run_items_returns_paginated_list" time="0.359" /><testcase classname="tests.test_night_audit_hardened_api.TestNightAuditResume" name="test_resume_not_found" time="0.216" /><testcase classname="tests.test_night_audit_hardened_api.TestNightAuditAbort" name="test_abort_not_found" time="0.225" /><testcase classname="tests.test_night_audit_hardened_api.TestNightAuditBusinessDate" name="test_business_date_returns_date" time="0.221" /><testcase classname="tests.test_night_audit_hardened_api.TestHealthDeepNightAudit" name="test_health_deep_includes_night_audit" time="0.118" /><testcase classname="tests.test_night_audit_hardened_api.TestNightAuditRun" name="test_run_endpoint_exists" time="0.408" /><testcase classname="tests.test_night_audit_hardened_api.TestNightAuditRun" name="test_run_duplicate_prevention" time="0.789" /><testcase classname="tests.test_night_audit_hardened_api.TestNightAuditLegacyEndpoints" name="test_history_endpoint" time="0.818" /><testcase classname="tests.test_night_audit_hardened_api.TestNightAuditLegacyEndpoints" name="test_schedule_endpoint" time="0.733" /><testcase classname="tests.test_night_audit_hardened_api.TestNightAuditLegacyEndpoints" name="test_schedule_status_endpoint" time="0.712" /><testcase classname="tests.test_night_audit_hardened_api.TestNightAuditLegacyEndpoints" name="test_financial_summary_endpoint" time="60.994" /></testsuite></testsuites>