<?xml version="1.0" encoding="utf-8"?><testsuites name="pytest tests"><testsuite name="pytest" errors="0" failures="0" skipped="0" tests="8" time="3.752" timestamp="2026-03-01T20:09:26.723492+00:00" hostname="agent-env-091f3a4d-90ab-407d-a491-7bb212ac4b71"><testcase classname="backend.tests.test_booking_room_move_fix.TestBookingRoomMoveFix" name="test_login_success" time="1.061" /><testcase classname="backend.tests.test_booking_room_move_fix.TestBookingRoomMoveFix" name="test_get_rooms" time="0.246" /><testcase classname="backend.tests.test_booking_room_move_fix.TestBookingRoomMoveFix" name="test_get_bookings" time="0.245" /><testcase classname="backend.tests.test_booking_room_move_fix.TestBookingRoomMoveFix" name="test_booking_has_room_number_enriched" time="0.628" /><testcase classname="backend.tests.test_booking_room_move_fix.TestBookingRoomMoveFix" name="test_put_booking_updates_room_number_on_room_change" time="0.622" /><testcase classname="backend.tests.test_booking_room_move_fix.TestBookingRoomMoveFix" name="test_booking_count_stable_after_room_move" time="0.474" /><testcase classname="backend.tests.test_booking_room_move_fix.TestSpecificTestData" name="test_specific_booking_mentioned_in_bug" time="0.214" /><testcase classname="backend.tests.test_booking_room_move_fix.TestSpecificTestData" name="test_specific_rooms_mentioned_in_bug" time="0.191" /></testsuite></testsuites>