<?xml version="1.0" encoding="utf-8"?><testsuites name="pytest tests"><testsuite name="pytest" errors="0" failures="0" skipped="0" tests="25" time="4.516" timestamp="2026-03-12T06:52:16.472527+00:00" hostname="agent-env-fe4818f0-e0a0-4986-901e-b1712baf25cf"><testcase classname="tests.test_platform_hardening_api.TestDataPipelineAPI" name="test_health_endpoint" time="1.312" /><testcase classname="tests.test_platform_hardening_api.TestDataPipelineAPI" name="test_feature_store_summary" time="0.110" /><testcase classname="tests.test_platform_hardening_api.TestDataPipelineAPI" name="test_list_models" time="0.113" /><testcase classname="tests.test_platform_hardening_api.TestDataPipelineAPI" name="test_stale_models" time="0.108" /><testcase classname="tests.test_platform_hardening_api.TestDataPipelineAPI" name="test_list_pipeline_runs" time="0.105" /><testcase classname="tests.test_platform_hardening_api.TestDataPipelineAPI" name="test_execute_pipeline_revenue_ml" time="0.110" /><testcase classname="tests.test_platform_hardening_api.TestDataPipelineAPI" name="test_predictions_confidence" time="0.110" /><testcase classname="tests.test_platform_hardening_api.TestDataPipelineAPI" name="test_make_prediction_revenue_ml" time="0.111" /><testcase classname="tests.test_platform_hardening_api.TestEventBusAPI" name="test_status_endpoint" time="0.205" /><testcase classname="tests.test_platform_hardening_api.TestEventBusAPI" name="test_metrics_endpoint" time="0.101" /><testcase classname="tests.test_platform_hardening_api.TestEventBusAPI" name="test_channels_endpoint" time="0.116" /><testcase classname="tests.test_platform_hardening_api.TestEventBusAPI" name="test_publish_event" time="0.111" /><testcase classname="tests.test_platform_hardening_api.TestEventBusAPI" name="test_replay_summary" time="0.108" /><testcase classname="tests.test_platform_hardening_api.TestObservabilityAPI" name="test_health_endpoint" time="0.208" /><testcase classname="tests.test_platform_hardening_api.TestObservabilityAPI" name="test_metrics_endpoint" time="0.103" /><testcase classname="tests.test_platform_hardening_api.TestObservabilityAPI" name="test_errors_summary" time="0.109" /><testcase classname="tests.test_platform_hardening_api.TestObservabilityAPI" name="test_traces_summary" time="0.109" /><testcase classname="tests.test_platform_hardening_api.TestSecurityHardeningAPI" name="test_tenant_scope_check" time="0.227" /><testcase classname="tests.test_platform_hardening_api.TestSecurityHardeningAPI" name="test_property_permissions" time="0.113" /><testcase classname="tests.test_platform_hardening_api.TestSecurityHardeningAPI" name="test_property_permissions_roles" time="0.109" /><testcase classname="tests.test_platform_hardening_api.TestSecurityHardeningAPI" name="test_vault_status" time="0.119" /><testcase classname="tests.test_platform_hardening_api.TestSecurityHardeningAPI" name="test_audit_completeness" time="0.108" /><testcase classname="tests.test_platform_hardening_api.TestSecurityHardeningAPI" name="test_masking_preview" time="0.159" /><testcase classname="tests.test_platform_hardening_api.TestSecurityIsolation" name="test_rbac_role_check" time="0.218" /><testcase classname="tests.test_platform_hardening_api.TestSecurityIsolation" name="test_tenant_isolation_score" time="0.118" /></testsuite></testsuites>