<?xml version="1.0" encoding="utf-8"?><testsuites name="pytest tests"><testsuite name="pytest" errors="0" failures="0" skipped="0" tests="16" time="5.692" timestamp="2026-03-21T22:04:08.856138+00:00" hostname="agent-env-5fd2e21c-1be0-4783-8c85-1305cb0817e4"><testcase classname="tests.test_import_admin_api.TestImportStatusEndpoint" name="test_status_returns_correct_structure" time="1.837" /><testcase classname="tests.test_import_admin_api.TestImportStatusEndpoint" name="test_worker_is_running" time="0.138" /><testcase classname="tests.test_import_admin_api.TestReviewQueueEndpoint" name="test_review_queue_returns_paginated_list" time="0.175" /><testcase classname="tests.test_import_admin_api.TestReviewQueueEndpoint" name="test_review_queue_with_provider_filter" time="0.124" /><testcase classname="tests.test_import_admin_api.TestReviewQueueEndpoint" name="test_review_queue_with_tenant_filter" time="0.115" /><testcase classname="tests.test_import_admin_api.TestEventsEndpoint" name="test_events_returns_paginated_list" time="0.115" /><testcase classname="tests.test_import_admin_api.TestEventsEndpoint" name="test_events_with_status_filter" time="0.798" /><testcase classname="tests.test_import_admin_api.TestEventsEndpoint" name="test_events_with_provider_filter" time="0.108" /><testcase classname="tests.test_import_admin_api.TestEventsEndpoint" name="test_events_with_tenant_filter" time="0.107" /><testcase classname="tests.test_import_admin_api.TestRetryEndpoint" name="test_retry_returns_404_for_nonexistent_id" time="0.122" /><testcase classname="tests.test_import_admin_api.TestApproveAndImportEndpoint" name="test_approve_returns_404_for_nonexistent_id" time="0.124" /><testcase classname="tests.test_import_admin_api.TestDismissEndpoint" name="test_dismiss_returns_404_for_nonexistent_id" time="0.123" /><testcase classname="tests.test_import_admin_api.TestHealthDeepImportBridge" name="test_health_deep_includes_import_bridge" time="0.119" /><testcase classname="tests.test_import_admin_api.TestHealthDeepImportBridge" name="test_health_deep_import_bridge_status_logic" time="0.393" /><testcase classname="tests.test_import_admin_api.TestImportAdminIntegration" name="test_status_counts_match_events_totals" time="0.984" /><testcase classname="tests.test_import_admin_api.TestImportAdminIntegration" name="test_review_queue_matches_review_required_count" time="0.248" /></testsuite></testsuites>