<?xml version="1.0" encoding="utf-8"?><testsuites name="pytest tests"><testsuite name="pytest" errors="0" failures="0" skipped="0" tests="66" time="4.175" timestamp="2026-03-22T06:21:05.653791+00:00" hostname="agent-env-39008c24-bc56-47b4-82fb-adbb675c5282"><testcase classname="tests.test_tenant_isolation_enforcement.TestTenantAwareDBProxy" name="test_proxy_type" time="0.302" /><testcase classname="tests.test_tenant_isolation_enforcement.TestTenantAwareDBProxy" name="test_raw_db_is_motor" time="0.000" /><testcase classname="tests.test_tenant_isolation_enforcement.TestTenantAwareDBProxy" name="test_no_context_returns_raw_collection" time="0.000" /><testcase classname="tests.test_tenant_isolation_enforcement.TestTenantAwareDBProxy" name="test_with_context_returns_scoped_collection" time="0.000" /><testcase classname="tests.test_tenant_isolation_enforcement.TestTenantAwareDBProxy" name="test_global_collection_always_raw" time="0.000" /><testcase classname="tests.test_tenant_isolation_enforcement.TestTenantAwareDBProxy" name="test_db_passthrough_methods" time="0.000" /><testcase classname="tests.test_tenant_isolation_enforcement.TestTenantScopedCollection" name="test_inject_filter_empty" time="0.002" /><testcase classname="tests.test_tenant_isolation_enforcement.TestTenantScopedCollection" name="test_inject_filter_none" time="0.000" /><testcase classname="tests.test_tenant_isolation_enforcement.TestTenantScopedCollection" name="test_inject_filter_existing_correct" time="0.000" /><testcase classname="tests.test_tenant_isolation_enforcement.TestTenantScopedCollection" name="test_inject_filter_cross_tenant_blocked" time="0.001" /><testcase classname="tests.test_tenant_isolation_enforcement.TestTenantScopedCollection" name="test_inject_doc_sets_tenant" time="0.000" /><testcase classname="tests.test_tenant_isolation_enforcement.TestTenantScopedCollection" name="test_inject_doc_correct_tenant_allowed" time="0.000" /><testcase classname="tests.test_tenant_isolation_enforcement.TestTenantScopedCollection" name="test_inject_doc_cross_tenant_blocked" time="0.000" /><testcase classname="tests.test_tenant_isolation_enforcement.TestContextManagement" name="test_set_get_clear" time="0.000" /><testcase classname="tests.test_tenant_isolation_enforcement.TestContextManagement" name="test_context_manager" time="0.000" /><testcase classname="tests.test_tenant_isolation_enforcement.TestContextManagement" name="test_nested_context" time="0.000" /><testcase classname="tests.test_tenant_isolation_enforcement.TestExplicitAPI" name="test_get_db_without_context_raises" time="0.000" /><testcase classname="tests.test_tenant_isolation_enforcement.TestExplicitAPI" name="test_get_db_with_context" time="0.000" /><testcase classname="tests.test_tenant_isolation_enforcement.TestExplicitAPI" name="test_get_db_for_tenant" time="0.000" /><testcase classname="tests.test_tenant_isolation_enforcement.TestExplicitAPI" name="test_get_db_for_tenant_empty_raises" time="0.000" /><testcase classname="tests.test_tenant_isolation_enforcement.TestExplicitAPI" name="test_get_system_db" time="0.000" /><testcase classname="tests.test_tenant_isolation_enforcement.TestLazyCollection" name="test_descriptor_returns_proxy_collection" time="0.000" /><testcase classname="tests.test_tenant_isolation_enforcement.TestCrossTenantBlocking" name="test_find_cross_tenant_blocked" time="0.000" /><testcase classname="tests.test_tenant_isolation_enforcement.TestCrossTenantBlocking" name="test_insert_cross_tenant_blocked" time="0.000" /><testcase classname="tests.test_tenant_isolation_enforcement.TestCrossTenantBlocking" name="test_update_cross_tenant_blocked" time="0.000" /><testcase classname="tests.test_tenant_isolation_enforcement.TestStrictMode" name="test_strict_mode_blocks_unscoped" time="0.000" /><testcase classname="tests.test_tenant_isolation_enforcement.TestStrictMode" name="test_soft_mode_allows_unscoped" time="0.000" /><testcase classname="tests.test_tenant_isolation_enforcement.TestAggregateInjection" name="test_aggregate_prepends_match" time="0.001" /><testcase classname="tests.test_tenant_isolation_enforcement.TestAggregateInjection" name="test_aggregate_injects_into_existing_match" time="0.001" /><testcase classname="tests.test_tenant_isolation_enforcement.TestConcurrencySafety" name="test_concurrent_contexts" time="0.011" /><testcase classname="tests.test_tenant_isolation_enforcement.TestStaticAudit" name="test_grep_finds_raw_db_usage" time="0.020" /><testcase classname="tests.test_tenant_isolation_enforcement.TestStaticAudit" name="test_repository_classes_use_lazy_collection" time="0.002" /><testcase classname="tests.test_tenant_isolation_enforcement.TestTenantScopedDBEndToEnd" name="test_scoped_db_returns_scoped_collection" time="0.000" /><testcase classname="tests.test_tenant_isolation_enforcement.TestTenantScopedDBEndToEnd" name="test_scoped_db_global_collection" time="0.000" /><testcase classname="tests.test_tenant_isolation_enforcement.TestTenantScopedDBEndToEnd" name="test_scoped_db_via_getitem" time="0.000" /><testcase classname="tests.test_tenant_isolation_api.TestTenantIsolationAPI" name="test_login_works_without_tenant_context" time="0.119" /><testcase classname="tests.test_tenant_isolation_api.TestTenantIsolationAPI" name="test_login_returns_tenant_id_in_jwt" time="0.105" /><testcase classname="tests.test_tenant_isolation_api.TestTenantIsolationAPI" name="test_health_works_without_auth" time="0.100" /><testcase classname="tests.test_tenant_isolation_api.TestTenantIsolationAPI" name="test_health_deep_works_without_auth" time="0.131" /><testcase classname="tests.test_tenant_isolation_api.TestTenantIsolationAPI" name="test_dashboard_requires_auth" time="0.107" /><testcase classname="tests.test_tenant_isolation_api.TestTenantIsolationAPI" name="test_dashboard_returns_data_with_auth" time="0.102" /><testcase classname="tests.test_tenant_isolation_api.TestTenantIsolationAPI" name="test_rooms_requires_auth" time="0.104" /><testcase classname="tests.test_tenant_isolation_api.TestTenantIsolationAPI" name="test_rooms_returns_tenant_scoped_data" time="0.099" /><testcase classname="tests.test_tenant_isolation_api.TestTenantIsolationAPI" name="test_night_audit_status_requires_auth" time="0.110" /><testcase classname="tests.test_tenant_isolation_api.TestTenantIsolationAPI" name="test_night_audit_status_returns_tenant_data" time="0.100" /><testcase classname="tests.test_tenant_isolation_api.TestTenantIsolationAPI" name="test_night_audit_runs_requires_auth" time="0.096" /><testcase classname="tests.test_tenant_isolation_api.TestTenantIsolationAPI" name="test_night_audit_runs_returns_tenant_data" time="0.104" /><testcase classname="tests.test_tenant_isolation_api.TestTenantIsolationAPI" name="test_night_audit_business_date_requires_auth" time="0.112" /><testcase classname="tests.test_tenant_isolation_api.TestTenantIsolationAPI" name="test_night_audit_business_date_returns_data" time="0.097" /><testcase classname="tests.test_tenant_isolation_api.TestTenantIsolationAPI" name="test_bookings_requires_auth" time="0.091" /><testcase classname="tests.test_tenant_isolation_api.TestTenantIsolationAPI" name="test_bookings_returns_tenant_scoped_data" time="0.109" /><testcase classname="tests.test_tenant_isolation_api.TestTenantIsolationAPI" name="test_guests_requires_auth" time="0.101" /><testcase classname="tests.test_tenant_isolation_api.TestTenantIsolationAPI" name="test_guests_returns_tenant_scoped_data" time="0.163" /><testcase classname="tests.test_tenant_isolation_api.TestTenantIsolationAPI" name="test_folios_requires_auth" time="0.110" /><testcase classname="tests.test_tenant_isolation_api.TestTenantIsolationAPI" name="test_folios_returns_tenant_scoped_data" time="0.123" /><testcase classname="tests.test_tenant_isolation_api.TestCrossTenantAccessBlocking" name="test_cannot_access_other_tenant_guest" time="0.211" /><testcase classname="tests.test_tenant_isolation_api.TestCrossTenantAccessBlocking" name="test_cannot_access_other_tenant_night_audit_run" time="0.102" /><testcase classname="tests.test_tenant_isolation_api.TestGlobalCollectionsAccess" name="test_tenant_info_accessible" time="0.217" /><testcase classname="tests.test_tenant_isolation_api.TestMiddlewareIntegration" name="test_invalid_token_rejected" time="0.113" /><testcase classname="tests.test_tenant_isolation_api.TestMiddlewareIntegration" name="test_expired_token_rejected" time="0.102" /><testcase classname="tests.test_tenant_isolation_api.TestMiddlewareIntegration" name="test_missing_auth_header_rejected" time="0.109" /><testcase classname="tests.test_tenant_isolation_api.TestMiddlewareIntegration" name="test_reports_endpoint_tenant_scoped" time="0.213" /><testcase classname="tests.test_tenant_isolation_api.TestMiddlewareIntegration" name="test_calendar_endpoint_tenant_scoped" time="0.100" /><testcase classname="tests.test_tenant_isolation_api.TestPublicEndpoints" name="test_docs_accessible" time="0.099" /><testcase classname="tests.test_tenant_isolation_api.TestPublicEndpoints" name="test_openapi_json_accessible" time="0.185" /><testcase classname="tests.test_tenant_isolation_api.TestPublicEndpoints" name="test_register_endpoint_accessible" time="0.131" /></testsuite></testsuites>