<?xml version="1.0" encoding="utf-8"?><testsuites name="pytest tests"><testsuite name="pytest" errors="0" failures="0" skipped="1" tests="82" time="31.281" timestamp="2026-03-23T08:15:56.107385+00:00" hostname="agent-env-f3c562e4-ab09-4f68-b14d-aafeff04f67e"><testcase classname="tests.battle.test_booking_integrity" name="test_concurrent_same_room_exactly_one_wins" time="0.844" /><testcase classname="tests.battle.test_booking_integrity" name="test_multi_night_partial_contention_all_or_nothing" time="0.579" /><testcase classname="tests.battle.test_booking_integrity" name="test_cancel_then_rebook_same_dates" time="0.505" /><testcase classname="tests.battle.test_booking_integrity" name="test_idempotency_key_no_duplicate_inventory" time="0.359" /><testcase classname="tests.battle.test_booking_integrity" name="test_ooo_room_blocks_booking" time="0.532" /><testcase classname="tests.battle.test_booking_integrity" name="test_lock_events_appear_in_timeline" time="1.413" /><testcase classname="tests.battle.test_booking_integrity" name="test_double_cancel_idempotent" time="0.380" /><testcase classname="tests.battle.test_booking_integrity" name="test_adjacent_dates_no_conflict" time="0.485" /><testcase classname="tests.battle.test_booking_integrity" name="test_different_rooms_both_succeed" time="0.570" /><testcase classname="tests.battle.test_booking_integrity" name="test_lock_conflict_recorded_in_timeline" time="0.993" /><testcase classname="tests.battle.test_cancellation_edges" name="test_cancel_confirmed_booking" time="0.447" /><testcase classname="tests.battle.test_cancellation_edges" name="test_double_cancel_is_idempotent" time="0.365" /><testcase classname="tests.battle.test_cancellation_edges" name="test_cancel_checked_out_booking_rejected" time="0.120"><skipped type="pytest.skip" message="No checked_out booking available for test">/app/backend/tests/battle/test_cancellation_edges.py:142: No checked_out booking available for test</skipped></testcase><testcase classname="tests.battle.test_folio_ledger" name="test_post_charge_creates_ledger_entry" time="0.258" /><testcase classname="tests.battle.test_folio_ledger" name="test_post_payment_reduces_balance" time="0.156" /><testcase classname="tests.battle.test_folio_ledger" name="test_void_entry_reverses_charge" time="0.189" /><testcase classname="tests.battle.test_folio_ledger" name="test_double_void_rejected" time="0.236" /><testcase classname="tests.battle.test_folio_ledger" name="test_transfer_between_folios" time="0.254" /><testcase classname="tests.battle.test_folio_ledger" name="test_idempotency_prevents_double_charge" time="0.237" /><testcase classname="tests.battle.test_folio_ledger" name="test_reconciliation_run" time="5.172" /><testcase classname="tests.battle.test_folio_ledger" name="test_get_ledger_entries" time="0.289" /><testcase classname="tests.battle.test_learning_loop" name="test_create_incident_auto_classifies" time="0.243" /><testcase classname="tests.battle.test_learning_loop" name="test_create_incident_with_security_keywords" time="0.117" /><testcase classname="tests.battle.test_learning_loop" name="test_rca_workflow" time="0.225" /><testcase classname="tests.battle.test_learning_loop" name="test_never_again_rule" time="0.222" /><testcase classname="tests.battle.test_learning_loop" name="test_recurrence_detection" time="0.264" /><testcase classname="tests.battle.test_learning_loop" name="test_learning_dashboard" time="0.114" /><testcase classname="tests.battle.test_overbooking_prevention_v2" name="test_room_blocks_post_apply_ooo" time="0.342" /><testcase classname="tests.battle.test_overbooking_prevention_v2" name="test_room_blocks_delete_release_ooo" time="0.212" /><testcase classname="tests.battle.test_overbooking_prevention_v2" name="test_room_blocks_get_list" time="0.262" /><testcase classname="tests.battle.test_overbooking_prevention_v2" name="test_ooo_room_blocks_booking_returns_409" time="0.345" /><testcase classname="tests.battle.test_overbooking_prevention_v2" name="test_ooo_release_then_booking_succeeds" time="0.444" /><testcase classname="tests.battle.test_overbooking_prevention_v2" name="test_timeline_audit_trail_lock_events" time="1.410" /><testcase classname="tests.battle.test_overbooking_prevention_v2" name="test_concurrent_booking_exactly_one_wins" time="0.663" /><testcase classname="tests.battle.test_overbooking_prevention_v2" name="test_multi_night_partial_contention_all_or_nothing" time="0.662" /><testcase classname="tests.battle.test_overbooking_prevention_v2" name="test_cancel_then_rebook_same_dates_succeeds" time="0.502" /><testcase classname="tests.battle.test_overbooking_prevention_v2" name="test_adjacent_dates_both_succeed" time="0.546" /><testcase classname="tests.battle.test_overbooking_prevention_v2" name="test_different_rooms_same_dates_both_succeed" time="0.521" /><testcase classname="tests.battle.test_overbooking_prevention_v2" name="test_double_cancel_no_error" time="0.365" /><testcase classname="tests.battle.test_overbooking_prevention_v2" name="test_idempotency_key_no_duplicate" time="0.387" /><testcase classname="tests.battle.test_overbooking_prevention_v2" name="test_oos_block_type_works" time="0.399" /><testcase classname="tests.battle.test_overbooking_prevention_v2" name="test_maintenance_block_type_works" time="0.347" /><testcase classname="tests.battle.test_regression_guards" name="test_past_date_booking_rejected_quick_booking" time="0.308" /><testcase classname="tests.battle.test_regression_guards" name="test_deeply_past_date_rejected" time="0.199" /><testcase classname="tests.battle.test_regression_guards" name="test_future_date_booking_succeeds" time="0.334" /><testcase classname="tests.battle.test_regression_guards" name="test_checkout_before_checkin_rejected" time="0.212" /><testcase classname="tests.battle.test_regression_guards" name="test_login_returns_user_role_and_modules" time="0.000" /><testcase classname="tests.battle.test_regression_guards" name="test_pms_module_accessible_after_login" time="0.217" /><testcase classname="tests.battle.test_regression_guards" name="test_same_day_checkin_succeeds" time="0.260" /><testcase classname="tests.battle.test_regression_guards" name="test_core_endpoints_accessible" time="0.303" /><testcase classname="tests.battle.test_room_type_inventory" name="test_get_room_types_returns_data" time="0.210" /><testcase classname="tests.battle.test_room_type_inventory" name="test_sellable_equals_physical_unlocked" time="0.138" /><testcase classname="tests.battle.test_room_type_inventory" name="test_booking_reduces_sellable" time="0.628" /><testcase classname="tests.battle.test_room_type_inventory" name="test_reconcile_endpoint" time="0.186" /><testcase classname="tests.battle.test_room_type_inventory" name="test_health_endpoint" time="0.301" /><testcase classname="tests.battle.test_room_type_inventory" name="test_summary_endpoint" time="0.223" /><testcase classname="tests.battle.test_room_type_inventory" name="test_room_type_filter" time="0.213" /><testcase classname="tests.battle.test_room_type_inventory" name="test_invalid_date_returns_400" time="0.106" /><testcase classname="tests.battle.test_room_type_inventory" name="test_totals_consistent" time="0.103" /><testcase classname="tests.battle.test_room_type_inventory" name="test_inv7_sellable_matches_locks" time="0.176" /><testcase classname="tests.battle.test_sprint2_api_holds" name="test_create_booking_hold_api" time="0.330" /><testcase classname="tests.battle.test_sprint2_api_holds" name="test_get_hold_status_api" time="0.267" /><testcase classname="tests.battle.test_sprint2_api_holds" name="test_confirm_hold_api" time="0.262" /><testcase classname="tests.battle.test_sprint2_api_holds" name="test_release_hold_api" time="0.268" /><testcase classname="tests.battle.test_sprint2_api_holds" name="test_hold_prevents_booking_conflict" time="0.336" /><testcase classname="tests.battle.test_sprint2_api_holds" name="test_sweep_expired_holds_api" time="0.107" /><testcase classname="tests.battle.test_sprint2_api_holds" name="test_room_blocks_api_ooo" time="0.281" /><testcase classname="tests.battle.test_sprint2_api_holds" name="test_ooo_block_prevents_booking_api" time="0.328" /><testcase classname="tests.battle.test_sprint2_api_holds" name="test_room_blocks_api_oos" time="0.244" /><testcase classname="tests.battle.test_sprint2_api_holds" name="test_room_blocks_api_maintenance" time="0.218" /><testcase classname="tests.battle.test_sprint2_api_holds" name="test_hold_conflict_with_another_hold" time="0.284" /><testcase classname="tests.battle.test_sprint2_api_holds" name="test_release_hold_then_booking_succeeds" time="0.457" /><testcase classname="tests.battle.test_sprint2_hold_ooo" name="test_hold_create_basic" time="0.025" /><testcase classname="tests.battle.test_sprint2_hold_ooo" name="test_hold_blocks_booking" time="0.022" /><testcase classname="tests.battle.test_sprint2_hold_ooo" name="test_hold_blocks_regular_booking" time="0.029" /><testcase classname="tests.battle.test_sprint2_hold_ooo" name="test_hold_confirm" time="0.035" /><testcase classname="tests.battle.test_sprint2_hold_ooo" name="test_hold_manual_release" time="0.034" /><testcase classname="tests.battle.test_sprint2_hold_ooo" name="test_hold_sweep_expired" time="0.029" /><testcase classname="tests.battle.test_sprint2_hold_ooo" name="test_hold_sweep_does_not_touch_confirmed" time="0.010" /><testcase classname="tests.battle.test_sprint2_hold_ooo" name="test_ooo_block_writes_to_room_night_locks" time="0.020" /><testcase classname="tests.battle.test_sprint2_hold_ooo" name="test_ooo_block_prevents_booking" time="0.029" /><testcase classname="tests.battle.test_sprint2_hold_ooo" name="test_ooo_release_frees_room" time="0.049" /></testsuite></testsuites>