<?xml version="1.0" encoding="utf-8"?><testsuites name="pytest tests"><testsuite name="pytest" errors="0" failures="1" skipped="0" tests="8" time="2.471" timestamp="2026-03-19T19:13:57.684714+00:00" hostname="agent-env-1f172940-4229-4d80-9d6b-f1bd0b567a92"><testcase classname="tests.test_rooms_tab_quick_actions.TestCheckInEndpoint" name="test_checkin_nonexistent_booking_returns_404" time="0.983" /><testcase classname="tests.test_rooms_tab_quick_actions.TestCheckInEndpoint" name="test_checkin_valid_booking" time="0.232"><failure message="AssertionError: assert 'already' in 'room not ready. status: dirty'&#10; +  where 'room not ready. status: dirty' = &lt;built-in method lower of str object at 0xf95d42c0f6e0&gt;()&#10; +    where &lt;built-in method lower of str object at 0xf95d42c0f6e0&gt; = 'Room not ready. Status: dirty'.lower&#10; +      where 'Room not ready. Status: dirty' = &lt;built-in method get of dict object at 0xf95d42c1a0c0&gt;('detail', '')&#10; +        where &lt;built-in method get of dict object at 0xf95d42c1a0c0&gt; = {'detail': 'Room not ready. Status: dirty'}.get">backend/tests/test_rooms_tab_quick_actions.py:86: in test_checkin_valid_booking
    assert "already" in data.get("detail", "").lower()
E   AssertionError: assert 'already' in 'room not ready. status: dirty'
E    +  where 'room not ready. status: dirty' = &lt;built-in method lower of str object at 0xf95d42c0f6e0&gt;()
E    +    where &lt;built-in method lower of str object at 0xf95d42c0f6e0&gt; = 'Room not ready. Status: dirty'.lower
E    +      where 'Room not ready. Status: dirty' = &lt;built-in method get of dict object at 0xf95d42c1a0c0&gt;('detail', '')
E    +        where &lt;built-in method get of dict object at 0xf95d42c1a0c0&gt; = {'detail': 'Room not ready. Status: dirty'}.get</failure></testcase><testcase classname="tests.test_rooms_tab_quick_actions.TestCheckOutEndpoint" name="test_checkout_nonexistent_booking_returns_404" time="0.118" /><testcase classname="tests.test_rooms_tab_quick_actions.TestCheckOutEndpoint" name="test_checkout_with_force_parameter" time="0.253" /><testcase classname="tests.test_rooms_tab_quick_actions.TestGuestEndpoints" name="test_get_single_guest_endpoint_missing" time="0.345" /><testcase classname="tests.test_rooms_tab_quick_actions.TestGuestEndpoints" name="test_put_single_guest_endpoint_missing" time="0.214" /><testcase classname="tests.test_rooms_tab_quick_actions.TestBookingsData" name="test_get_bookings_returns_expected_fields" time="0.121" /><testcase classname="tests.test_rooms_tab_quick_actions.TestBookingsData" name="test_get_rooms_returns_expected_fields" time="0.115" /></testsuite></testsuites>