<?xml version="1.0" encoding="utf-8"?><testsuites name="pytest tests"><testsuite name="pytest" errors="0" failures="0" skipped="0" tests="7" time="0.446" timestamp="2026-03-12T17:26:41.132049+00:00" hostname="agent-env-625e5048-e51e-4806-9bfe-136a4eca2664"><testcase classname="test_night_audit_core" name="test_night_audit_concurrent_guard" time="0.297" /><testcase classname="test_night_audit_core" name="test_night_audit_rerun_safety" time="0.016" /><testcase classname="test_night_audit_core" name="test_night_audit_exception_count_tracking" time="0.012" /><testcase classname="test_night_audit_core" name="test_night_audit_multi_tenant_isolation" time="0.015" /><testcase classname="test_audit_timeline_stress" name="test_audit_timeline_grouping_100_events" time="0.081" /><testcase classname="test_audit_timeline_stress" name="test_audit_timeline_empty" time="0.002" /><testcase classname="test_audit_timeline_stress" name="test_audit_summary_aggregation_nonexistent_tenant" time="0.006" /></testsuite></testsuites>