<?xml version="1.0" encoding="utf-8"?><testsuites name="pytest tests"><testsuite name="pytest" errors="0" failures="0" skipped="0" tests="21" time="7.146" timestamp="2026-03-25T13:17:41.173332+00:00" hostname="agent-env-c5e6ab51-4ebe-4320-a3c4-62f6c4efc592"><testcase classname="tests.test_secret_rotation_api.TestAuthLogin" name="test_login_returns_access_token" time="1.371" /><testcase classname="tests.test_secret_rotation_api.TestRotationInitiate" name="test_initiate_creates_pending_test_version" time="0.246" /><testcase classname="tests.test_secret_rotation_api.TestRotationInitiate" name="test_initiate_increments_version" time="0.155" /><testcase classname="tests.test_secret_rotation_api.TestRotationTest" name="test_test_passes_with_valid_credentials" time="0.280" /><testcase classname="tests.test_secret_rotation_api.TestRotationTest" name="test_test_fails_with_empty_credentials" time="0.245" /><testcase classname="tests.test_secret_rotation_api.TestRotationTest" name="test_cannot_test_nonexistent_version" time="0.109" /><testcase classname="tests.test_secret_rotation_api.TestRotationActivate" name="test_activate_requires_test_passed" time="0.262" /><testcase classname="tests.test_secret_rotation_api.TestRotationActivate" name="test_activate_succeeds_after_test_passed" time="0.363" /><testcase classname="tests.test_secret_rotation_api.TestRotationRollback" name="test_rollback_to_previous_version" time="0.946" /><testcase classname="tests.test_secret_rotation_api.TestRotationRollback" name="test_rollback_no_previous_version" time="0.115" /><testcase classname="tests.test_secret_rotation_api.TestRotationStatus" name="test_status_returns_version_history" time="0.108" /><testcase classname="tests.test_secret_rotation_api.TestRotationDashboard" name="test_dashboard_returns_all_secrets" time="0.119" /><testcase classname="tests.test_secret_rotation_api.TestRotationOverdue" name="test_overdue_returns_overdue_secrets" time="0.117" /><testcase classname="tests.test_secret_rotation_api.TestRotationAudit" name="test_audit_returns_rotation_trail" time="0.113" /><testcase classname="tests.test_secret_rotation_api.TestRotationAudit" name="test_audit_filters_by_tenant" time="0.117" /><testcase classname="tests.test_secret_rotation_api.TestHotelRunnerProvider" name="test_hotelrunner_rotation_flow" time="0.232" /><testcase classname="tests.test_secret_rotation_api.TestHotelRunnerProvider" name="test_hotelrunner_short_token_fails" time="0.272" /><testcase classname="tests.test_secret_rotation_api.TestFullRotationFlow" name="test_full_flow_v1_v2_rollback" time="1.004" /><testcase classname="tests.test_secret_rotation_api.TestSecurityRules" name="test_cannot_activate_test_failed_version" time="0.407" /><testcase classname="tests.test_secret_rotation_api.TestSecurityRules" name="test_unauthenticated_access_denied" time="0.107" /><testcase classname="tests.test_secret_rotation_api.TestSecurityRules" name="test_audit_trail_records_all_actions" time="0.367" /></testsuite></testsuites>