<?xml version="1.0" encoding="utf-8"?><testsuites name="pytest tests"><testsuite name="pytest" errors="0" failures="0" skipped="1" tests="32" time="9.486" timestamp="2026-03-21T20:25:57.663277+00:00" hostname="agent-env-0a22ada5-1de1-49b2-901c-ec19d2c7d69c"><testcase classname="tests.test_atomic_checkin_checkout" name="test_successful_checkin" time="0.844" /><testcase classname="tests.test_atomic_checkin_checkout" name="test_checkin_invalid_status_fails" time="0.047" /><testcase classname="tests.test_atomic_checkin_checkout" name="test_checkin_no_room_fails" time="0.037" /><testcase classname="tests.test_atomic_checkin_checkout" name="test_successful_checkout" time="0.527" /><testcase classname="tests.test_atomic_checkin_checkout" name="test_checkout_not_checked_in_fails" time="0.549" /><testcase classname="tests.test_atomic_checkin_checkout" name="test_duplicate_housekeeping_prevention" time="0.538" /><testcase classname="tests.test_atomic_checkin_checkout" name="test_concurrent_checkin_same_booking" time="0.642" /><testcase classname="tests.test_tenant_isolation_proof" name="test_auto_inject_tenant_id" time="0.233" /><testcase classname="tests.test_tenant_isolation_proof" name="test_tenant_a_cannot_see_tenant_b" time="0.009" /><testcase classname="tests.test_tenant_isolation_proof" name="test_cross_tenant_query_blocked" time="0.001" /><testcase classname="tests.test_tenant_isolation_proof" name="test_cross_tenant_insert_blocked" time="0.001" /><testcase classname="tests.test_tenant_isolation_proof" name="test_cross_tenant_update_blocked" time="0.001" /><testcase classname="tests.test_tenant_isolation_proof" name="test_auto_inject_on_insert" time="0.009" /><testcase classname="tests.test_tenant_isolation_proof" name="test_count_documents_scoped" time="0.006" /><testcase classname="tests.test_tenant_isolation_proof" name="test_find_one_scoped" time="0.005" /><testcase classname="tests.test_tenant_isolation_proof" name="test_global_collection_not_filtered" time="0.005" /><testcase classname="tests.test_tenant_isolation_proof" name="test_cross_tenant_delete_blocked" time="0.001" /><testcase classname="tests.test_tenant_isolation_proof" name="test_cleanup" time="0.013" /><testcase classname="tests.test_day2_hardening" name="test_api_checkin_endpoint" time="0.570" /><testcase classname="tests.test_day2_hardening" name="test_api_checkout_endpoint" time="0.585" /><testcase classname="tests.test_day2_hardening" name="test_checkin_invalid_status_returns_400" time="0.034" /><testcase classname="tests.test_day2_hardening" name="test_checkout_not_checked_in_returns_400" time="0.554" /><testcase classname="tests.test_day2_hardening" name="test_walkin_creates_booking_and_checks_in" time="0.095" /><testcase classname="tests.test_day2_hardening" name="test_early_checkin_uses_atomic_transaction" time="0.644" /><testcase classname="tests.test_day2_hardening" name="test_group_checkin_all" time="0.531"><skipped type="pytest.skip" message="Need 2 available rooms for group test">/app/backend/tests/test_day2_hardening.py:289: Need 2 available rooms for group test</skipped></testcase><testcase classname="tests.test_day2_hardening" name="test_housekeeping_task_deduplication" time="0.580" /><testcase classname="tests.test_day2_hardening" name="test_deep_health_check" time="0.028" /><testcase classname="tests.test_day2_hardening" name="test_performance_indexes_exist" time="0.008" /><testcase classname="tests.test_day2_hardening" name="test_checkout_preview" time="0.548" /><testcase classname="tests.test_day2_hardening" name="test_checkin_blocked_room_fails" time="0.523" /><testcase classname="tests.test_day2_hardening" name="test_audit_trail_created_on_checkin_checkout" time="0.553" /><testcase classname="tests.test_day2_hardening" name="test_outbox_events_created" time="0.539" /></testsuite></testsuites>