<?xml version="1.0" encoding="utf-8"?><testsuites name="pytest tests"><testsuite name="pytest" errors="0" failures="0" skipped="0" tests="25" time="0.563" timestamp="2026-03-11T18:08:44.726630+00:00" hostname="agent-env-3fede128-196f-45a0-aaa6-c56155e04ee6"><testcase classname="tests.test_mapping_engine" name="test_detect_missing_room_type" time="0.029" /><testcase classname="tests.test_mapping_engine" name="test_missing_mappings_listed_in_validation" time="0.008" /><testcase classname="tests.test_mapping_engine" name="test_zero_mappings_gives_zero_score" time="0.008" /><testcase classname="tests.test_mapping_engine" name="test_mapping_to_out_of_service_room_is_invalid" time="0.007" /><testcase classname="tests.test_mapping_engine" name="test_mapping_to_nonexistent_pms_room_is_invalid" time="0.007" /><testcase classname="tests.test_mapping_engine" name="test_mapping_to_inactive_external_room_is_invalid" time="0.007" /><testcase classname="tests.test_mapping_engine" name="test_mapping_to_nonexistent_external_room_is_invalid" time="0.008" /><testcase classname="tests.test_mapping_engine" name="test_mapping_to_deleted_rate_plan_is_invalid" time="0.008" /><testcase classname="tests.test_mapping_engine" name="test_duplicate_pms_entity_rejected" time="0.009" /><testcase classname="tests.test_mapping_engine" name="test_duplicate_external_entity_rejected" time="0.008" /><testcase classname="tests.test_mapping_engine" name="test_duplicate_detected_during_validation" time="0.012" /><testcase classname="tests.test_mapping_engine" name="test_rate_plan_to_nonexistent_ext_is_invalid" time="0.007" /><testcase classname="tests.test_mapping_engine" name="test_rate_plan_to_inactive_ext_is_invalid" time="0.008" /><testcase classname="tests.test_mapping_engine" name="test_valid_rate_plan_mapping" time="0.011" /><testcase classname="tests.test_mapping_engine" name="test_tax_mode_invalid_values" time="0.008" /><testcase classname="tests.test_mapping_engine" name="test_review_reservation_revalidated_on_mapping_create" time="0.016" /><testcase classname="tests.test_mapping_engine" name="test_validate_single_mapping_updates_status" time="0.009" /><testcase classname="tests.test_mapping_engine" name="test_full_readiness_after_all_mappings" time="0.020" /><testcase classname="tests.test_mapping_engine" name="test_perfect_score" time="0.000" /><testcase classname="tests.test_mapping_engine" name="test_zero_score" time="0.000" /><testcase classname="tests.test_mapping_engine" name="test_partial_coverage" time="0.000" /><testcase classname="tests.test_mapping_engine" name="test_invalids_reduce_score" time="0.000" /><testcase classname="tests.test_mapping_engine" name="test_forward_lookup" time="0.009" /><testcase classname="tests.test_mapping_engine" name="test_reverse_lookup" time="0.009" /><testcase classname="tests.test_mapping_engine" name="test_empty_lookup_for_unmapped_type" time="0.005" /></testsuite></testsuites>