<?xml version="1.0" encoding="utf-8"?><testsuites name="pytest tests"><testsuite name="pytest" errors="0" failures="0" skipped="0" tests="21" time="5.854" timestamp="2026-04-09T18:34:03.909289+00:00" hostname="agent-env-e860461c-c538-4b24-b5eb-75b199da367d"><testcase classname="tests.test_sprint2_ops_timeline_api.TestOpsEventsBasicEndpoints" name="test_list_ops_events" time="1.363" /><testcase classname="tests.test_sprint2_ops_timeline_api.TestOpsEventsBasicEndpoints" name="test_webhook_deliveries" time="0.142" /><testcase classname="tests.test_sprint2_ops_timeline_api.TestOpsEventsBasicEndpoints" name="test_webhook_dlq" time="0.189" /><testcase classname="tests.test_sprint2_ops_timeline_api.TestOpsEventsBasicEndpoints" name="test_rate_limit_status" time="0.132" /><testcase classname="tests.test_sprint2_ops_timeline_api.TestOpsEventsBasicEndpoints" name="test_channel_health" time="0.166" /><testcase classname="tests.test_sprint2_ops_timeline_api.TestOpsEventsBasicEndpoints" name="test_dashboard_summary" time="0.122" /><testcase classname="tests.test_sprint2_ops_timeline_api.TestSprint2PrioritizedIncidents" name="test_prioritized_incidents_basic" time="0.140" /><testcase classname="tests.test_sprint2_ops_timeline_api.TestSprint2PrioritizedIncidents" name="test_prioritized_incidents_with_resolved" time="0.124" /><testcase classname="tests.test_sprint2_ops_timeline_api.TestSprint2PrioritizedIncidents" name="test_prioritized_incidents_with_limit" time="0.130" /><testcase classname="tests.test_sprint2_ops_timeline_api.TestSprint2ConnectorHealth" name="test_connectors_health_basic" time="0.124" /><testcase classname="tests.test_sprint2_ops_timeline_api.TestSprint2ConnectorHealth" name="test_connectors_health_contract_fields" time="0.111" /><testcase classname="tests.test_sprint2_ops_timeline_api.TestSprint2ImpactAnalysis" name="test_impact_analysis_basic" time="0.152" /><testcase classname="tests.test_sprint2_ops_timeline_api.TestSprint2ImpactAnalysis" name="test_impact_analysis_custom_period" time="0.158" /><testcase classname="tests.test_sprint2_ops_timeline_api.TestSprint2AutoRemediation" name="test_remediation_status" time="0.138" /><testcase classname="tests.test_sprint2_ops_timeline_api.TestSprint2AutoRemediation" name="test_remediation_start" time="0.129" /><testcase classname="tests.test_sprint2_ops_timeline_api.TestSprint2AutoRemediation" name="test_remediation_stop" time="0.115" /><testcase classname="tests.test_sprint2_ops_timeline_api.TestSprint2CorrelationTimeline" name="test_timeline_not_found" time="0.113" /><testcase classname="tests.test_sprint2_ops_timeline_api.TestSprint2IncidentSummary" name="test_incident_summary_not_found" time="0.132" /><testcase classname="tests.test_sprint2_ops_timeline_api.TestSprint2ManualConnectorActions" name="test_connector_recover_not_found" time="0.111" /><testcase classname="tests.test_sprint2_ops_timeline_api.TestSprint2ManualConnectorActions" name="test_connector_degrade_not_found" time="0.103" /><testcase classname="tests.test_sprint2_ops_timeline_api.TestAuthenticationRequired" name="test_endpoints_require_auth" time="1.844" /></testsuite></testsuites>