<?xml version="1.0" encoding="utf-8"?><testsuites name="pytest tests"><testsuite name="pytest" errors="0" failures="0" skipped="0" tests="19" time="1.763" timestamp="2026-03-12T18:30:10.990174+00:00" hostname="agent-env-1ae56c95-7b65-4e4b-9d2f-498891dcb712"><testcase classname="tests.test_phase6_api.TestValidationScenarios" name="test_get_scenarios" time="0.084" /><testcase classname="tests.test_phase6_api.TestValidationScenarios" name="test_run_load_scenario" time="0.034" /><testcase classname="tests.test_phase6_api.TestValidationScenarios" name="test_run_stress_scenario" time="0.036" /><testcase classname="tests.test_phase6_api.TestValidationScenarios" name="test_run_chaos_scenario" time="0.546" /><testcase classname="tests.test_phase6_api.TestValidationScenarios" name="test_unknown_scenario_fails" time="0.027" /><testcase classname="tests.test_phase6_api.TestValidationScenarios" name="test_validation_report" time="0.029" /><testcase classname="tests.test_phase6_api.TestIncidentDrills" name="test_list_drills" time="0.031" /><testcase classname="tests.test_phase6_api.TestIncidentDrills" name="test_execute_drill" time="0.537" /><testcase classname="tests.test_phase6_api.TestIncidentDrills" name="test_drill_history" time="0.028" /><testcase classname="tests.test_phase6_api.TestIncidentDrills" name="test_unknown_drill_fails" time="0.028" /><testcase classname="tests.test_phase6_api.TestIncidentDrills" name="test_drill_cleanup" time="0.029" /><testcase classname="tests.test_phase6_api.TestObservabilityValidation" name="test_full_validation" time="0.035" /><testcase classname="tests.test_phase6_api.TestObservabilityValidation" name="test_metrics_validation" time="0.029" /><testcase classname="tests.test_phase6_api.TestObservabilityValidation" name="test_logs_validation" time="0.029" /><testcase classname="tests.test_phase6_api.TestObservabilityValidation" name="test_alerts_validation" time="0.033" /><testcase classname="tests.test_phase6_api.TestObservabilityValidation" name="test_audit_timeline_validation" time="0.032" /><testcase classname="tests.test_phase6_api.TestGoLiveScore" name="test_compute_score" time="0.036" /><testcase classname="tests.test_phase6_api.TestGoLiveScore" name="test_score_categories" time="0.036" /><testcase classname="tests.test_phase6_api.TestGoLiveScore" name="test_score_history" time="0.028" /></testsuite></testsuites>