<?xml version="1.0" encoding="utf-8"?><testsuites name="pytest tests"><testsuite name="pytest" errors="0" failures="0" skipped="0" tests="59" time="4.954" timestamp="2026-03-11T18:50:01.397733+00:00" hostname="agent-env-59155072-783d-45d2-840b-000270782c73"><testcase classname="backend.tests.test_channel_manager_v2_phase6.TestChannelManagerV2Phase6" name="test_reconciliation_run" time="0.301" /><testcase classname="backend.tests.test_channel_manager_v2_phase6.TestChannelManagerV2Phase6" name="test_reconciliation_issues_list_open" time="0.149" /><testcase classname="backend.tests.test_channel_manager_v2_phase6.TestChannelManagerV2Phase6" name="test_reconciliation_issues_summary" time="0.140" /><testcase classname="backend.tests.test_channel_manager_v2_phase6.TestChannelManagerV2Phase6" name="test_reconciliation_create_custom_issue" time="0.146" /><testcase classname="backend.tests.test_channel_manager_v2_phase6.TestChannelManagerV2Phase6" name="test_reconciliation_issue_detail_and_lifecycle" time="0.608" /><testcase classname="backend.tests.test_channel_manager_v2_phase6.TestChannelManagerV2Phase6" name="test_reconciliation_dismiss_issue" time="0.267" /><testcase classname="backend.tests.test_channel_manager_v2_phase6.TestChannelManagerV2Phase6" name="test_scheduler_run_all" time="0.137" /><testcase classname="backend.tests.test_channel_manager_v2_phase6.TestChannelManagerV2Phase6" name="test_scheduler_run_connector" time="0.118" /><testcase classname="backend.tests.test_channel_manager_v2_phase6.TestChannelManagerV2Phase6" name="test_credentials_update_secure" time="0.114" /><testcase classname="backend.tests.test_channel_manager_v2_phase6.TestChannelManagerV2Phase6" name="test_credentials_rotate" time="0.136" /><testcase classname="backend.tests.test_channel_manager_v2_phase6.TestChannelManagerV2Phase6" name="test_credentials_masked" time="0.112" /><testcase classname="backend.tests.test_channel_manager_v2_phase6.TestChannelManagerV2Phase6" name="test_event_sync_booking_created" time="0.127" /><testcase classname="backend.tests.test_channel_manager_v2_phase6.TestChannelManagerV2Phase6" name="test_event_sync_rate_changed" time="0.140" /><testcase classname="backend.tests.test_channel_manager_v2_phase6.TestChannelManagerV2Phase6" name="test_event_sync_batch" time="0.165" /><testcase classname="backend.tests.test_channel_manager_v2_phase6.TestChannelManagerV2Phase6" name="test_event_sync_unsupported_event" time="0.153" /><testcase classname="backend.tests.test_channel_manager_v2_phase6.TestReconciliationIssueTypes" name="test_create_issue_type[inventory_mismatch-critical]" time="0.279" /><testcase classname="backend.tests.test_channel_manager_v2_phase6.TestReconciliationIssueTypes" name="test_create_issue_type[rate_mismatch-high]" time="0.187" /><testcase classname="backend.tests.test_channel_manager_v2_phase6.TestReconciliationIssueTypes" name="test_create_issue_type[missing_reservation-high]" time="0.127" /><testcase classname="backend.tests.test_channel_manager_v2_phase6.TestReconciliationIssueTypes" name="test_create_issue_type[stale_sync-medium]" time="0.117" /><testcase classname="backend.tests.test_channel_manager_v2_phase6.TestReconciliationIssueTypes" name="test_create_issue_type[invalid_mapping-high]" time="0.122" /><testcase classname="backend.tests.test_channel_manager_v2_phase6.TestReconciliationIssueTypes" name="test_create_issue_type[ack_failed-high]" time="0.148" /><testcase classname="backend.tests.test_channel_manager_v2_phase6.TestReconciliationIssueTypes" name="test_create_issue_type[ack_pending_too_long-medium]" time="0.138" /><testcase classname="backend.tests.test_channel_manager_v2_phase6.TestReconciliationIssueTypes" name="test_create_issue_type[unprocessed_import-low]" time="0.170" /><testcase classname="backend.tests.test_channel_manager_v2_phase6.TestConnectorEndpoints" name="test_list_connectors" time="0.254" /><testcase classname="backend.tests.test_channel_manager_v2_phase6.TestConnectorEndpoints" name="test_get_connector" time="0.142" /><testcase classname="backend.tests.test_reconciliation_complete.TestReconciliationModel" name="test_issue_creation" time="0.000" /><testcase classname="backend.tests.test_reconciliation_complete.TestReconciliationModel" name="test_issue_types_coverage" time="0.000" /><testcase classname="backend.tests.test_reconciliation_complete.TestReconciliationModel" name="test_severity_levels" time="0.000" /><testcase classname="backend.tests.test_reconciliation_complete.TestReconciliationModel" name="test_issue_lifecycle_states" time="0.000" /><testcase classname="backend.tests.test_reconciliation_complete.TestReconciliationModel" name="test_suggested_actions" time="0.000" /><testcase classname="backend.tests.test_reconciliation_complete.TestReconciliationModel" name="test_issue_with_evidence" time="0.000" /><testcase classname="backend.tests.test_reconciliation_complete.TestReconciliationModel" name="test_from_doc" time="0.000" /><testcase classname="backend.tests.test_reconciliation_complete.TestReconciliationService" name="test_run_reconciliation_detects_stale_sync" time="0.012" /><testcase classname="backend.tests.test_reconciliation_complete.TestReconciliationService" name="test_run_reconciliation_no_issues" time="0.007" /><testcase classname="backend.tests.test_reconciliation_complete.TestReconciliationService" name="test_resolve_issue" time="0.005" /><testcase classname="backend.tests.test_reconciliation_complete.TestReconciliationService" name="test_dismiss_issue" time="0.004" /><testcase classname="backend.tests.test_reconciliation_complete.TestReconciliationService" name="test_update_issue_status_valid_transition" time="0.004" /><testcase classname="backend.tests.test_reconciliation_complete.TestReconciliationService" name="test_update_issue_status_invalid_transition" time="0.005" /><testcase classname="backend.tests.test_reconciliation_complete.TestReconciliationService" name="test_create_issue_from_external" time="0.004" /><testcase classname="backend.tests.test_reconciliation_complete.TestReconciliationService" name="test_check_unprocessed_imports" time="0.004" /><testcase classname="backend.tests.test_reconciliation_complete.TestReconciliationService" name="test_stale_sync_medium_severity" time="0.004" /><testcase classname="backend.tests.test_reconciliation_complete.TestReconciliationService" name="test_stale_sync_high_severity" time="0.004" /><testcase classname="backend.tests.test_reconciliation_complete.TestSchedulerService" name="test_scheduled_check_inactive_connector" time="0.003" /><testcase classname="backend.tests.test_reconciliation_complete.TestSchedulerService" name="test_scheduled_check_no_actions" time="0.005" /><testcase classname="backend.tests.test_reconciliation_complete.TestSchedulerService" name="test_stale_pending_job_detection" time="0.003" /><testcase classname="backend.tests.test_reconciliation_complete.TestSchedulerService" name="test_retryable_failed_job_requeue" time="0.004" /><testcase classname="backend.tests.test_reconciliation_complete.TestSchedulerService" name="test_run_all_connectors" time="0.003" /><testcase classname="backend.tests.test_reconciliation_complete.TestEventSyncService" name="test_supported_events" time="0.000" /><testcase classname="backend.tests.test_reconciliation_complete.TestEventSyncService" name="test_unsupported_event" time="0.002" /><testcase classname="backend.tests.test_reconciliation_complete.TestEventSyncService" name="test_missing_property_id" time="0.002" /><testcase classname="backend.tests.test_reconciliation_complete.TestEventSyncService" name="test_no_active_connectors" time="0.002" /><testcase classname="backend.tests.test_reconciliation_complete.TestEventSyncService" name="test_extract_date_range_booking" time="0.000" /><testcase classname="backend.tests.test_reconciliation_complete.TestEventSyncService" name="test_extract_date_range_rate_changed" time="0.000" /><testcase classname="backend.tests.test_reconciliation_complete.TestEventSyncService" name="test_extract_room_types" time="0.000" /><testcase classname="backend.tests.test_reconciliation_complete.TestEventSyncService" name="test_batch_events" time="0.002" /><testcase classname="backend.tests.test_reconciliation_complete.TestCredentialVault" name="test_encrypt_decrypt_roundtrip" time="0.000" /><testcase classname="backend.tests.test_reconciliation_complete.TestCredentialVault" name="test_mask_credentials" time="0.000" /><testcase classname="backend.tests.test_reconciliation_complete.TestCredentialVault" name="test_encrypt_empty_value" time="0.000" /><testcase classname="backend.tests.test_reconciliation_complete.TestCredentialVault" name="test_mask_short_values" time="0.000" /></testsuite></testsuites>