<?xml version="1.0" encoding="utf-8"?><testsuites name="pytest tests"><testsuite name="pytest" errors="0" failures="0" skipped="0" tests="33" time="8.806" timestamp="2026-03-11T19:33:32.111356+00:00" hostname="agent-env-4f8c1307-95e4-41b8-b1d0-33be61cb7f82"><testcase classname="tests.test_production_hardening_v3.TestPhase1SandboxValidation" name="test_sandbox_validate_returns_readiness_report" time="3.548" /><testcase classname="tests.test_production_hardening_v3.TestPhase1SandboxValidation" name="test_sandbox_validate_nonexistent_connector" time="0.125" /><testcase classname="tests.test_production_hardening_v3.TestPhase2ProviderAdapters" name="test_inventory_push_returns_correlation_id_and_latency" time="0.506" /><testcase classname="tests.test_production_hardening_v3.TestPhase2ProviderAdapters" name="test_rate_push_returns_correlation_id_and_latency" time="0.517" /><testcase classname="tests.test_production_hardening_v3.TestPhase2ProviderAdapters" name="test_inventory_push_connector_not_found" time="0.143" /><testcase classname="tests.test_production_hardening_v3.TestPhase3AESCredentialUpdate" name="test_secure_credential_update_encrypts_with_aes256gcm" time="0.396" /><testcase classname="tests.test_production_hardening_v3.TestPhase3CredentialRotation" name="test_credential_rotation_updates_rotated_at" time="0.172" /><testcase classname="tests.test_production_hardening_v3.TestPhase3MaskedCredentials" name="test_masked_credentials_returns_algorithm" time="0.128" /><testcase classname="tests.test_production_hardening_v3.TestPhase3CredentialMigration" name="test_migrate_credentials_xor_to_aes" time="0.139" /><testcase classname="tests.test_production_hardening_v3.TestPhase4RBACAuthorizedAccess" name="test_admin_can_update_credentials_secure" time="0.374" /><testcase classname="tests.test_production_hardening_v3.TestPhase4RBACAuthorizedAccess" name="test_admin_can_rotate_credentials" time="0.161" /><testcase classname="tests.test_production_hardening_v3.TestPhase4RBACAuthorizedAccess" name="test_admin_can_view_masked_credentials" time="0.144" /><testcase classname="tests.test_production_hardening_v3.TestPhase4RBACAuthorizedAccess" name="test_admin_can_migrate_credentials" time="0.163" /><testcase classname="tests.test_production_hardening_v3.TestPhase4RBAC403ForUnauthorized" name="test_rbac_module_denies_viewer_role" time="0.308" /><testcase classname="tests.test_production_hardening_v3.TestPhase4RBAC403ForUnauthorized" name="test_rbac_module_structure" time="0.001" /><testcase classname="tests.test_production_hardening_v3.TestPhase5ReconciliationHealth" name="test_health_score_returns_0_to_100" time="0.268" /><testcase classname="tests.test_production_hardening_v3.TestPhase5ReconciliationHealth" name="test_health_score_returns_status" time="0.124" /><testcase classname="tests.test_production_hardening_v3.TestPhase5ReconciliationHealth" name="test_health_score_returns_open_issues" time="0.136" /><testcase classname="tests.test_production_hardening_v3.TestPhase5ReconciliationHealth" name="test_health_score_returns_breakdown" time="0.129" /><testcase classname="tests.test_production_hardening_v3.TestPhase6SchedulerMetrics" name="test_scheduler_returns_metrics_or_skipped" time="0.190" /><testcase classname="tests.test_production_hardening_v3.TestPhase6SchedulerMetrics" name="test_scheduler_run_all" time="0.162" /><testcase classname="tests.test_production_hardening_v3.TestPhase7EventSync" name="test_event_sync_booking_created" time="0.127" /><testcase classname="tests.test_production_hardening_v3.TestPhase7EventSync" name="test_event_sync_rate_changed" time="0.152" /><testcase classname="tests.test_production_hardening_v3.TestPhase7EventSync" name="test_event_sync_batch" time="0.143" /><testcase classname="tests.test_production_hardening_v3.TestPhase7EventSync" name="test_event_sync_unsupported_type" time="0.170" /><testcase classname="tests.test_production_hardening_v3.TestPhase8EncryptionUnit" name="test_encrypt_decrypt_roundtrip" time="0.002" /><testcase classname="tests.test_production_hardening_v3.TestPhase8EncryptionUnit" name="test_different_ivs_produce_different_ciphertexts" time="0.000" /><testcase classname="tests.test_production_hardening_v3.TestPhase8EncryptionUnit" name="test_tamper_detection_raises_error" time="0.001" /><testcase classname="tests.test_production_hardening_v3.TestPhase8EncryptionUnit" name="test_credential_encryption_all_fields" time="0.000" /><testcase classname="tests.test_production_hardening_v3.TestPhase8CredentialVaultUnit" name="test_mask_credentials" time="0.001" /><testcase classname="tests.test_production_hardening_v3.TestPhase8SandboxValidationServiceUnit" name="test_check_result_helper" time="0.049" /><testcase classname="tests.test_production_hardening_v3.TestPhase8SandboxValidationServiceUnit" name="test_report_builder" time="0.000" /><testcase classname="tests.test_production_hardening_v3.TestPhase8ProviderAdapterUnit" name="test_error_categorization" time="0.205" /></testsuite></testsuites>