<?xml version="1.0" encoding="utf-8"?><testsuites name="pytest tests"><testsuite name="pytest" errors="0" failures="0" skipped="0" tests="14" time="2.124" timestamp="2026-03-22T11:53:40.366204+00:00" hostname="agent-env-a1a3ab29-3352-46de-85cf-debb3397ffd8"><testcase classname="tests.test_controlplane_ui_api.TestTimelineAPI" name="test_timeline_external_id_lookup" time="0.330" /><testcase classname="tests.test_controlplane_ui_api.TestTimelineAPI" name="test_timeline_external_id_not_found" time="0.106" /><testcase classname="tests.test_controlplane_ui_api.TestTimelineAPI" name="test_timeline_search" time="0.108" /><testcase classname="tests.test_controlplane_ui_api.TestTimelineAPI" name="test_timeline_search_by_provider" time="0.118" /><testcase classname="tests.test_controlplane_ui_api.TestTimelineAPI" name="test_timeline_search_by_stage" time="0.111" /><testcase classname="tests.test_controlplane_ui_api.TestTimelineAPI" name="test_timeline_gaps" time="0.114" /><testcase classname="tests.test_controlplane_ui_api.TestTimelineAPI" name="test_timeline_correlation_lookup" time="0.235" /><testcase classname="tests.test_controlplane_ui_api.TestDashboardAPI" name="test_dashboard_full" time="0.155" /><testcase classname="tests.test_controlplane_ui_api.TestDashboardAPI" name="test_dashboard_connectors" time="0.113" /><testcase classname="tests.test_controlplane_ui_api.TestDashboardAPI" name="test_dashboard_pipeline" time="0.116" /><testcase classname="tests.test_controlplane_ui_api.TestDashboardAPI" name="test_dashboard_trends" time="0.104" /><testcase classname="tests.test_controlplane_ui_api.TestRawPayloadAPI" name="test_raw_payload_by_external_id" time="0.112" /><testcase classname="tests.test_controlplane_ui_api.TestRawPayloadAPI" name="test_raw_payload_by_correlation_id" time="0.229" /><testcase classname="tests.test_controlplane_ui_api.TestLiveFeedAPI" name="test_live_feed_default" time="0.110" /></testsuite></testsuites>