<?xml version="1.0" encoding="utf-8"?><testsuites name="pytest tests"><testsuite name="pytest" errors="0" failures="0" skipped="1" tests="14" time="9.298" timestamp="2026-03-21T20:25:24.129028+00:00" hostname="agent-env-0a22ada5-1de1-49b2-901c-ec19d2c7d69c"><testcase classname="tests.test_day2_hardening" name="test_api_checkin_endpoint" time="3.389" /><testcase classname="tests.test_day2_hardening" name="test_api_checkout_endpoint" time="0.722" /><testcase classname="tests.test_day2_hardening" name="test_checkin_invalid_status_returns_400" time="0.046" /><testcase classname="tests.test_day2_hardening" name="test_checkout_not_checked_in_returns_400" time="0.588" /><testcase classname="tests.test_day2_hardening" name="test_walkin_creates_booking_and_checks_in" time="0.111" /><testcase classname="tests.test_day2_hardening" name="test_early_checkin_uses_atomic_transaction" time="0.654" /><testcase classname="tests.test_day2_hardening" name="test_group_checkin_all" time="0.604"><skipped type="pytest.skip" message="Need 2 available rooms for group test">/app/backend/tests/test_day2_hardening.py:289: Need 2 available rooms for group test</skipped></testcase><testcase classname="tests.test_day2_hardening" name="test_housekeeping_task_deduplication" time="0.625" /><testcase classname="tests.test_day2_hardening" name="test_deep_health_check" time="0.040" /><testcase classname="tests.test_day2_hardening" name="test_performance_indexes_exist" time="0.016" /><testcase classname="tests.test_day2_hardening" name="test_checkout_preview" time="0.628" /><testcase classname="tests.test_day2_hardening" name="test_checkin_blocked_room_fails" time="0.596" /><testcase classname="tests.test_day2_hardening" name="test_audit_trail_created_on_checkin_checkout" time="0.606" /><testcase classname="tests.test_day2_hardening" name="test_outbox_events_created" time="0.557" /></testsuite></testsuites>