<?xml version="1.0" encoding="utf-8"?><testsuites name="pytest tests"><testsuite name="pytest" errors="0" failures="0" skipped="0" tests="28" time="3.097" timestamp="2026-04-07T10:20:14.699230+00:00" hostname="agent-env-92ef78ef-454e-4aa5-baad-02580a7ed886"><testcase classname="tests.test_legacy_hr_removal.TestBackendHealth" name="test_health_endpoint" time="1.598" /><testcase classname="tests.test_legacy_hr_removal.TestBackendHealth" name="test_auth_login" time="0.366" /><testcase classname="tests.test_legacy_hr_removal.TestHotelRunnerV2ModuleImports" name="test_auth_module_import" time="0.329" /><testcase classname="tests.test_legacy_hr_removal.TestHotelRunnerV2ModuleImports" name="test_v1_client_module_import" time="0.002" /><testcase classname="tests.test_legacy_hr_removal.TestHotelRunnerV2ModuleImports" name="test_v1_errors_module_import" time="0.000" /><testcase classname="tests.test_legacy_hr_removal.TestHotelRunnerV2ModuleImports" name="test_v1_mapper_module_import" time="0.048" /><testcase classname="tests.test_legacy_hr_removal.TestHotelRunnerV2ModuleImports" name="test_environment_config_import" time="0.001" /><testcase classname="tests.test_legacy_hr_removal.TestHotelRunnerV2ModuleImports" name="test_xml_parser_import" time="0.000" /><testcase classname="tests.test_legacy_hr_removal.TestHotelRunnerV2ModuleImports" name="test_xml_builder_import" time="0.000" /><testcase classname="tests.test_legacy_hr_removal.TestHotelRunnerV2ModuleImports" name="test_service_module_import" time="0.000" /><testcase classname="tests.test_legacy_hr_removal.TestHotelRunnerV2ModuleImports" name="test_router_module_import" time="0.030" /><testcase classname="tests.test_legacy_hr_removal.TestApplicationServiceImports" name="test_inventory_sync_service_import" time="0.001" /><testcase classname="tests.test_legacy_hr_removal.TestApplicationServiceImports" name="test_reservation_import_service_import" time="0.001" /><testcase classname="tests.test_legacy_hr_removal.TestApplicationServiceImports" name="test_connector_service_import" time="0.000" /><testcase classname="tests.test_legacy_hr_removal.TestApplicationServiceImports" name="test_sandbox_validation_service_import" time="0.001" /><testcase classname="tests.test_legacy_hr_removal.TestNoLegacyReferences" name="test_no_old_hotelrunner_directory" time="0.000" /><testcase classname="tests.test_legacy_hr_removal.TestNoLegacyReferences" name="test_no_deprecated_v1_directory" time="0.000" /><testcase classname="tests.test_legacy_hr_removal.TestNoLegacyReferences" name="test_no_legacy_router_file" time="0.000" /><testcase classname="tests.test_legacy_hr_removal.TestNoLegacyReferences" name="test_no_legacy_provider_file" time="0.000" /><testcase classname="tests.test_legacy_hr_removal.TestChannelManagerV2APIs" name="test_connectors_list" time="0.203" /><testcase classname="tests.test_legacy_hr_removal.TestChannelManagerV2APIs" name="test_mapping_wizard_suggest_rooms" time="0.110" /><testcase classname="tests.test_legacy_hr_removal.TestChannelManagerV2APIs" name="test_environments_endpoint" time="0.100" /><testcase classname="tests.test_legacy_hr_removal.TestChannelManagerV2APIs" name="test_import_jobs_list" time="0.125" /><testcase classname="tests.test_legacy_hr_removal.TestChannelManagerV2APIs" name="test_connector_polling_config" time="0.110" /><testcase classname="tests.test_legacy_hr_removal.TestHotelRunnerV2FunctionCalls" name="test_environment_config_get_all" time="0.000" /><testcase classname="tests.test_legacy_hr_removal.TestHotelRunnerV2FunctionCalls" name="test_environment_config_get_specific" time="0.000" /><testcase classname="tests.test_legacy_hr_removal.TestHotelRunnerV2FunctionCalls" name="test_xml_builder_availability_notif" time="0.000" /><testcase classname="tests.test_legacy_hr_removal.TestHotelRunnerV2FunctionCalls" name="test_xml_parser_response_status" time="0.000" /></testsuite></testsuites>