<?xml version="1.0" encoding="utf-8"?><testsuites name="pytest tests"><testsuite name="pytest" errors="0" failures="0" skipped="0" tests="5" time="1.038" timestamp="2026-03-06T16:45:15.358976+00:00" hostname="agent-env-3c03539e-9c31-429b-a5f8-30bcdca4e466"><testcase classname="backend.tests.test_migration_observability.TestMigrationObservability" name="test_observability_endpoint_returns_expected_sections" time="0.514" /><testcase classname="backend.tests.test_migration_observability.TestMigrationObservability" name="test_observability_endpoint_enforces_tenant_isolation" time="0.196" /><testcase classname="backend.tests.test_migration_observability" name="test_health_score_is_green_when_signals_are_healthy" time="0.000" /><testcase classname="backend.tests.test_migration_observability" name="test_health_score_is_yellow_for_stale_pending_or_compare_error" time="0.000" /><testcase classname="backend.tests.test_migration_observability" name="test_health_score_red_override_for_audit_gap" time="0.000" /></testsuite></testsuites>