<?xml version="1.0" encoding="utf-8"?><testsuites name="pytest tests"><testsuite name="pytest" errors="0" failures="0" skipped="0" tests="40" time="0.586" timestamp="2026-03-11T21:45:35.404833+00:00" hostname="agent-env-8b0a5750-2817-4a8a-8eb7-38c78fd2ec8d"><testcase classname="tests.test_sprint_suite.TestSandboxValidation" name="test_check_result_structure" time="0.356" /><testcase classname="tests.test_sprint_suite.TestSandboxValidation" name="test_report_ready" time="0.000" /><testcase classname="tests.test_sprint_suite.TestSandboxValidation" name="test_report_not_ready" time="0.000" /><testcase classname="tests.test_sprint_suite.TestSandboxValidation" name="test_report_conditional" time="0.000" /><testcase classname="tests.test_sprint_suite.TestSandboxValidation" name="test_report_includes_warnings_and_mismatches" time="0.000" /><testcase classname="tests.test_sprint_suite.TestSandboxValidation" name="test_report_total_latency" time="0.000" /><testcase classname="tests.test_sprint_suite.TestEnvironmentConfig" name="test_all_environments_present" time="0.001" /><testcase classname="tests.test_sprint_suite.TestEnvironmentConfig" name="test_sandbox_config" time="0.000" /><testcase classname="tests.test_sprint_suite.TestEnvironmentConfig" name="test_production_config" time="0.000" /><testcase classname="tests.test_sprint_suite.TestEnvironmentConfig" name="test_mock_config" time="0.000" /><testcase classname="tests.test_sprint_suite.TestEnvironmentConfig" name="test_unknown_env_defaults_to_sandbox" time="0.000" /><testcase classname="tests.test_sprint_suite.TestEnvironmentConfig" name="test_get_all_environments" time="0.000" /><testcase classname="tests.test_sprint_suite.TestRouterRegistry" name="test_router_registry_imports" time="0.185" /><testcase classname="tests.test_sprint_suite.TestRouterRegistry" name="test_connector_endpoints_registered" time="0.000" /><testcase classname="tests.test_sprint_suite.TestRouterRegistry" name="test_reservation_endpoints_registered" time="0.000" /><testcase classname="tests.test_sprint_suite.TestRouterRegistry" name="test_alert_endpoints_registered" time="0.000" /><testcase classname="tests.test_sprint_suite.TestRouterRegistry" name="test_metrics_endpoints_registered" time="0.000" /><testcase classname="tests.test_sprint_suite.TestRouterRegistry" name="test_scheduler_endpoints_registered" time="0.000" /><testcase classname="tests.test_sprint_suite.TestRouterRegistry" name="test_audit_endpoints_registered" time="0.000" /><testcase classname="tests.test_sprint_suite.TestScheduledImportJob" name="test_job_creation" time="0.000" /><testcase classname="tests.test_sprint_suite.TestScheduledImportJob" name="test_job_to_doc" time="0.000" /><testcase classname="tests.test_sprint_suite.TestScheduledImportJob" name="test_duplicate_prevention_key" time="0.000" /><testcase classname="tests.test_sprint_suite.TestCredentialSecurityModels" name="test_connector_credential_creation" time="0.003" /><testcase classname="tests.test_sprint_suite.TestCredentialSecurityModels" name="test_connector_credential_to_doc" time="0.000" /><testcase classname="tests.test_sprint_suite.TestCredentialSecurityModels" name="test_encrypted_secret_creation" time="0.000" /><testcase classname="tests.test_sprint_suite.TestCredentialSecurityModels" name="test_secret_rotation_log" time="0.000" /><testcase classname="tests.test_sprint_suite.TestProviderContractErrors" name="test_invalid_xml_error" time="0.000" /><testcase classname="tests.test_sprint_suite.TestProviderContractErrors" name="test_missing_required_field" time="0.000" /><testcase classname="tests.test_sprint_suite.TestProviderContractErrors" name="test_schema_mismatch_error" time="0.000" /><testcase classname="tests.test_sprint_suite.TestProviderContractErrors" name="test_provider_error_response" time="0.000" /><testcase classname="tests.test_sprint_suite.TestProviderContractErrors" name="test_unknown_response_format" time="0.000" /><testcase classname="tests.test_sprint_suite.TestProviderContractErrors" name="test_all_errors_inherit_from_base" time="0.000" /><testcase classname="tests.test_sprint_suite.TestAuditActions" name="test_import_job_actions" time="0.000" /><testcase classname="tests.test_sprint_suite.TestAuditActions" name="test_credential_security_actions" time="0.000" /><testcase classname="tests.test_sprint_suite.TestAuditActions" name="test_safety_net_action" time="0.000" /><testcase classname="tests.test_sprint_suite.TestReservationImportRegression" name="test_imported_reservation_model" time="0.000" /><testcase classname="tests.test_sprint_suite.TestReservationImportRegression" name="test_reservation_batch_model" time="0.000" /><testcase classname="tests.test_sprint_suite.TestReservationImportRegression" name="test_fingerprint_computation" time="0.000" /><testcase classname="tests.test_sprint_suite.TestCredentialVault" name="test_mask_credentials" time="0.001" /><testcase classname="tests.test_sprint_suite.TestCredentialVault" name="test_encrypt_decrypt_roundtrip" time="0.000" /></testsuite></testsuites>