<?xml version="1.0" encoding="utf-8"?><testsuites name="pytest tests"><testsuite name="pytest" errors="0" failures="0" skipped="0" tests="17" time="3.791" timestamp="2026-04-08T12:57:16.228719+00:00" hostname="agent-env-197390b7-66c0-4a52-9a50-2c22c8b3214d"><testcase classname="tests.test_rms_module_api.TestRMSModuleAPI" name="test_get_pricing_strategy_returns_200" time="1.070" /><testcase classname="tests.test_rms_module_api.TestRMSModuleAPI" name="test_get_pricing_strategy_has_required_fields" time="0.164" /><testcase classname="tests.test_rms_module_api.TestRMSModuleAPI" name="test_put_pricing_strategy_enable_auto_pricing" time="0.181" /><testcase classname="tests.test_rms_module_api.TestRMSModuleAPI" name="test_put_pricing_strategy_disable_auto_pricing" time="0.166" /><testcase classname="tests.test_rms_module_api.TestRMSModuleAPI" name="test_get_price_adjustments_returns_200" time="0.206" /><testcase classname="tests.test_rms_module_api.TestRMSModuleAPI" name="test_get_price_adjustments_has_required_structure" time="0.183" /><testcase classname="tests.test_rms_module_api.TestRMSModuleAPI" name="test_get_demand_forecast_with_days_param_returns_200" time="0.166" /><testcase classname="tests.test_rms_module_api.TestRMSModuleAPI" name="test_get_demand_forecast_returns_correct_count" time="0.179" /><testcase classname="tests.test_rms_module_api.TestRMSModuleAPI" name="test_get_demand_forecast_has_date_and_demand_index" time="0.159" /><testcase classname="tests.test_rms_module_api.TestRMSModuleAPI" name="test_get_demand_forecast_30_days" time="0.215" /><testcase classname="tests.test_rms_module_api.TestRMSModuleAPI" name="test_apply_recommendations_returns_200" time="0.158" /><testcase classname="tests.test_rms_module_api.TestRMSModuleAPI" name="test_apply_recommendations_returns_applied_count" time="0.151" /><testcase classname="tests.test_rms_module_api.TestRMSModuleAPI" name="test_get_comp_set_returns_200" time="0.193" /><testcase classname="tests.test_rms_module_api.TestRMSModuleAPI" name="test_get_comp_set_has_both_keys" time="0.141" /><testcase classname="tests.test_rms_module_api.TestRMSModuleAPI" name="test_get_comp_set_competitors_structure" time="0.172" /><testcase classname="tests.test_rms_module_api.TestRMSModuleWithoutAuth" name="test_pricing_strategy_requires_auth" time="0.117" /><testcase classname="tests.test_rms_module_api.TestRMSModuleWithoutAuth" name="test_comp_set_requires_auth" time="0.109" /></testsuite></testsuites>