<?xml version="1.0" encoding="utf-8"?><testsuites name="pytest tests"><testsuite name="pytest" errors="0" failures="0" skipped="0" tests="24" time="7.942" timestamp="2026-03-13T19:41:07.452881+00:00" hostname="agent-env-01aab67c-853c-47b5-8784-1646af3e33d6"><testcase classname="tests.test_ingest_pipeline.TestHotelRunnerWebhooks" name="test_reservation_webhook_with_tenant_header" time="0.783" /><testcase classname="tests.test_ingest_pipeline.TestHotelRunnerWebhooks" name="test_modification_webhook" time="0.175" /><testcase classname="tests.test_ingest_pipeline.TestHotelRunnerWebhooks" name="test_cancellation_webhook" time="0.172" /><testcase classname="tests.test_ingest_pipeline.TestHotelRunnerWebhooks" name="test_webhook_requires_tenant_id" time="0.134" /><testcase classname="tests.test_ingest_pipeline.TestInjectAndProcess" name="test_inject_hotelrunner_create_decision" time="0.140" /><testcase classname="tests.test_ingest_pipeline.TestInjectAndProcess" name="test_inject_exely_create_decision" time="0.155" /><testcase classname="tests.test_ingest_pipeline.TestInjectAndProcess" name="test_reject_invalid_provider" time="0.159" /><testcase classname="tests.test_ingest_pipeline.TestDuplicateAndStaleDetection" name="test_duplicate_provider_event_id_skipped" time="0.817" /><testcase classname="tests.test_ingest_pipeline.TestDuplicateAndStaleDetection" name="test_stale_version_skipped" time="0.811" /><testcase classname="tests.test_ingest_pipeline.TestDuplicateAndStaleDetection" name="test_update_with_newer_version" time="0.832" /><testcase classname="tests.test_ingest_pipeline.TestCancellationHandling" name="test_cancellation_always_wins" time="0.784" /><testcase classname="tests.test_ingest_pipeline.TestMissingMappingHandling" name="test_missing_room_mapping_creates_case" time="0.145" /><testcase classname="tests.test_ingest_pipeline.TestWorkerControls" name="test_trigger_process_pending" time="0.193" /><testcase classname="tests.test_ingest_pipeline.TestWorkerControls" name="test_trigger_replay_failed" time="0.148" /><testcase classname="tests.test_ingest_pipeline.TestWorkerControls" name="test_trigger_hotelrunner_pull" time="0.147" /><testcase classname="tests.test_ingest_pipeline.TestWorkerControls" name="test_trigger_exely_pull" time="0.156" /><testcase classname="tests.test_ingest_pipeline.TestWorkerControls" name="test_invalid_provider_pull_rejected" time="0.135" /><testcase classname="tests.test_ingest_pipeline.TestStatusAndStatsAPIs" name="test_get_ingest_status" time="0.147" /><testcase classname="tests.test_ingest_pipeline.TestStatusAndStatsAPIs" name="test_get_ingest_events" time="0.147" /><testcase classname="tests.test_ingest_pipeline.TestStatusAndStatsAPIs" name="test_get_event_stats" time="0.185" /><testcase classname="tests.test_ingest_pipeline.TestStatusAndStatsAPIs" name="test_get_workers_status" time="0.142" /><testcase classname="tests.test_ingest_pipeline.TestLineageAPI" name="test_get_lineage_list" time="0.206" /><testcase classname="tests.test_ingest_pipeline.TestLineageAPI" name="test_lineage_has_loop_prevention_flag" time="0.211" /><testcase classname="tests.test_ingest_pipeline.TestEndToEndFlow" name="test_full_ingest_flow" time="0.943" /></testsuite></testsuites>