<?xml version="1.0" encoding="utf-8"?><testsuites name="pytest tests"><testsuite name="pytest" errors="0" failures="0" skipped="0" tests="11" time="3.766" timestamp="2026-03-24T21:01:50.037611+00:00" hostname="agent-env-ed577980-8dbb-4137-8a93-99c9783c10e0"><testcase classname="tests.test_strict_tenant_wire_status.TestHealthCheck" name="test_health_endpoint_returns_healthy" time="2.526" /><testcase classname="tests.test_strict_tenant_wire_status.TestAuthLogin" name="test_login_with_correct_credentials" time="0.447" /><testcase classname="tests.test_strict_tenant_wire_status.TestAuthLogin" name="test_login_with_invalid_credentials" time="0.116" /><testcase classname="tests.test_strict_tenant_wire_status.TestAuthenticatedAPIs" name="test_get_rooms_returns_96_rooms" time="0.245" /><testcase classname="tests.test_strict_tenant_wire_status.TestWireStatusAPI" name="test_wire_status_returns_overall_health" time="0.160" /><testcase classname="tests.test_strict_tenant_wire_status.TestWireStatusAPI" name="test_wire_status_failures_returns_items_array" time="0.116" /><testcase classname="tests.test_strict_tenant_wire_status.TestStrictTenantMode" name="test_strict_tenant_mode_enabled_in_env" time="0.000" /><testcase classname="tests.test_strict_tenant_wire_status.TestStrictTenantMode" name="test_no_tenant_violation_error_in_logs" time="0.003" /><testcase classname="tests.test_strict_tenant_wire_status.TestRuffCheck" name="test_ruff_check_passes_with_zero_violations" time="0.018" /><testcase classname="tests.test_strict_tenant_wire_status.TestOrphanFileGuard" name="test_orphan_file_guard_passes" time="0.028" /><testcase classname="tests.test_strict_tenant_wire_status.TestImportBoundaryGuard" name="test_import_boundary_guard_passes" time="0.059" /></testsuite></testsuites>