<?xml version="1.0" encoding="utf-8"?><testsuites name="pytest tests"><testsuite name="pytest" errors="0" failures="0" skipped="0" tests="11" time="6.047" timestamp="2026-03-18T07:13:33.839127+00:00" hostname="agent-env-88b3e913-8cff-490f-8c35-7bee5f14f5c0"><testcase classname="tests.test_exely_sync_and_calendar_bugfixes.TestExelySyncEndpoint" name="test_exely_sync_endpoint_exists" time="4.665" /><testcase classname="tests.test_exely_sync_and_calendar_bugfixes.TestExelySyncEndpoint" name="test_old_connector_endpoint_not_used_for_exely" time="0.153" /><testcase classname="tests.test_exely_sync_and_calendar_bugfixes.TestCancelledBookingsFilter" name="test_get_bookings_returns_status" time="0.115" /><testcase classname="tests.test_exely_sync_and_calendar_bugfixes.TestCancelledBookingsFilter" name="test_cancelled_bookings_have_cancelled_status" time="0.121" /><testcase classname="tests.test_exely_sync_and_calendar_bugfixes.TestRoomAssignment" name="test_put_booking_room_id_update" time="0.252" /><testcase classname="tests.test_exely_sync_and_calendar_bugfixes.TestRoomAssignment" name="test_assign_room_endpoint_exists" time="0.116" /><testcase classname="tests.test_exely_sync_and_calendar_bugfixes.TestUnassignedBookingsData" name="test_bookings_include_room_type" time="0.113" /><testcase classname="tests.test_exely_sync_and_calendar_bugfixes.TestUnassignedBookingsData" name="test_unassigned_bookings_exist" time="0.117" /><testcase classname="tests.test_exely_sync_and_calendar_bugfixes.TestExelyConnectionStatus" name="test_exely_connection_status" time="0.103" /><testcase classname="tests.test_exely_sync_and_calendar_bugfixes.TestExelyConnectionStatus" name="test_exely_sync_status" time="0.117" /><testcase classname="tests.test_exely_sync_and_calendar_bugfixes.TestCalendarDataFiltering" name="test_bookings_filter_by_status" time="0.112" /></testsuite></testsuites>