<?xml version="1.0" encoding="utf-8"?><testsuites name="pytest tests"><testsuite name="pytest" errors="0" failures="0" skipped="0" tests="13" time="3.865" timestamp="2026-03-30T17:57:32.130534+00:00" hostname="agent-env-16c2c80b-bd58-4b72-8a21-345128200894"><testcase classname="tests.test_hrv2_ops_dashboard.TestHRv2OpsDashboard" name="test_ops_dashboard_returns_200" time="0.252" /><testcase classname="tests.test_hrv2_ops_dashboard.TestHRv2OpsDashboard" name="test_ops_dashboard_provider_health" time="0.133" /><testcase classname="tests.test_hrv2_ops_dashboard.TestHRv2OpsDashboard" name="test_ops_dashboard_feature_flags" time="0.137" /><testcase classname="tests.test_hrv2_ops_dashboard.TestHRv2OpsDashboard" name="test_ops_dashboard_sync_overview" time="0.159" /><testcase classname="tests.test_hrv2_ops_dashboard.TestHRv2OpsDashboard" name="test_ops_dashboard_metrics_24h" time="0.158" /><testcase classname="tests.test_hrv2_ops_dashboard.TestHRv2OpsDashboard" name="test_ops_dashboard_dlq" time="0.115" /><testcase classname="tests.test_hrv2_ops_dashboard.TestHRv2OpsDashboard" name="test_ops_dashboard_recent_events" time="0.121" /><testcase classname="tests.test_hrv2_ops_dashboard.TestHRv2OpsDashboard" name="test_ops_dashboard_recent_drifts" time="0.123" /><testcase classname="tests.test_hrv2_ops_dashboard.TestHRv2TestConnection" name="test_test_connection_returns_success" time="1.644" /><testcase classname="tests.test_hrv2_ops_dashboard.TestHRv2Reconciliation" name="test_reconcile_returns_success" time="0.555" /><testcase classname="tests.test_hrv2_ops_dashboard.TestHRv2FeatureFlags" name="test_get_flags_returns_200" time="0.166" /><testcase classname="tests.test_hrv2_ops_dashboard.TestHRv2Metrics" name="test_get_metrics_returns_200" time="0.112" /><testcase classname="tests.test_hrv2_ops_dashboard.TestHRv2Status" name="test_get_status_returns_200" time="0.114" /></testsuite></testsuites>