<?xml version="1.0" encoding="utf-8"?><testsuites name="pytest tests"><testsuite name="pytest" errors="0" failures="0" skipped="0" tests="6" time="1.545" timestamp="2026-03-22T20:38:42.553839+00:00" hostname="agent-env-ac01b820-b8de-4a72-a9f6-1f740e537a66"><testcase classname="tests.test_atomic_booking" name="test_concurrent_booking_only_one_wins" time="0.483" /><testcase classname="tests.test_atomic_booking" name="test_adjacent_dates_allowed" time="0.208" /><testcase classname="tests.test_atomic_booking" name="test_partial_overlap_blocked" time="0.154" /><testcase classname="tests.test_atomic_booking" name="test_full_overlap_blocked" time="0.156" /><testcase classname="tests.test_atomic_booking" name="test_cancelled_booking_doesnt_block" time="0.224" /><testcase classname="tests.test_atomic_booking" name="test_different_rooms_both_succeed" time="0.239" /></testsuite></testsuites>