<?xml version="1.0" encoding="utf-8"?><testsuites name="pytest tests"><testsuite name="pytest" errors="0" failures="0" skipped="0" tests="21" time="4.455" timestamp="2026-03-23T22:46:33.386862+00:00" hostname="agent-env-415b71af-be06-469e-8bdc-a9556281b80b"><testcase classname="tests.test_sec_sandbox_ops_api.TestAdminGuard" name="test_ops_secrets_status_requires_auth" time="1.547" /><testcase classname="tests.test_sec_sandbox_ops_api.TestAdminGuard" name="test_ops_crypto_status_requires_auth" time="0.133" /><testcase classname="tests.test_sec_sandbox_ops_api.TestAdminGuard" name="test_ops_sandbox_dashboard_requires_auth" time="0.125" /><testcase classname="tests.test_sec_sandbox_ops_api.TestAdminGuard" name="test_ops_alerts_kpi_correlation_requires_auth" time="0.127" /><testcase classname="tests.test_sec_sandbox_ops_api.TestAdminGuard" name="test_ops_overview_requires_auth" time="0.118" /><testcase classname="tests.test_sec_sandbox_ops_api.TestSEC001SecretsManagement" name="test_secrets_status_returns_health_config_audit" time="0.517" /><testcase classname="tests.test_sec_sandbox_ops_api.TestSEC001SecretsManagement" name="test_secrets_rotation_plan_returns_items_with_severity" time="0.115" /><testcase classname="tests.test_sec_sandbox_ops_api.TestSEC001SecretsManagement" name="test_secrets_scoping_returns_tenant_provider_isolation" time="0.116" /><testcase classname="tests.test_sec_sandbox_ops_api.TestSEC002CryptoMigration" name="test_crypto_status_returns_health_dual_read_write" time="0.109" /><testcase classname="tests.test_sec_sandbox_ops_api.TestSEC002CryptoMigration" name="test_crypto_cutover_metrics_returns_format_distribution" time="0.140" /><testcase classname="tests.test_sec_sandbox_ops_api.TestSEC002CryptoMigration" name="test_crypto_migrate_check_returns_dry_run_results" time="0.109" /><testcase classname="tests.test_sec_sandbox_ops_api.TestSEC002CryptoMigration" name="test_crypto_key_info_returns_versioning_and_plans" time="0.130" /><testcase classname="tests.test_sec_sandbox_ops_api.TestSandboxDashboard" name="test_sandbox_dashboard_returns_provider_cards" time="0.118" /><testcase classname="tests.test_sec_sandbox_ops_api.TestSandboxDashboard" name="test_sandbox_trends_returns_trend_data" time="0.120" /><testcase classname="tests.test_sec_sandbox_ops_api.TestSandboxDashboard" name="test_sandbox_regressions_returns_regression_data" time="0.103" /><testcase classname="tests.test_sec_sandbox_ops_api.TestSandboxDashboard" name="test_sandbox_correlation_returns_deploy_drift_correlation" time="0.124" /><testcase classname="tests.test_sec_sandbox_ops_api.TestKPICorrelation" name="test_alerts_kpi_correlation_returns_business_impact" time="0.128" /><testcase classname="tests.test_sec_sandbox_ops_api.TestAuthenticatedAccess" name="test_ops_overview_with_auth" time="0.130" /><testcase classname="tests.test_sec_sandbox_ops_api.TestAuthenticatedAccess" name="test_ops_failures_with_auth" time="0.121" /><testcase classname="tests.test_sec_sandbox_ops_api.TestAuthenticatedAccess" name="test_ops_alerts_with_auth" time="0.128" /><testcase classname="tests.test_sec_sandbox_ops_api.TestAuthenticatedAccess" name="test_ops_runbooks_with_auth" time="0.108" /></testsuite></testsuites>