<?xml version="1.0" encoding="utf-8"?><testsuites name="pytest tests"><testsuite name="pytest" errors="0" failures="1" skipped="0" tests="8" time="2.869" timestamp="2026-03-01T20:09:07.617534+00:00" hostname="agent-env-091f3a4d-90ab-407d-a491-7bb212ac4b71"><testcase classname="backend.tests.test_booking_room_move_fix.TestBookingRoomMoveFix" name="test_login_success" time="0.492" /><testcase classname="backend.tests.test_booking_room_move_fix.TestBookingRoomMoveFix" name="test_get_rooms" time="0.178" /><testcase classname="backend.tests.test_booking_room_move_fix.TestBookingRoomMoveFix" name="test_get_bookings" time="0.234" /><testcase classname="backend.tests.test_booking_room_move_fix.TestBookingRoomMoveFix" name="test_booking_has_room_number_enriched" time="0.550" /><testcase classname="backend.tests.test_booking_room_move_fix.TestBookingRoomMoveFix" name="test_put_booking_updates_room_number_on_room_change" time="0.492"><failure message="AssertionError: room_number in GET doesn't match! Expected '101', got '114'&#10;assert '114' == '101'&#10;  &#10;  - 101&#10;  + 114">backend/tests/test_booking_room_move_fix.py:192: in test_put_booking_updates_room_number_on_room_change
    assert found_booking.get('room_number') == expected_new_room_number, \
E   AssertionError: room_number in GET doesn't match! Expected '101', got '114'
E   assert '114' == '101'
E     
E     - 101
E     + 114</failure></testcase><testcase classname="backend.tests.test_booking_room_move_fix.TestBookingRoomMoveFix" name="test_booking_count_stable_after_room_move" time="0.479" /><testcase classname="backend.tests.test_booking_room_move_fix.TestSpecificTestData" name="test_specific_booking_mentioned_in_bug" time="0.180" /><testcase classname="backend.tests.test_booking_room_move_fix.TestSpecificTestData" name="test_specific_rooms_mentioned_in_bug" time="0.187" /></testsuite></testsuites>