<?xml version="1.0" encoding="utf-8"?><testsuites name="pytest tests"><testsuite name="pytest" errors="0" failures="0" skipped="0" tests="28" time="6.325" timestamp="2026-03-23T23:10:00.295309+00:00" hostname="agent-env-4131206a-206b-4783-9f34-82a92e091b43"><testcase classname="tests.test_cicd_pipeline_api.TestCICDAuthGuard" name="test_tiers_without_auth_returns_401" time="1.762" /><testcase classname="tests.test_cicd_pipeline_api.TestCICDAuthGuard" name="test_runs_without_auth_returns_401" time="0.121" /><testcase classname="tests.test_cicd_pipeline_api.TestCICDAuthGuard" name="test_health_badges_without_auth_returns_401" time="0.135" /><testcase classname="tests.test_cicd_pipeline_api.TestCICDAuthGuard" name="test_run_without_auth_returns_401" time="0.126" /><testcase classname="tests.test_cicd_pipeline_api.TestCICDTiers" name="test_get_tiers_returns_3_tiers" time="0.562" /><testcase classname="tests.test_cicd_pipeline_api.TestCICDTiers" name="test_pr_gate_tier_config" time="0.058" /><testcase classname="tests.test_cicd_pipeline_api.TestCICDTiers" name="test_staging_gate_tier_config" time="0.051" /><testcase classname="tests.test_cicd_pipeline_api.TestCICDTiers" name="test_nightly_tier_config" time="0.052" /><testcase classname="tests.test_cicd_pipeline_api.TestCICDRunPipeline" name="test_run_pr_gate_returns_result" time="0.387" /><testcase classname="tests.test_cicd_pipeline_api.TestCICDRunPipeline" name="test_run_staging_gate_returns_full_scenarios" time="0.409" /><testcase classname="tests.test_cicd_pipeline_api.TestCICDRunPipeline" name="test_run_nightly_blocks_deploy_false" time="0.413" /><testcase classname="tests.test_cicd_pipeline_api.TestCICDRunPipeline" name="test_run_invalid_tier_returns_400" time="0.057" /><testcase classname="tests.test_cicd_pipeline_api.TestCICDRunPipeline" name="test_acceptance_criteria_includes_required_checks" time="0.427" /><testcase classname="tests.test_cicd_pipeline_api.TestCICDRuns" name="test_list_runs_returns_recent_runs" time="0.058" /><testcase classname="tests.test_cicd_pipeline_api.TestCICDRuns" name="test_list_runs_with_tier_filter" time="0.060" /><testcase classname="tests.test_cicd_pipeline_api.TestCICDRuns" name="test_get_specific_run_returns_details" time="0.105" /><testcase classname="tests.test_cicd_pipeline_api.TestCICDRuns" name="test_get_nonexistent_run_returns_404" time="0.081" /><testcase classname="tests.test_cicd_pipeline_api.TestCICDDeployGate" name="test_get_deploy_gate_returns_verdict" time="0.107" /><testcase classname="tests.test_cicd_pipeline_api.TestCICDDeployGate" name="test_deploy_gate_nonexistent_run_returns_404" time="0.052" /><testcase classname="tests.test_cicd_pipeline_api.TestCICDBaseline" name="test_get_baseline_returns_per_tier" time="0.065" /><testcase classname="tests.test_cicd_pipeline_api.TestCICDHealthBadges" name="test_get_health_badges_returns_3_badges" time="0.055" /><testcase classname="tests.test_cicd_pipeline_api.TestCICDHealthBadges" name="test_health_badge_structure" time="0.056" /><testcase classname="tests.test_cicd_pipeline_api.TestCICDHealthBadges" name="test_health_badges_tier_mapping" time="0.061" /><testcase classname="tests.test_cicd_pipeline_api.TestCICDTrends" name="test_get_trends_returns_data" time="0.057" /><testcase classname="tests.test_cicd_pipeline_api.TestCICDTrends" name="test_trends_overall_structure" time="0.058" /><testcase classname="tests.test_cicd_pipeline_api.TestCICDTrends" name="test_trends_with_tier_filter" time="0.055" /><testcase classname="tests.test_cicd_pipeline_api.TestCICDAcceptanceCriteriaValues" name="test_passing_run_has_all_criteria_passed" time="0.413" /><testcase classname="tests.test_cicd_pipeline_api.TestCICDAcceptanceCriteriaValues" name="test_criteria_have_severity_and_value" time="0.396" /></testsuite></testsuites>