<?xml version="1.0" encoding="utf-8"?><testsuites name="pytest tests"><testsuite name="pytest" errors="0" failures="0" skipped="0" tests="27" time="3.544" timestamp="2026-03-12T04:47:03.276231+00:00" hostname="agent-env-f7003587-2a74-43e9-85c2-f5b01ff99cc9"><testcase classname="tests.test_enterprise_modules" name="test_revenue_dashboard" time="0.272" /><testcase classname="tests.test_enterprise_modules" name="test_occupancy_forecast" time="0.108" /><testcase classname="tests.test_enterprise_modules" name="test_rate_suggestions" time="0.124" /><testcase classname="tests.test_enterprise_modules" name="test_yield_recommendations" time="0.118" /><testcase classname="tests.test_enterprise_modules" name="test_booking_pace" time="0.124" /><testcase classname="tests.test_enterprise_modules" name="test_ideal_adr" time="0.113" /><testcase classname="tests.test_enterprise_modules" name="test_lead_time_analysis" time="0.110" /><testcase classname="tests.test_enterprise_modules" name="test_channel_performance" time="0.105" /><testcase classname="tests.test_enterprise_modules" name="test_apply_rate" time="0.115" /><testcase classname="tests.test_enterprise_modules" name="test_rate_suggestions_max_limit" time="0.115" /><testcase classname="tests.test_enterprise_modules" name="test_publish_event" time="0.121" /><testcase classname="tests.test_enterprise_modules" name="test_publish_unknown_event" time="0.104" /><testcase classname="tests.test_enterprise_modules" name="test_live_feed" time="0.113" /><testcase classname="tests.test_enterprise_modules" name="test_unread_count" time="0.108" /><testcase classname="tests.test_enterprise_modules" name="test_mark_read" time="0.222" /><testcase classname="tests.test_enterprise_modules" name="test_acknowledge_event" time="0.229" /><testcase classname="tests.test_enterprise_modules" name="test_event_stats" time="0.119" /><testcase classname="tests.test_enterprise_modules" name="test_front_desk_queue" time="0.127" /><testcase classname="tests.test_enterprise_modules" name="test_housekeeping_board" time="0.108" /><testcase classname="tests.test_enterprise_modules" name="test_satisfaction_dashboard" time="0.113" /><testcase classname="tests.test_enterprise_modules" name="test_guest_requests_list" time="0.106" /><testcase classname="tests.test_enterprise_modules" name="test_message_templates" time="0.121" /><testcase classname="tests.test_enterprise_modules" name="test_reputation_summary" time="0.106" /><testcase classname="tests.test_enterprise_modules" name="test_online_checkin_invalid_booking" time="0.113" /><testcase classname="tests.test_enterprise_modules" name="test_guest_request_invalid_type" time="0.106" /><testcase classname="tests.test_enterprise_modules" name="test_send_message_invalid_channel" time="0.109" /><testcase classname="tests.test_enterprise_modules" name="test_submit_review_invalid_rating" time="0.122" /></testsuite></testsuites>