<?xml version="1.0" encoding="utf-8"?><testsuites name="pytest tests"><testsuite name="pytest" errors="0" failures="0" skipped="0" tests="10" time="4.095" timestamp="2026-03-20T11:24:56.447381+00:00" hostname="agent-env-8b906dfc-4f6e-44f3-bf5e-a76ab07cbf2c"><testcase classname="tests.test_p5_stop_sale_deposits.TestStopSaleAPI" name="test_get_stop_sale_status" time="1.300" /><testcase classname="tests.test_p5_stop_sale_deposits.TestStopSaleAPI" name="test_toggle_stop_sale_on" time="0.154" /><testcase classname="tests.test_p5_stop_sale_deposits.TestStopSaleAPI" name="test_toggle_stop_sale_off" time="0.106" /><testcase classname="tests.test_p5_stop_sale_deposits.TestStopSaleAPI" name="test_get_stop_sale_status_after_toggle" time="0.344" /><testcase classname="tests.test_p5_stop_sale_deposits.TestDepositsAPI" name="test_list_all_deposits" time="0.232" /><testcase classname="tests.test_p5_stop_sale_deposits.TestDepositsAPI" name="test_bookings_search_parameter" time="0.116" /><testcase classname="tests.test_p5_stop_sale_deposits.TestDepositsAPI" name="test_bookings_search_empty" time="0.112" /><testcase classname="tests.test_p5_stop_sale_deposits.TestRateManagerGrid" name="test_get_rate_manager_grid" time="0.221" /><testcase classname="tests.test_p5_stop_sale_deposits.TestRateManagerGrid" name="test_bulk_grid_update_structure" time="1.142" /><testcase classname="tests.test_p5_stop_sale_deposits.TestInvoiceGeneration" name="test_generate_invoice_endpoint_exists" time="0.293" /></testsuite></testsuites>