<?xml version="1.0" encoding="utf-8"?><testsuites name="pytest tests"><testsuite name="pytest" errors="0" failures="0" skipped="0" tests="16" time="3.302" timestamp="2026-03-12T15:16:48.080112+00:00" hostname="agent-env-748d6655-f288-42f0-b632-2da6ecf66b15"><testcase classname="tests.test_system_health_normalized_api.TestAuth" name="test_login_success" time="0.524" /><testcase classname="tests.test_system_health_normalized_api.TestNormalizedHealthEndpoints" name="test_role_dashboard_endpoint" time="0.266" /><testcase classname="tests.test_system_health_normalized_api.TestNormalizedHealthEndpoints" name="test_normalized_overview_endpoint" time="0.153" /><testcase classname="tests.test_system_health_normalized_api.TestNormalizedHealthEndpoints" name="test_normalized_channel_manager_endpoint" time="0.114" /><testcase classname="tests.test_system_health_normalized_api.TestNormalizedHealthEndpoints" name="test_normalized_workers_endpoint" time="0.124" /><testcase classname="tests.test_system_health_normalized_api.TestNormalizedHealthEndpoints" name="test_normalized_security_endpoint" time="0.134" /><testcase classname="tests.test_system_health_normalized_api.TestServiceWiredEndpoints" name="test_arrivals_today_endpoint" time="0.227" /><testcase classname="tests.test_system_health_normalized_api.TestServiceWiredEndpoints" name="test_unified_today_arrivals_endpoint" time="0.119" /><testcase classname="tests.test_system_health_normalized_api.TestServiceWiredEndpoints" name="test_frontdesk_audit_checklist_endpoint" time="0.126" /><testcase classname="tests.test_system_health_normalized_api.TestServiceWiredEndpoints" name="test_audit_logs_endpoint" time="0.130" /><testcase classname="tests.test_system_health_normalized_api.TestServiceWiredEndpoints" name="test_error_logs_endpoint" time="0.243" /><testcase classname="tests.test_system_health_normalized_api.TestServiceWiredEndpoints" name="test_night_audit_logs_endpoint" time="0.116" /><testcase classname="tests.test_system_health_normalized_api.TestChannelManagerHardening" name="test_channel_manager_runtime_status" time="0.297" /><testcase classname="tests.test_system_health_normalized_api.TestWorkerQueueHealth" name="test_workers_queues_health" time="0.237" /><testcase classname="tests.test_system_health_normalized_api.TestSecurityEndpoints" name="test_security_audit_status" time="0.278" /><testcase classname="tests.test_system_health_normalized_api.TestSecurityEndpoints" name="test_security_rate_limit_status" time="0.123" /></testsuite></testsuites>