<?xml version="1.0" encoding="utf-8"?><testsuites name="pytest tests"><testsuite name="pytest" errors="0" failures="0" skipped="0" tests="16" time="5.247" timestamp="2026-04-01T10:44:24.210266+00:00" hostname="agent-env-1bb1ddcb-9ff5-446a-909d-86b204a60fc1"><testcase classname="tests.test_p2_auto_map_wire_failures.TestAutoMapSuggestEndpoint" name="test_auto_map_suggest_exely_returns_200_or_404" time="2.505" /><testcase classname="tests.test_p2_auto_map_wire_failures.TestAutoMapSuggestEndpoint" name="test_auto_map_suggest_hotelrunner_returns_200_or_404" time="0.149" /><testcase classname="tests.test_p2_auto_map_wire_failures.TestAutoMapSuggestEndpoint" name="test_auto_map_suggest_invalid_provider_returns_400" time="0.100" /><testcase classname="tests.test_p2_auto_map_wire_failures.TestAutoMapApplyEndpoint" name="test_auto_map_apply_empty_mappings_returns_success" time="0.118" /><testcase classname="tests.test_p2_auto_map_wire_failures.TestAutoMapApplyEndpoint" name="test_auto_map_apply_invalid_provider_returns_400" time="0.119" /><testcase classname="tests.test_p2_auto_map_wire_failures.TestAutoMapStatusEndpoint" name="test_auto_map_status_exely_returns_200_or_404" time="0.141" /><testcase classname="tests.test_p2_auto_map_wire_failures.TestAutoMapStatusEndpoint" name="test_auto_map_status_hotelrunner_returns_200_or_404" time="0.107" /><testcase classname="tests.test_p2_auto_map_wire_failures.TestAutoMapStatusEndpoint" name="test_auto_map_status_invalid_provider_returns_400" time="0.111" /><testcase classname="tests.test_p2_auto_map_wire_failures.TestWireFailureSummaryEndpoint" name="test_wire_failure_summary_returns_200" time="0.144" /><testcase classname="tests.test_p2_auto_map_wire_failures.TestWireFailureSummaryEndpoint" name="test_wire_failure_summary_with_custom_days" time="0.116" /><testcase classname="tests.test_p2_auto_map_wire_failures.TestWireFailureRecentEndpoint" name="test_wire_failure_recent_returns_200" time="0.111" /><testcase classname="tests.test_p2_auto_map_wire_failures.TestWireFailureRecentEndpoint" name="test_wire_failure_recent_with_provider_filter" time="0.612" /><testcase classname="tests.test_p2_auto_map_wire_failures.TestWireFailureTrendEndpoint" name="test_wire_failure_trend_returns_200" time="0.124" /><testcase classname="tests.test_p2_auto_map_wire_failures.TestWireFailureTrendEndpoint" name="test_wire_failure_trend_with_custom_days" time="0.120" /><testcase classname="tests.test_p2_auto_map_wire_failures.TestAutoMapIntegration" name="test_auto_map_full_workflow_exely" time="0.203" /><testcase classname="tests.test_p2_auto_map_wire_failures.TestWireFailureIntegration" name="test_wire_failure_summary_and_recent_consistency" time="0.398" /></testsuite></testsuites>