<?xml version="1.0" encoding="utf-8"?><testsuites name="pytest tests"><testsuite name="pytest" errors="0" failures="0" skipped="0" tests="22" time="7.969" timestamp="2026-03-13T21:00:13.381796+00:00" hostname="agent-env-72d631e3-bc78-4842-aa7f-5a760d75ca44"><testcase classname="tests.test_reconciliation_engine.TestReconciliationAuth" name="test_login_returns_token" time="0.943" /><testcase classname="tests.test_reconciliation_engine.TestReconciliationAuth" name="test_unauthenticated_access_blocked" time="0.212" /><testcase classname="tests.test_reconciliation_engine.TestReconciliationListCases" name="test_list_cases_basic" time="0.306" /><testcase classname="tests.test_reconciliation_engine.TestReconciliationListCases" name="test_list_cases_filter_status" time="0.134" /><testcase classname="tests.test_reconciliation_engine.TestReconciliationListCases" name="test_list_cases_filter_severity" time="0.142" /><testcase classname="tests.test_reconciliation_engine.TestReconciliationListCases" name="test_list_cases_filter_case_type" time="0.209" /><testcase classname="tests.test_reconciliation_engine.TestReconciliationListCases" name="test_list_cases_filter_provider" time="0.203" /><testcase classname="tests.test_reconciliation_engine.TestReconciliationDashboard" name="test_dashboard_structure" time="0.266" /><testcase classname="tests.test_reconciliation_engine.TestReconciliationMetrics" name="test_metrics_structure" time="0.251" /><testcase classname="tests.test_reconciliation_engine.TestReconciliationWorkerStatus" name="test_worker_status" time="0.370" /><testcase classname="tests.test_reconciliation_engine.TestReconciliationRun" name="test_manual_run" time="0.353" /><testcase classname="tests.test_reconciliation_engine.TestReconciliationRunWithSnapshots" name="test_run_with_snapshots_missing_reservation" time="0.308" /><testcase classname="tests.test_reconciliation_engine.TestReconciliationRunWithSnapshots" name="test_run_with_snapshots_ghost_reservation" time="0.425" /><testcase classname="tests.test_reconciliation_engine.TestReconciliationRunWithSnapshots" name="test_run_with_snapshots_amount_mismatch" time="0.328" /><testcase classname="tests.test_reconciliation_engine.TestReconciliationAutoResolution" name="test_missing_reservation_auto_resolved" time="0.467" /><testcase classname="tests.test_reconciliation_engine.TestReconciliationIdempotency" name="test_duplicate_case_skipped" time="0.507" /><testcase classname="tests.test_reconciliation_engine.TestReconciliationCaseActions" name="test_acknowledge_case" time="0.700" /><testcase classname="tests.test_reconciliation_engine.TestReconciliationCaseActions" name="test_resolve_case" time="0.443" /><testcase classname="tests.test_reconciliation_engine.TestReconciliationCaseActions" name="test_ignore_case" time="0.467" /><testcase classname="tests.test_reconciliation_engine.TestReconciliationCaseActions" name="test_resolve_already_closed_case_fails" time="0.264" /><testcase classname="tests.test_reconciliation_engine.TestReconciliationCaseDetail" name="test_get_case_detail" time="0.394" /><testcase classname="tests.test_reconciliation_engine.TestReconciliationCaseDetail" name="test_get_nonexistent_case" time="0.163" /></testsuite></testsuites>