<?xml version="1.0" encoding="utf-8"?><testsuites name="pytest tests"><testsuite name="pytest" errors="0" failures="0" skipped="0" tests="7" time="1.335" timestamp="2026-03-19T08:41:13.074758+00:00" hostname="agent-env-80af68df-8b75-4464-833f-2482e3b88cdb"><testcase classname="tests.test_group_folio_api.TestGroupFolioAPI" name="test_group_folio_summary_endpoint_exists" time="0.225" /><testcase classname="tests.test_group_folio_api.TestGroupFolioAPI" name="test_group_folio_status_endpoint" time="0.157" /><testcase classname="tests.test_group_folio_api.TestGroupFolioAPI" name="test_group_booking_folio_detail_endpoint" time="0.163" /><testcase classname="tests.test_group_folio_api.TestGroupFolioAPI" name="test_group_folio_payment_endpoint_validation" time="0.165" /><testcase classname="tests.test_group_folio_api.TestGroupFolioAPI" name="test_group_bookings_list_endpoint" time="0.187" /><testcase classname="tests.test_group_folio_api.TestGroupFolioAPI" name="test_group_folio_merge_endpoint_validation" time="0.160" /><testcase classname="tests.test_group_folio_api.TestGroupFolioAPIStructure" name="test_summary_stats_data_types" time="0.204" /></testsuite></testsuites>