<?xml version="1.0" encoding="utf-8"?><testsuites name="pytest tests"><testsuite name="pytest" errors="0" failures="1" skipped="0" tests="16" time="6.917" timestamp="2026-02-27T10:51:21.454233+00:00" hostname="agent-env-777b9567-7981-403e-bc92-b411cc526061"><testcase classname="backend.tests.test_guest_messaging.TestGuestMessaging" name="test_login_works" time="0.721" /><testcase classname="backend.tests.test_guest_messaging.TestGuestMessaging" name="test_get_messages_list" time="0.434" /><testcase classname="backend.tests.test_guest_messaging.TestGuestMessaging" name="test_get_unread_count" time="0.420" /><testcase classname="backend.tests.test_guest_messaging.TestGuestMessaging" name="test_send_message" time="0.399" /><testcase classname="backend.tests.test_guest_messaging.TestGuestMessaging" name="test_send_message_with_type_request" time="0.429" /><testcase classname="backend.tests.test_guest_messaging.TestGuestMessaging" name="test_send_message_with_type_complaint" time="0.395" /><testcase classname="backend.tests.test_guest_messaging.TestGuestMessaging" name="test_send_message_with_type_feedback" time="0.394" /><testcase classname="backend.tests.test_guest_messaging.TestGuestMessaging" name="test_mark_all_read" time="0.479" /><testcase classname="backend.tests.test_guest_messaging.TestGuestMessaging" name="test_send_message_missing_message_field" time="0.397" /><testcase classname="backend.tests.test_guest_messaging.TestGuestMessaging" name="test_unauthorized_access" time="0.450" /><testcase classname="backend.tests.test_guest_messaging.TestGuestMessaging" name="test_message_persistence_after_send" time="0.462" /><testcase classname="backend.tests.test_guest_messaging.TestReportBuilderAfterI18n" name="test_report_builder_config" time="0.414" /><testcase classname="backend.tests.test_guest_messaging.TestReportBuilderAfterI18n" name="test_report_builder_generate_report" time="0.413" /><testcase classname="backend.tests.test_guest_messaging.TestReportBuilderAfterI18n" name="test_report_builder_templates_list" time="0.425" /><testcase classname="backend.tests.test_guest_messaging.TestBasicEndpoints" name="test_dashboard_loads" time="0.389" /><testcase classname="backend.tests.test_guest_messaging.TestBasicEndpoints" name="test_auth_me_endpoint" time="0.201"><failure message="AssertionError: Auth me failed: {&quot;detail&quot;:&quot;Not authenticated&quot;}&#10;assert 403 == 200&#10; +  where 403 = &lt;Response [403]&gt;.status_code">backend/tests/test_guest_messaging.py:342: in test_auth_me_endpoint
    assert response.status_code == 200, f"Auth me failed: {response.text}"
E   AssertionError: Auth me failed: {"detail":"Not authenticated"}
E   assert 403 == 200
E    +  where 403 = &lt;Response [403]&gt;.status_code</failure></testcase></testsuite></testsuites>