<?xml version="1.0" encoding="utf-8"?><testsuites name="pytest tests"><testsuite name="pytest" errors="0" failures="0" skipped="0" tests="34" time="2.294" timestamp="2026-03-31T12:06:55.151815+00:00" hostname="agent-env-f777d109-f29b-43c0-ab66-2ff2827b12d7"><testcase classname="tests.test_e2e_reservation_flow.TestSafetyGuards" name="test_shadow_mode_active" time="0.184" /><testcase classname="tests.test_e2e_reservation_flow.TestSafetyGuards" name="test_connector_enabled" time="0.059" /><testcase classname="tests.test_e2e_reservation_flow.TestMockServerSetup" name="test_mock_health" time="0.022" /><testcase classname="tests.test_e2e_reservation_flow.TestMockServerSetup" name="test_mock_reset" time="0.001" /><testcase classname="tests.test_e2e_reservation_flow.TestMockServerSetup" name="test_inject_new_reservation" time="0.001" /><testcase classname="tests.test_e2e_reservation_flow.TestMockServerSetup" name="test_inject_modified_reservation" time="0.001" /><testcase classname="tests.test_e2e_reservation_flow.TestMockServerSetup" name="test_inject_cancelled_reservation" time="0.001" /><testcase classname="tests.test_e2e_reservation_flow.TestConnectionAndPull" name="test_connection" time="0.120" /><testcase classname="tests.test_e2e_reservation_flow.TestConnectionAndPull" name="test_pull_reservations" time="0.094" /><testcase classname="tests.test_e2e_reservation_flow.TestIngestChain" name="test_ingest_new" time="0.093" /><testcase classname="tests.test_e2e_reservation_flow.TestIngestChain" name="test_ingest_modify" time="0.091" /><testcase classname="tests.test_e2e_reservation_flow.TestIngestChain" name="test_ingest_cancel" time="0.099" /><testcase classname="tests.test_e2e_reservation_flow.TestIdempotencyAndStale" name="test_duplicate_rejection" time="0.069" /><testcase classname="tests.test_e2e_reservation_flow.TestIdempotencyAndStale" name="test_stale_update_rejection" time="0.067" /><testcase classname="tests.test_e2e_reservation_flow.TestTrace" name="test_trace_exists" time="0.054" /><testcase classname="tests.test_e2e_reservation_flow.TestConfirmDelivery" name="test_confirm_new" time="0.080" /><testcase classname="tests.test_e2e_reservation_flow.TestConfirmDelivery" name="test_confirm_idempotent" time="0.071" /><testcase classname="tests.test_e2e_reservation_flow.TestDryRun" name="test_dry_run_ari_push" time="0.077" /><testcase classname="tests.test_e2e_reservation_flow.TestDryRun" name="test_dry_run_chain" time="0.148" /><testcase classname="tests.test_e2e_reservation_flow.TestDryRun" name="test_dry_run_simulate_timeout" time="0.053" /><testcase classname="tests.test_e2e_reservation_flow.TestDryRun" name="test_dry_run_simulate_rate_limit" time="0.053" /><testcase classname="tests.test_e2e_reservation_flow.TestDryRun" name="test_dry_run_simulate_validation_error" time="0.055" /><testcase classname="tests.test_e2e_reservation_flow.TestDryRun" name="test_dry_run_stats" time="0.052" /><testcase classname="tests.test_e2e_reservation_flow.TestDryRun" name="test_dry_run_write_criteria" time="0.052" /><testcase classname="tests.test_e2e_reservation_flow.TestOpsDashboard" name="test_ops_dashboard_populated" time="0.069" /><testcase classname="tests.test_e2e_reservation_flow.TestOpsDashboard" name="test_status_endpoint" time="0.052" /><testcase classname="tests.test_e2e_reservation_flow.TestOpsDashboard" name="test_metrics_populated" time="0.052" /><testcase classname="tests.test_e2e_reservation_flow.TestOpsDashboard" name="test_dlq_check" time="0.048" /><testcase classname="tests.test_e2e_reservation_flow.TestOpsDashboard" name="test_readiness_score" time="0.052" /><testcase classname="tests.test_e2e_reservation_flow.TestOpsDashboard" name="test_observation_snapshot" time="0.056" /><testcase classname="tests.test_e2e_reservation_flow.TestOpsDashboard" name="test_observation_history" time="0.051" /><testcase classname="tests.test_e2e_reservation_flow.TestOpsDashboard" name="test_automation_trigger" time="0.161" /><testcase classname="tests.test_e2e_reservation_flow.TestFinalSafety" name="test_write_still_disabled" time="0.048" /><testcase classname="tests.test_e2e_reservation_flow.TestFinalSafety" name="test_print_summary" time="0.001" /></testsuite></testsuites>