<?xml version="1.0" encoding="utf-8"?><testsuites name="pytest tests"><testsuite name="pytest" errors="0" failures="0" skipped="0" tests="15" time="2.479" timestamp="2026-03-22T20:31:42.329420+00:00" hostname="agent-env-ac01b820-b8de-4a72-a9f6-1f740e537a66"><testcase classname="tests.test_readme_and_booking_validation.TestReadmeFiles" name="test_root_readme_exists_and_has_syroce_pms" time="0.001" /><testcase classname="tests.test_readme_and_booking_validation.TestReadmeFiles" name="test_root_readme_has_react_19" time="0.000" /><testcase classname="tests.test_readme_and_booking_validation.TestReadmeFiles" name="test_root_readme_has_python_311" time="0.000" /><testcase classname="tests.test_readme_and_booking_validation.TestReadmeFiles" name="test_root_readme_has_node_20" time="0.000" /><testcase classname="tests.test_readme_and_booking_validation.TestReadmeFiles" name="test_root_readme_has_mongodb_70" time="0.000" /><testcase classname="tests.test_readme_and_booking_validation.TestReadmeFiles" name="test_backend_readme_exists" time="0.000" /><testcase classname="tests.test_readme_and_booking_validation.TestReadmeFiles" name="test_backend_readme_has_syroce_pms" time="0.000" /><testcase classname="tests.test_readme_and_booking_validation.TestReadmeFiles" name="test_backend_readme_has_python_311" time="0.000" /><testcase classname="tests.test_readme_and_booking_validation.TestReadmeFiles" name="test_backend_readme_has_mongodb_70" time="0.000" /><testcase classname="tests.test_readme_and_booking_validation.TestReadmeFiles" name="test_frontend_readme_exists" time="0.000" /><testcase classname="tests.test_readme_and_booking_validation.TestReadmeFiles" name="test_frontend_readme_has_react_19" time="0.000" /><testcase classname="tests.test_readme_and_booking_validation.TestBookingDateValidation" name="test_past_date_booking_rejected" time="1.572" /><testcase classname="tests.test_readme_and_booking_validation.TestBookingDateValidation" name="test_future_date_booking_succeeds" time="0.416" /><testcase classname="tests.test_readme_and_booking_validation.TestLoginAndDashboard" name="test_login_with_demo_credentials" time="0.119" /><testcase classname="tests.test_readme_and_booking_validation.TestLoginAndDashboard" name="test_dashboard_stats_accessible" time="0.330" /></testsuite></testsuites>