<?xml version="1.0" encoding="utf-8"?><testsuites name="pytest tests"><testsuite name="pytest" errors="0" failures="0" skipped="0" tests="23" time="1.583" timestamp="2026-03-22T00:12:19.942558+00:00" hostname="agent-env-b1112d2b-4997-4bcb-83bf-04162a95e49d"><testcase classname="tests.test_night_audit_hardening" name="test_successful_full_audit" time="0.263" /><testcase classname="tests.test_night_audit_hardening" name="test_successful_audit_multiple_bookings" time="0.093" /><testcase classname="tests.test_night_audit_hardening" name="test_blocked_on_missing_folio" time="0.033" /><testcase classname="tests.test_night_audit_hardening" name="test_blocked_on_orphan_checkin" time="0.032" /><testcase classname="tests.test_night_audit_hardening" name="test_duplicate_posting_prevented" time="0.069" /><testcase classname="tests.test_night_audit_hardening" name="test_zero_rate_booking_skipped" time="0.087" /><testcase classname="tests.test_night_audit_hardening" name="test_stale_run_detection" time="0.022" /><testcase classname="tests.test_night_audit_hardening" name="test_stale_run_auto_recovery" time="0.021" /><testcase classname="tests.test_night_audit_hardening" name="test_resume_failed_run" time="0.053" /><testcase classname="tests.test_night_audit_hardening" name="test_resume_posted_items_not_reposted" time="0.058" /><testcase classname="tests.test_night_audit_hardening" name="test_resume_invalid_state" time="0.019" /><testcase classname="tests.test_night_audit_hardening" name="test_no_double_close" time="0.060" /><testcase classname="tests.test_night_audit_hardening" name="test_no_concurrent_runs" time="0.022" /><testcase classname="tests.test_night_audit_hardening" name="test_bd_not_advanced_on_block" time="0.049" /><testcase classname="tests.test_night_audit_hardening" name="test_bd_advances_correctly" time="0.094" /><testcase classname="tests.test_night_audit_hardening" name="test_abort_running_run" time="0.035" /><testcase classname="tests.test_night_audit_hardening" name="test_abort_completed_fails" time="0.030" /><testcase classname="tests.test_night_audit_hardening" name="test_get_run_status" time="0.087" /><testcase classname="tests.test_night_audit_hardening" name="test_get_runs_list" time="0.067" /><testcase classname="tests.test_night_audit_hardening" name="test_get_run_items" time="0.081" /><testcase classname="tests.test_night_audit_hardening" name="test_get_run_detail" time="0.075" /><testcase classname="tests.test_night_audit_hardening" name="test_health_metrics" time="0.012" /><testcase classname="tests.test_night_audit_hardening" name="test_no_show_candidate" time="0.067" /></testsuite></testsuites>