<?xml version="1.0" encoding="utf-8"?><testsuites name="pytest tests"><testsuite name="pytest" errors="0" failures="0" skipped="0" tests="20" time="2.583" timestamp="2026-03-25T12:34:09.223587+00:00" hostname="agent-env-c22b8a70-63af-4cd8-ab35-51e05d6359dd"><testcase classname="tests.test_pii_kms_classification_api.TestAuthLogin" name="test_login_returns_access_token" time="1.361" /><testcase classname="tests.test_pii_kms_classification_api.TestPIIPolicy" name="test_pii_policy_returns_fields" time="0.240" /><testcase classname="tests.test_pii_kms_classification_api.TestSecretsClassification" name="test_secrets_classification_returns_7_types" time="0.107" /><testcase classname="tests.test_pii_kms_classification_api.TestSecretsInventory" name="test_secrets_inventory_returns_inventory" time="0.109" /><testcase classname="tests.test_pii_kms_classification_api.TestKMSStatus" name="test_kms_status_returns_status" time="0.116" /><testcase classname="tests.test_pii_kms_classification_api.TestPIIAudit" name="test_pii_audit_returns_trail" time="0.120" /><testcase classname="tests.test_pii_kms_classification_api.TestPIIAnomalies" name="test_pii_anomalies_returns_results" time="0.107" /><testcase classname="tests.test_pii_kms_classification_api.TestPIIMetrics" name="test_pii_metrics_returns_field_counts" time="0.109" /><testcase classname="tests.test_pii_kms_classification_api.TestGuestsEndpoint" name="test_guests_endpoint_returns_data" time="0.127" /><testcase classname="tests.test_pii_kms_classification_api.TestSecretsStatus" name="test_secrets_status_endpoint" time="0.111" /><testcase classname="tests.test_pii_kms_classification_api.TestPIIMaskingLogic" name="test_mask_dict_masks_email_for_anonymous" time="0.002" /><testcase classname="tests.test_pii_kms_classification_api.TestPIIMaskingLogic" name="test_mask_dict_masks_phone_for_anonymous" time="0.000" /><testcase classname="tests.test_pii_kms_classification_api.TestPIIMaskingLogic" name="test_mask_dict_masks_identity_for_anonymous" time="0.000" /><testcase classname="tests.test_pii_kms_classification_api.TestPIIMaskingLogic" name="test_mask_dict_unmasks_for_admin" time="0.000" /><testcase classname="tests.test_pii_kms_classification_api.TestPIIMaskingLogic" name="test_mask_dict_unmasks_for_super_admin" time="0.000" /><testcase classname="tests.test_pii_kms_classification_api.TestPIIMaskingLogic" name="test_mask_dict_always_masks_passwords" time="0.000" /><testcase classname="tests.test_pii_kms_classification_api.TestPIIMaskingLogic" name="test_mask_dict_handles_nested_data" time="0.000" /><testcase classname="tests.test_pii_kms_classification_api.TestScrubText" name="test_scrub_text_removes_email" time="0.000" /><testcase classname="tests.test_pii_kms_classification_api.TestScrubText" name="test_scrub_text_removes_jwt" time="0.000" /><testcase classname="tests.test_pii_kms_classification_api.TestScrubText" name="test_scrub_text_removes_credit_card" time="0.000" /></testsuite></testsuites>