<?xml version="1.0" encoding="utf-8"?><testsuites name="pytest tests"><testsuite name="pytest" errors="0" failures="0" skipped="0" tests="19" time="6.869" timestamp="2026-03-18T20:06:03.752862+00:00" hostname="agent-env-cf7cbc43-5998-44e0-85fb-6b0761f83694"><testcase classname="tests.test_hotel_services_api.TestHousekeepingStatus" name="test_get_housekeeping_rooms" time="2.879" /><testcase classname="tests.test_hotel_services_api.TestHousekeepingStatus" name="test_get_housekeeping_rooms_filtered_by_status" time="0.130" /><testcase classname="tests.test_hotel_services_api.TestHousekeepingStatus" name="test_update_room_housekeeping_status" time="0.390" /><testcase classname="tests.test_hotel_services_api.TestWakeUpCalls" name="test_get_wake_up_calls" time="0.124" /><testcase classname="tests.test_hotel_services_api.TestWakeUpCalls" name="test_create_and_manage_wake_up_call" time="0.410" /><testcase classname="tests.test_hotel_services_api.TestLostFound" name="test_get_lost_found_items" time="0.119" /><testcase classname="tests.test_hotel_services_api.TestLostFound" name="test_create_update_match_delete_lost_found_item" time="0.581" /><testcase classname="tests.test_hotel_services_api.TestHotelSettings" name="test_get_hotel_settings" time="0.158" /><testcase classname="tests.test_hotel_services_api.TestHotelSettings" name="test_update_hotel_settings" time="0.260" /><testcase classname="tests.test_hotel_services_api.TestInvoicePDF" name="test_generate_invoice_pdf" time="0.292" /><testcase classname="tests.test_hotel_services_api.TestInvoicePDF" name="test_invoice_pdf_nonexistent_booking" time="0.159" /><testcase classname="tests.test_hotel_services_api.TestGroupFolio" name="test_get_group_bookings_list" time="0.143" /><testcase classname="tests.test_hotel_services_api.TestGroupFolio" name="test_get_group_folio_status" time="0.258" /><testcase classname="tests.test_hotel_services_api.TestGroupFolio" name="test_group_folio_nonexistent" time="0.138" /><testcase classname="tests.test_hotel_services_api.TestNavigationRoutesAPI" name="test_housekeeping_api_accessible" time="0.134" /><testcase classname="tests.test_hotel_services_api.TestNavigationRoutesAPI" name="test_wakeup_calls_api_accessible" time="0.140" /><testcase classname="tests.test_hotel_services_api.TestNavigationRoutesAPI" name="test_lost_found_api_accessible" time="0.131" /><testcase classname="tests.test_hotel_services_api.TestNavigationRoutesAPI" name="test_hotel_settings_api_accessible" time="0.179" /><testcase classname="tests.test_hotel_services_api.TestNavigationRoutesAPI" name="test_group_bookings_api_accessible" time="0.142" /></testsuite></testsuites>