<?xml version="1.0" encoding="utf-8"?><testsuites name="pytest tests"><testsuite name="pytest" errors="0" failures="0" skipped="0" tests="30" time="32.588" timestamp="2026-03-13T16:58:34.524634+00:00" hostname="agent-env-5577627e-7e60-435e-9c17-fd072e2642c1"><testcase classname="tests.test_ari_push_engine.TestEngineStats" name="test_engine_stats_endpoint_accessible" time="0.350" /><testcase classname="tests.test_ari_push_engine.TestEngineStats" name="test_hotelrunner_adapter_registered" time="0.067" /><testcase classname="tests.test_ari_push_engine.TestEngineStats" name="test_exely_adapter_registered" time="0.057" /><testcase classname="tests.test_ari_push_engine.TestEngineStats" name="test_buffer_state_visible" time="0.067" /><testcase classname="tests.test_ari_push_engine.TestARIStats" name="test_stats_endpoint_returns_metrics" time="0.058" /><testcase classname="tests.test_ari_push_engine.TestARIStats" name="test_stats_values_are_integers" time="0.063" /><testcase classname="tests.test_ari_push_engine.TestEventPublishing" name="test_publish_availability_event" time="0.061" /><testcase classname="tests.test_ari_push_engine.TestEventPublishing" name="test_publish_rate_event" time="0.056" /><testcase classname="tests.test_ari_push_engine.TestEventPublishing" name="test_publish_restriction_event" time="0.054" /><testcase classname="tests.test_ari_push_engine.TestEventPublishing" name="test_publish_event_returns_coalescing_key_format" time="0.064" /><testcase classname="tests.test_ari_push_engine.TestEventListing" name="test_list_events_returns_array" time="3.065" /><testcase classname="tests.test_ari_push_engine.TestEventListing" name="test_list_events_with_type_filter" time="0.053" /><testcase classname="tests.test_ari_push_engine.TestEventListing" name="test_list_events_pagination" time="0.077" /><testcase classname="tests.test_ari_push_engine.TestChangeSets" name="test_list_change_sets_returns_array" time="4.070" /><testcase classname="tests.test_ari_push_engine.TestChangeSets" name="test_list_change_sets_with_status_filter" time="0.063" /><testcase classname="tests.test_ari_push_engine.TestChangeSets" name="test_list_change_sets_with_provider_filter" time="0.076" /><testcase classname="tests.test_ari_push_engine.TestChangeSets" name="test_change_set_fields_present" time="0.059" /><testcase classname="tests.test_ari_push_engine.TestPushOperations" name="test_push_pending_endpoint" time="0.068" /><testcase classname="tests.test_ari_push_engine.TestPushOperations" name="test_push_pending_with_provider_filter" time="0.059" /><testcase classname="tests.test_ari_push_engine.TestPushOperations" name="test_force_push_nonexistent_change_set" time="0.068" /><testcase classname="tests.test_ari_push_engine.TestResync" name="test_resync_endpoint" time="0.071" /><testcase classname="tests.test_ari_push_engine.TestOutboundLogs" name="test_list_outbound_logs" time="0.066" /><testcase classname="tests.test_ari_push_engine.TestOutboundLogs" name="test_outbound_logs_with_provider_filter" time="0.064" /><testcase classname="tests.test_ari_push_engine.TestDrift" name="test_list_drift_states" time="0.072" /><testcase classname="tests.test_ari_push_engine.TestDrift" name="test_drift_check_endpoint" time="0.068" /><testcase classname="tests.test_ari_push_engine.TestDrift" name="test_drift_reconcile_endpoint" time="0.067" /><testcase classname="tests.test_ari_push_engine.TestBufferDebounce" name="test_multiple_events_same_key_coalesce" time="7.258" /><testcase classname="tests.test_ari_push_engine.TestOutboundIdempotency" name="test_push_creates_outbound_log" time="6.244" /><testcase classname="tests.test_ari_push_engine.TestDryRunMode" name="test_push_returns_success_in_dry_run" time="9.953" /><testcase classname="tests.test_ari_push_engine.TestCleanup" name="test_verify_test_data_prefixed" time="0.064" /></testsuite></testsuites>