<?xml version="1.0" encoding="utf-8"?><testsuites name="pytest tests"><testsuite name="pytest" errors="0" failures="0" skipped="0" tests="7" time="1.921" timestamp="2026-04-09T14:42:22.744290+00:00" hostname="agent-env-77000bea-9c4a-45f3-9e1c-dbda02bf6c42"><testcase classname="tests.test_security_hardening_consolidated.TestSecurityHardeningAPIs" name="test_tenant_scope_check_returns_200" time="1.827" /><testcase classname="tests.test_security_hardening_consolidated.TestSecurityHardeningAPIs" name="test_pii_strict_mode_config_returns_200" time="0.012" /><testcase classname="tests.test_security_hardening_consolidated.TestSecurityHardeningAPIs" name="test_pii_strict_mode_summary_returns_200" time="0.009" /><testcase classname="tests.test_security_hardening_consolidated.TestSecurityHardeningAPIs" name="test_infra_summary_returns_200" time="0.011" /><testcase classname="tests.test_security_hardening_consolidated.TestSecurityHardeningAPIs" name="test_security_hardening_property_permissions" time="0.007" /><testcase classname="tests.test_security_hardening_consolidated.TestSecurityHardeningAPIs" name="test_security_hardening_vault_status" time="0.006" /><testcase classname="tests.test_security_hardening_consolidated.TestSecurityHardeningAPIs" name="test_security_hardening_audit_completeness" time="0.008" /></testsuite></testsuites>