<?xml version="1.0" encoding="utf-8"?><testsuites name="pytest tests"><testsuite name="pytest" errors="0" failures="1" skipped="0" tests="26" time="5.050" timestamp="2026-03-12T18:07:05.808245+00:00" hostname="agent-env-1ae56c95-7b65-4e4b-9d2f-498891dcb712"><testcase classname="tests.test_phase5_comprehensive.TestAlertEnrichmentEngine" name="test_get_15_alert_rules" time="0.699" /><testcase classname="tests.test_phase5_comprehensive.TestAlertEnrichmentEngine" name="test_evaluate_metrics_no_breach" time="0.183" /><testcase classname="tests.test_phase5_comprehensive.TestAlertEnrichmentEngine" name="test_get_active_alerts" time="0.124" /><testcase classname="tests.test_phase5_comprehensive.TestAlertEnrichmentEngine" name="test_get_alert_summary" time="0.198" /><testcase classname="tests.test_phase5_comprehensive.TestIncidentResponseService" name="test_create_incident" time="0.150" /><testcase classname="tests.test_phase5_comprehensive.TestIncidentResponseService" name="test_acknowledge_incident" time="0.292" /><testcase classname="tests.test_phase5_comprehensive.TestIncidentResponseService" name="test_resolve_incident" time="0.312" /><testcase classname="tests.test_phase5_comprehensive.TestIncidentResponseService" name="test_list_incidents" time="0.193" /><testcase classname="tests.test_phase5_comprehensive.TestIncidentResponseService" name="test_service_health_matrix" time="0.131" /><testcase classname="tests.test_phase5_comprehensive.TestCMProviderValidation" name="test_get_3_provider_contracts" time="0.177"><failure message="KeyError: 'provider_id'">backend/tests/test_phase5_comprehensive.py:188: in test_get_3_provider_contracts
    provider_ids = [p["provider_id"] for p in providers]
                   ^^^^^^^^^^^^^^^^^^^^^^^^^^^^^^^^^^^^^
backend/tests/test_phase5_comprehensive.py:188: in &lt;listcomp&gt;
    provider_ids = [p["provider_id"] for p in providers]
                    ^^^^^^^^^^^^^^^^
E   KeyError: 'provider_id'</failure></testcase><testcase classname="tests.test_phase5_comprehensive.TestCMProviderValidation" name="test_run_validation_hotelrunner" time="0.191" /><testcase classname="tests.test_phase5_comprehensive.TestCMProviderValidation" name="test_run_validation_unknown_provider_fails" time="0.135" /><testcase classname="tests.test_phase5_comprehensive.TestCMProviderValidation" name="test_sync_lag_hotelrunner" time="0.129" /><testcase classname="tests.test_phase5_comprehensive.TestTenantIsolationValidation" name="test_validate_isolation_score" time="0.191" /><testcase classname="tests.test_phase5_comprehensive.TestTenantIsolationValidation" name="test_detect_noisy_tenants" time="0.146" /><testcase classname="tests.test_phase5_comprehensive.TestTenantIsolationValidation" name="test_resource_fairness_metrics" time="0.140" /><testcase classname="tests.test_phase5_comprehensive.TestPilotReadiness" name="test_readiness_score_and_checklist" time="0.171" /><testcase classname="tests.test_phase5_comprehensive.TestPilotReadiness" name="test_get_feature_toggles" time="0.153" /><testcase classname="tests.test_phase5_comprehensive.TestPilotReadiness" name="test_sign_off_check" time="0.137" /><testcase classname="tests.test_phase5_comprehensive.TestPilotReadiness" name="test_set_feature_toggle" time="0.185" /><testcase classname="tests.test_phase5_comprehensive.TestFrontdeskV2" name="test_checkin_nonexistent_booking_returns_400" time="0.112" /><testcase classname="tests.test_phase5_comprehensive.TestFrontdeskV2" name="test_room_move_requires_reason" time="0.120" /><testcase classname="tests.test_phase5_comprehensive.TestFrontdeskV2" name="test_late_checkout_requires_reason" time="0.117" /><testcase classname="tests.test_phase5_comprehensive.TestPOSFnBV2" name="test_create_order_validates_items_required" time="0.133" /><testcase classname="tests.test_phase5_comprehensive.TestPOSFnBV2" name="test_create_and_close_order_lifecycle" time="0.271" /><testcase classname="tests.test_phase5_comprehensive.TestPOSFnBV2" name="test_void_order_requires_supervisor_permission" time="0.134" /></testsuite></testsuites>