<?xml version="1.0" encoding="utf-8"?><testsuites name="pytest tests"><testsuite name="pytest" errors="0" failures="0" skipped="0" tests="25" time="4.968" timestamp="2026-03-11T18:45:57.668212+00:00" hostname="agent-env-59155072-783d-45d2-840b-000270782c73"><testcase classname="backend.tests.test_channel_manager_v2_phase6.TestChannelManagerV2Phase6" name="test_reconciliation_run" time="0.573" /><testcase classname="backend.tests.test_channel_manager_v2_phase6.TestChannelManagerV2Phase6" name="test_reconciliation_issues_list_open" time="0.129" /><testcase classname="backend.tests.test_channel_manager_v2_phase6.TestChannelManagerV2Phase6" name="test_reconciliation_issues_summary" time="0.140" /><testcase classname="backend.tests.test_channel_manager_v2_phase6.TestChannelManagerV2Phase6" name="test_reconciliation_create_custom_issue" time="0.136" /><testcase classname="backend.tests.test_channel_manager_v2_phase6.TestChannelManagerV2Phase6" name="test_reconciliation_issue_detail_and_lifecycle" time="0.572" /><testcase classname="backend.tests.test_channel_manager_v2_phase6.TestChannelManagerV2Phase6" name="test_reconciliation_dismiss_issue" time="0.259" /><testcase classname="backend.tests.test_channel_manager_v2_phase6.TestChannelManagerV2Phase6" name="test_scheduler_run_all" time="0.119" /><testcase classname="backend.tests.test_channel_manager_v2_phase6.TestChannelManagerV2Phase6" name="test_scheduler_run_connector" time="0.162" /><testcase classname="backend.tests.test_channel_manager_v2_phase6.TestChannelManagerV2Phase6" name="test_credentials_update_secure" time="0.121" /><testcase classname="backend.tests.test_channel_manager_v2_phase6.TestChannelManagerV2Phase6" name="test_credentials_rotate" time="0.147" /><testcase classname="backend.tests.test_channel_manager_v2_phase6.TestChannelManagerV2Phase6" name="test_credentials_masked" time="0.114" /><testcase classname="backend.tests.test_channel_manager_v2_phase6.TestChannelManagerV2Phase6" name="test_event_sync_booking_created" time="0.133" /><testcase classname="backend.tests.test_channel_manager_v2_phase6.TestChannelManagerV2Phase6" name="test_event_sync_rate_changed" time="0.125" /><testcase classname="backend.tests.test_channel_manager_v2_phase6.TestChannelManagerV2Phase6" name="test_event_sync_batch" time="0.133" /><testcase classname="backend.tests.test_channel_manager_v2_phase6.TestChannelManagerV2Phase6" name="test_event_sync_unsupported_event" time="0.128" /><testcase classname="backend.tests.test_channel_manager_v2_phase6.TestReconciliationIssueTypes" name="test_create_issue_type[inventory_mismatch-critical]" time="0.237" /><testcase classname="backend.tests.test_channel_manager_v2_phase6.TestReconciliationIssueTypes" name="test_create_issue_type[rate_mismatch-high]" time="0.126" /><testcase classname="backend.tests.test_channel_manager_v2_phase6.TestReconciliationIssueTypes" name="test_create_issue_type[missing_reservation-high]" time="0.151" /><testcase classname="backend.tests.test_channel_manager_v2_phase6.TestReconciliationIssueTypes" name="test_create_issue_type[stale_sync-medium]" time="0.163" /><testcase classname="backend.tests.test_channel_manager_v2_phase6.TestReconciliationIssueTypes" name="test_create_issue_type[invalid_mapping-high]" time="0.123" /><testcase classname="backend.tests.test_channel_manager_v2_phase6.TestReconciliationIssueTypes" name="test_create_issue_type[ack_failed-high]" time="0.161" /><testcase classname="backend.tests.test_channel_manager_v2_phase6.TestReconciliationIssueTypes" name="test_create_issue_type[ack_pending_too_long-medium]" time="0.172" /><testcase classname="backend.tests.test_channel_manager_v2_phase6.TestReconciliationIssueTypes" name="test_create_issue_type[unprocessed_import-low]" time="0.183" /><testcase classname="backend.tests.test_channel_manager_v2_phase6.TestConnectorEndpoints" name="test_list_connectors" time="0.434" /><testcase classname="backend.tests.test_channel_manager_v2_phase6.TestConnectorEndpoints" name="test_get_connector" time="0.135" /></testsuite></testsuites>