<?xml version="1.0" encoding="utf-8"?><testsuites name="pytest tests"><testsuite name="pytest" errors="0" failures="0" skipped="0" tests="18" time="35.315" timestamp="2026-03-22T08:03:57.829893+00:00" hostname="agent-env-1a52e4dd-e197-4ac2-b9db-bbdec91b280e"><testcase classname="tests.test_crypto_refactor_api.TestCryptoServiceInitialization" name="test_crypto_service_import" time="0.303" /><testcase classname="tests.test_crypto_refactor_api.TestCryptoServiceInitialization" name="test_crypto_service_health" time="0.000" /><testcase classname="tests.test_crypto_refactor_api.TestCryptoServiceInitialization" name="test_crypto_encrypt_decrypt_roundtrip" time="0.001" /><testcase classname="tests.test_crypto_refactor_api.TestLegacyModuleImports" name="test_domains_encryption_import" time="0.001" /><testcase classname="tests.test_crypto_refactor_api.TestLegacyModuleImports" name="test_domains_credential_vault_import" time="0.001" /><testcase classname="tests.test_crypto_refactor_api.TestLegacyModuleImports" name="test_infrastructure_encryption_service_import" time="0.001" /><testcase classname="tests.test_crypto_refactor_api.TestLegacyModuleImports" name="test_infrastructure_credential_vault_import" time="0.033" /><testcase classname="tests.test_crypto_refactor_api.TestLegacyModuleImports" name="test_security_hardening_credential_vault_import" time="0.001" /><testcase classname="tests.test_crypto_refactor_api.TestLegacyModuleImports" name="test_local_secrets_provider_import" time="0.003" /><testcase classname="tests.test_crypto_refactor_api.TestAuthLoginAPI" name="test_login_success" time="2.010" /><testcase classname="tests.test_crypto_refactor_api.TestAuthLoginAPI" name="test_login_invalid_credentials" time="0.342" /><testcase classname="tests.test_crypto_refactor_api.TestChannelManagerProviders" name="test_get_providers_list" time="0.245" /><testcase classname="tests.test_crypto_refactor_api.TestChannelManagerProviders" name="test_no_credentials_leaked_in_providers" time="0.115" /><testcase classname="tests.test_crypto_refactor_api.TestHotelRunnerConnection" name="test_connect_endpoint_reachable" time="0.661" /><testcase classname="tests.test_crypto_refactor_api.TestHotelRunnerConnection" name="test_connect_no_credential_leak_in_error" time="1.198" /><testcase classname="tests.test_crypto_refactor_api.TestExelyConnection" name="test_connect_endpoint_reachable" time="15.340" /><testcase classname="tests.test_crypto_refactor_api.TestExelyConnection" name="test_connect_no_credential_leak_in_error" time="14.260" /><testcase classname="tests.test_crypto_refactor_api.TestCryptoUnitTests" name="test_all_crypto_tests_pass" time="0.682" /></testsuite></testsuites>