<?xml version="1.0" encoding="utf-8"?><testsuites name="pytest tests"><testsuite name="pytest" errors="2" failures="0" skipped="0" tests="20" time="13.359" timestamp="2026-02-27T10:28:40.302250+00:00" hostname="agent-env-777b9567-7981-403e-bc92-b411cc526061"><testcase classname="backend.tests.test_report_builder.TestReportBuilderConfig" name="test_config_returns_six_data_sources" time="4.407" /><testcase classname="backend.tests.test_report_builder.TestReportBuilderConfig" name="test_each_source_has_columns" time="0.456" /><testcase classname="backend.tests.test_report_builder.TestReportBuilderConfig" name="test_column_definitions_structure" time="0.517" /><testcase classname="backend.tests.test_report_builder.TestReportGeneration" name="test_generate_reservations_report" time="0.473" /><testcase classname="backend.tests.test_report_builder.TestReportGeneration" name="test_generate_revenue_report" time="0.466" /><testcase classname="backend.tests.test_report_builder.TestReportGeneration" name="test_generate_rooms_report" time="0.450" /><testcase classname="backend.tests.test_report_builder.TestReportGeneration" name="test_generate_with_date_filter" time="0.473" /><testcase classname="backend.tests.test_report_builder.TestReportGeneration" name="test_generate_with_advanced_filter" time="0.473" /><testcase classname="backend.tests.test_report_builder.TestReportGeneration" name="test_generate_summary_stats" time="0.469" /><testcase classname="backend.tests.test_report_builder.TestReportExport" name="test_export_excel" time="0.477" /><testcase classname="backend.tests.test_report_builder.TestReportExport" name="test_export_pdf" time="1.332" /><testcase classname="backend.tests.test_report_builder.TestReportTemplates" name="test_list_templates" time="0.502" /><testcase classname="backend.tests.test_report_builder.TestReportTemplates" name="test_save_template" time="0.820" /><testcase classname="backend.tests.test_report_builder.TestReportTemplates" name="test_save_and_verify_template" time="0.729" /><testcase classname="backend.tests.test_report_builder.TestReportTemplates" name="test_delete_template" time="0.748" /><testcase classname="backend.tests.test_report_builder.TestReportTemplates" name="test_delete_nonexistent_template" time="0.104"><error message="failed on setup with &quot;assert 429 == 200&#10; +  where 429 = &lt;Response [429]&gt;.status_code&quot;">backend/tests/test_report_builder.py:337: in setup
    assert response.status_code == 200
E   assert 429 == 200
E    +  where 429 = &lt;Response [429]&gt;.status_code</error><error message="failed on teardown with &quot;AttributeError: 'TestReportTemplates' object has no attribute 'created_template_ids'&quot;">backend/tests/test_report_builder.py:348: in teardown_method
    for template_id in self.created_template_ids:
                       ^^^^^^^^^^^^^^^^^^^^^^^^^
E   AttributeError: 'TestReportTemplates' object has no attribute 'created_template_ids'</error></testcase><testcase classname="backend.tests.test_report_builder.TestReportBuilderAuth" name="test_config_requires_auth" time="0.125" /><testcase classname="backend.tests.test_report_builder.TestReportBuilderAuth" name="test_generate_requires_auth" time="0.103" /><testcase classname="backend.tests.test_report_builder.TestReportBuilderAuth" name="test_templates_requires_auth" time="0.109" /></testsuite></testsuites>