<?xml version="1.0" encoding="utf-8"?><testsuites name="pytest tests"><testsuite name="pytest" errors="0" failures="0" skipped="0" tests="15" time="3.714" timestamp="2026-03-23T22:03:51.479587+00:00" hostname="agent-env-ea3937cf-2015-4f99-99b9-2e07d6f0e8b2"><testcase classname="tests.test_sandbox_simulation_api.TestSandboxSimulationAPI" name="test_run_simulation_both_providers" time="2.123" /><testcase classname="tests.test_sandbox_simulation_api.TestSandboxSimulationAPI" name="test_hotelrunner_all_scenarios_pass" time="0.000" /><testcase classname="tests.test_sandbox_simulation_api.TestSandboxSimulationAPI" name="test_exely_all_scenarios_pass" time="0.000" /><testcase classname="tests.test_sandbox_simulation_api.TestSandboxSimulationAPI" name="test_duplicate_delivery_assertions" time="0.000" /><testcase classname="tests.test_sandbox_simulation_api.TestSandboxSimulationAPI" name="test_retry_storm_assertions" time="0.000" /><testcase classname="tests.test_sandbox_simulation_api.TestSandboxSimulationAPI" name="test_modify_cancel_race_assertions" time="0.000" /><testcase classname="tests.test_sandbox_simulation_api.TestSandboxSimulationAPI" name="test_stale_provider_state_assertions" time="0.000" /><testcase classname="tests.test_sandbox_simulation_api.TestSandboxSimulationAPI" name="test_delayed_ack_assertions" time="0.000" /><testcase classname="tests.test_sandbox_simulation_api.TestSandboxSimulationAPI" name="test_get_simulation_results_list" time="0.130" /><testcase classname="tests.test_sandbox_simulation_api.TestSandboxSimulationAPI" name="test_get_specific_simulation_result" time="0.114" /><testcase classname="tests.test_sandbox_simulation_api.TestSandboxSimulationAPI" name="test_get_simulation_timeline" time="0.107" /><testcase classname="tests.test_sandbox_simulation_api.TestSandboxSimulationAPI" name="test_run_simulation_hotelrunner_only" time="0.259" /><testcase classname="tests.test_sandbox_simulation_api.TestSandboxSimulationAPI" name="test_run_simulation_exely_only" time="0.274" /><testcase classname="tests.test_sandbox_simulation_api.TestSandboxSimulationAPI" name="test_cleanup_sandbox_data" time="0.133" /><testcase classname="tests.test_sandbox_simulation_api.TestSandboxSimulationPassRate" name="test_overall_pass_rate_100_percent" time="0.506" /></testsuite></testsuites>