<?xml version="1.0" encoding="utf-8"?><testsuites name="pytest tests"><testsuite name="pytest" errors="0" failures="0" skipped="0" tests="14" time="14.601" timestamp="2026-03-18T10:00:32.550406+00:00" hostname="agent-env-5d113fc6-8f7e-4347-9c3d-6c59edada7ba"><testcase classname="tests.test_rate_manager_bulk_update.TestRateManagerBulkUpdate" name="test_get_rate_grid" time="1.056" /><testcase classname="tests.test_rate_manager_bulk_update.TestRateManagerBulkUpdate" name="test_grid_contains_room_type_names" time="0.218" /><testcase classname="tests.test_rate_manager_bulk_update.TestRateManagerBulkUpdate" name="test_get_room_types" time="0.196" /><testcase classname="tests.test_rate_manager_bulk_update.TestRateManagerBulkUpdate" name="test_bulk_grid_update_single_room_type" time="1.104" /><testcase classname="tests.test_rate_manager_bulk_update.TestRateManagerBulkUpdate" name="test_bulk_grid_update_multiple_room_types" time="3.734" /><testcase classname="tests.test_rate_manager_bulk_update.TestRateManagerBulkUpdate" name="test_bulk_grid_update_with_day_filter_weekends" time="1.186" /><testcase classname="tests.test_rate_manager_bulk_update.TestRateManagerBulkUpdate" name="test_bulk_grid_update_with_day_filter_weekdays" time="1.075" /><testcase classname="tests.test_rate_manager_bulk_update.TestRateManagerBulkUpdate" name="test_bulk_grid_update_min_stay" time="1.097" /><testcase classname="tests.test_rate_manager_bulk_update.TestRateManagerBulkUpdate" name="test_bulk_grid_update_stop_sell" time="1.096" /><testcase classname="tests.test_rate_manager_bulk_update.TestRateManagerBulkUpdate" name="test_bulk_grid_update_empty_room_types" time="0.203" /><testcase classname="tests.test_rate_manager_bulk_update.TestRateManagerBulkUpdate" name="test_bulk_grid_update_all_fields" time="2.051" /><testcase classname="tests.test_rate_manager_bulk_update.TestRateManagerBulkUpdate" name="test_bulk_update_pushes_to_exely" time="1.082" /><testcase classname="tests.test_rate_manager_bulk_update.TestRateManagerGridData" name="test_grid_row_structure" time="0.203" /><testcase classname="tests.test_rate_manager_bulk_update.TestRateManagerGridData" name="test_grid_date_cell_structure" time="0.202" /></testsuite></testsuites>