<?xml version="1.0" encoding="utf-8"?><testsuites name="pytest tests"><testsuite name="pytest" errors="0" failures="0" skipped="0" tests="14" time="3.358" timestamp="2026-03-30T19:31:18.778598+00:00" hostname="agent-env-5ae91e4e-8743-4395-992c-e2b6e6d50422"><testcase classname="tests.test_hrv2_new_features.TestWriteReadinessScore" name="test_readiness_score_returns_200" time="1.410" /><testcase classname="tests.test_hrv2_new_features.TestWriteReadinessScore" name="test_readiness_score_components_breakdown" time="0.162" /><testcase classname="tests.test_hrv2_new_features.TestWriteReadinessScore" name="test_readiness_score_with_custom_hours" time="0.152" /><testcase classname="tests.test_hrv2_new_features.TestShadowObservation" name="test_observation_thresholds_returns_200" time="0.136" /><testcase classname="tests.test_hrv2_new_features.TestShadowObservation" name="test_collect_observation_snapshot" time="0.130" /><testcase classname="tests.test_hrv2_new_features.TestShadowObservation" name="test_observation_history_returns_200" time="0.137" /><testcase classname="tests.test_hrv2_new_features.TestShadowObservation" name="test_observation_report_returns_200" time="0.136" /><testcase classname="tests.test_hrv2_new_features.TestTransitionPlan" name="test_transition_plan_returns_200" time="0.125" /><testcase classname="tests.test_hrv2_new_features.TestTransitionPlan" name="test_transition_status_returns_200" time="0.156" /><testcase classname="tests.test_hrv2_new_features.TestTransitionPlan" name="test_transition_history_returns_200" time="0.126" /><testcase classname="tests.test_hrv2_new_features.TestOpsDashboardUpdated" name="test_ops_dashboard_includes_readiness" time="0.143" /><testcase classname="tests.test_hrv2_new_features.TestOpsDashboardUpdated" name="test_ops_dashboard_includes_transition" time="0.152" /><testcase classname="tests.test_hrv2_new_features.TestOpsDashboardUpdated" name="test_ops_dashboard_full_structure" time="0.179" /><testcase classname="tests.test_hrv2_new_features.TestFeatureFlagsUpdated" name="test_flags_include_new_fields" time="0.141" /></testsuite></testsuites>