<?xml version="1.0" encoding="utf-8"?><testsuites name="pytest tests"><testsuite name="pytest" errors="0" failures="0" skipped="0" tests="13" time="3.953" timestamp="2026-04-06T11:33:49.707647+00:00" hostname="agent-env-1e4a3473-ce69-4321-9ee3-25a6b4b359fa"><testcase classname="tests.test_vcc_secure_view.TestVCCStore" name="test_store_vcc_success" time="0.953" /><testcase classname="tests.test_vcc_secure_view.TestVCCStore" name="test_store_vcc_duplicate_returns_409" time="0.198" /><testcase classname="tests.test_vcc_secure_view.TestVCCStore" name="test_store_vcc_invalid_booking_returns_404" time="0.148" /><testcase classname="tests.test_vcc_secure_view.TestVCCStatus" name="test_status_no_vcc" time="0.142" /><testcase classname="tests.test_vcc_secure_view.TestVCCStatus" name="test_status_with_vcc" time="0.195" /><testcase classname="tests.test_vcc_secure_view.TestVCCStatus" name="test_status_does_not_consume_view" time="0.372" /><testcase classname="tests.test_vcc_secure_view.TestVCCReveal" name="test_reveal_consumes_view" time="0.205" /><testcase classname="tests.test_vcc_secure_view.TestVCCReveal" name="test_reveal_three_times_then_locked" time="0.294" /><testcase classname="tests.test_vcc_secure_view.TestVCCReveal" name="test_fourth_reveal_returns_403" time="0.338" /><testcase classname="tests.test_vcc_secure_view.TestVCCReveal" name="test_reveal_no_vcc_returns_404" time="0.137" /><testcase classname="tests.test_vcc_secure_view.TestVCCDelete" name="test_delete_vcc_success" time="0.242" /><testcase classname="tests.test_vcc_secure_view.TestVCCDelete" name="test_delete_no_vcc_returns_404" time="0.141" /><testcase classname="tests.test_vcc_secure_view.TestVCCFullFlow" name="test_full_vcc_lifecycle" time="0.523" /></testsuite></testsuites>