<?xml version="1.0" encoding="utf-8"?><testsuites name="pytest tests"><testsuite name="pytest" errors="0" failures="0" skipped="0" tests="129" time="0.425" timestamp="2026-03-17T18:50:52.141562+00:00" hostname="agent-env-7983c684-c18b-4831-b90f-00e0e195b1f4"><testcase classname="tests.test_p2_replay.TestBasicReplay" name="test_new_reservation_replay_deterministic" time="0.001" /><testcase classname="tests.test_p2_replay.TestBasicReplay" name="test_update_replay_deterministic" time="0.000" /><testcase classname="tests.test_p2_replay.TestBasicReplay" name="test_cancellation_replay_deterministic" time="0.000" /><testcase classname="tests.test_p2_replay.TestSequenceReplay" name="test_create_update_cancel_sequence" time="0.000" /><testcase classname="tests.test_p2_replay.TestSequenceReplay" name="test_multiple_updates_replay" time="0.000" /><testcase classname="tests.test_p2_replay.TestMutationReplay" name="test_date_change_deterministic" time="0.000" /><testcase classname="tests.test_p2_replay.TestMutationReplay" name="test_room_change_deterministic" time="0.000" /><testcase classname="tests.test_p2_replay.TestMutationReplay" name="test_rate_change_deterministic" time="0.000" /><testcase classname="tests.test_p2_replay.TestMutationReplay" name="test_cancellation_deterministic" time="0.000" /><testcase classname="tests.test_p2_replay.TestMutationReplay" name="test_reinstatement_deterministic" time="0.000" /><testcase classname="tests.test_p2_replay.TestNormalizerReplay" name="test_hotelrunner_normalize_deterministic" time="0.000" /><testcase classname="tests.test_p2_replay.TestNormalizerReplay" name="test_exely_normalize_deterministic" time="0.000" /><testcase classname="tests.test_p2_replay.TestNormalizerReplay" name="test_hash_stability_across_provider" time="0.000" /><testcase classname="tests.test_p2_replay.TestStateTransitionReplay" name="test_transition_deterministic[pending-confirmed-True]" time="0.000" /><testcase classname="tests.test_p2_replay.TestStateTransitionReplay" name="test_transition_deterministic[confirmed-cancelled-True]" time="0.000" /><testcase classname="tests.test_p2_replay.TestStateTransitionReplay" name="test_transition_deterministic[cancelled-confirmed-True]" time="0.000" /><testcase classname="tests.test_p2_replay.TestStateTransitionReplay" name="test_transition_deterministic[checked_out-confirmed-False]" time="0.000" /><testcase classname="tests.test_p2_replay.TestStateTransitionReplay" name="test_transition_deterministic[no_show-confirmed-False]" time="0.000" /><testcase classname="tests.test_p2_replay.TestStateTransitionReplay" name="test_transition_deterministic[confirmed-checked_in-True]" time="0.000" /><testcase classname="tests.test_p2_replay.TestStateTransitionReplay" name="test_transition_deterministic[checked_in-checked_out-True]" time="0.000" /><testcase classname="tests.test_p2_replay.TestStateTransitionReplay" name="test_full_lifecycle_replay" time="0.000" /><testcase classname="tests.test_p2_replay.TestZeroSideEffects" name="test_skip_produces_no_mutation" time="0.000" /><testcase classname="tests.test_p2_replay.TestZeroSideEffects" name="test_mapping_failure_consistent" time="0.000" /><testcase classname="tests.test_p2_replay.TestZeroSideEffects" name="test_anomaly_detection_consistent" time="0.000" /><testcase classname="tests.test_p2_duplicate_storm.TestIdenticalEventStorm" name="test_identical_event_storm[5]" time="0.000" /><testcase classname="tests.test_p2_duplicate_storm.TestIdenticalEventStorm" name="test_identical_event_storm[10]" time="0.000" /><testcase classname="tests.test_p2_duplicate_storm.TestIdenticalEventStorm" name="test_identical_event_storm[20]" time="0.000" /><testcase classname="tests.test_p2_duplicate_storm.TestIdenticalEventStorm" name="test_identical_storm_final_state_stable" time="0.000" /><testcase classname="tests.test_p2_duplicate_storm.TestIdenticalEventStorm" name="test_identical_storm_single_mutation" time="0.000" /><testcase classname="tests.test_p2_duplicate_storm.TestModificationStorm" name="test_rapid_price_changes" time="0.000" /><testcase classname="tests.test_p2_duplicate_storm.TestModificationStorm" name="test_alternating_updates_and_duplicates" time="0.000" /><testcase classname="tests.test_p2_duplicate_storm.TestModificationStorm" name="test_stale_events_in_storm" time="0.000" /><testcase classname="tests.test_p2_duplicate_storm.TestCancellationStorm" name="test_multiple_cancellations_final_state" time="0.000" /><testcase classname="tests.test_p2_duplicate_storm.TestCancellationStorm" name="test_cancel_storm_idempotent_state" time="0.000" /><testcase classname="tests.test_p2_duplicate_storm.TestMixedStorm" name="test_full_lifecycle_with_duplicates" time="0.000" /><testcase classname="tests.test_p2_duplicate_storm.TestMixedStorm" name="test_storm_preserves_decision_version" time="0.000" /><testcase classname="tests.test_p2_duplicate_storm.TestCrossProviderIsolation" name="test_provider_isolation_on_storm" time="0.000" /><testcase classname="tests.test_p2_duplicate_storm.TestHashResilience" name="test_one_cent_difference_detected" time="0.000" /><testcase classname="tests.test_p2_duplicate_storm.TestHashResilience" name="test_whitespace_in_guest_name_not_different" time="0.000" /><testcase classname="tests.test_p2_duplicate_storm.TestHashResilience" name="test_email_case_produces_different_hash" time="0.000" /><testcase classname="tests.test_p2_ari_stress.TestMassInventoryUpdate" name="test_30_day_availability_update" time="0.001" /><testcase classname="tests.test_p2_ari_stress.TestMassInventoryUpdate" name="test_mixed_availability_values" time="0.000" /><testcase classname="tests.test_p2_ari_stress.TestMassInventoryUpdate" name="test_stop_sell_bulk" time="0.000" /><testcase classname="tests.test_p2_ari_stress.TestRateBurst" name="test_last_rate_wins" time="0.000" /><testcase classname="tests.test_p2_ari_stress.TestRateBurst" name="test_multi_room_rate_burst" time="0.000" /><testcase classname="tests.test_p2_ari_stress.TestMixedUpdates" name="test_availability_and_rate_separate_scopes" time="0.000" /><testcase classname="tests.test_p2_ari_stress.TestRestrictionPrecedence" name="test_stop_sell_close_wins" time="0.000" /><testcase classname="tests.test_p2_ari_stress.TestRestrictionPrecedence" name="test_min_los_latest_wins" time="0.000" /><testcase classname="tests.test_p2_ari_stress.TestRestrictionPrecedence" name="test_cta_ctd_mixed" time="0.000" /><testcase classname="tests.test_p2_ari_stress.TestRestrictionPrecedence" name="test_restriction_coalesce" time="0.000" /><testcase classname="tests.test_p2_ari_stress.TestDeltaCompilation" name="test_exely_availability_delta" time="0.000" /><testcase classname="tests.test_p2_ari_stress.TestDeltaCompilation" name="test_exely_rate_delta" time="0.000" /><testcase classname="tests.test_p2_ari_stress.TestDeltaCompilation" name="test_exely_restriction_delta" time="0.000" /><testcase classname="tests.test_p2_ari_stress.TestDeltaCompilation" name="test_hotelrunner_availability_delta" time="0.000" /><testcase classname="tests.test_p2_ari_stress.TestDeltaCompilation" name="test_hotelrunner_rate_delta" time="0.000" /><testcase classname="tests.test_p2_ari_stress.TestDeltaCompilation" name="test_hotelrunner_restriction_delta" time="0.000" /><testcase classname="tests.test_p2_ari_stress.TestDeltaCompilation" name="test_compile_delta_unknown_provider_raises" time="0.000" /><testcase classname="tests.test_p2_ari_stress.TestDeltaCompilation" name="test_multi_provider_compilation" time="0.000" /><testcase classname="tests.test_p2_ari_stress.TestBufferCoalescingKey" name="test_key_deterministic" time="0.000" /><testcase classname="tests.test_p2_ari_stress.TestBufferCoalescingKey" name="test_key_differs_by_room" time="0.000" /><testcase classname="tests.test_p2_ari_stress.TestBufferCoalescingKey" name="test_key_differs_by_type" time="0.000" /><testcase classname="tests.test_p2_ari_stress.TestBufferCoalescingKey" name="test_key_differs_by_date" time="0.000" /><testcase classname="tests.test_p2_ari_stress.TestBufferCoalescingKey" name="test_key_includes_rate_plan" time="0.000" /><testcase classname="tests.test_p2_ari_stress.TestDateRangeMerging" name="test_consecutive_dates_merge" time="0.000" /><testcase classname="tests.test_p2_ari_stress.TestDateRangeMerging" name="test_non_consecutive_no_merge" time="0.000" /><testcase classname="tests.test_p2_ari_stress.TestDateRangeMerging" name="test_different_payload_no_merge" time="0.000" /><testcase classname="tests.test_p2_ari_stress.TestDateRangeMerging" name="test_empty_events" time="0.000" /><testcase classname="tests.test_p2_ari_stress.TestProviderErrorHandling" name="test_429_is_retryable" time="0.000" /><testcase classname="tests.test_p2_ari_stress.TestProviderErrorHandling" name="test_timeout_is_retryable" time="0.000" /><testcase classname="tests.test_p2_ari_stress.TestProviderErrorHandling" name="test_auth_is_config_error" time="0.000" /><testcase classname="tests.test_p2_ari_stress.TestProviderErrorHandling" name="test_business_rejection_not_retryable" time="0.000" /><testcase classname="tests.test_p2_ari_stress.TestProviderErrorHandling" name="test_retry_exhaustion" time="0.000" /><testcase classname="tests.test_p2_ari_stress.TestProviderErrorHandling" name="test_exponential_backoff_increasing" time="0.000" /><testcase classname="tests.test_p2_ari_stress.TestProviderErrorHandling" name="test_max_delay_capped" time="0.000" /><testcase classname="tests.test_p2_ari_stress.TestProviderErrorHandling" name="test_rate_limit_config_exists[exely]" time="0.000" /><testcase classname="tests.test_p2_ari_stress.TestProviderErrorHandling" name="test_rate_limit_config_exists[hotelrunner]" time="0.000" /><testcase classname="tests.test_p2_ari_stress.TestOutboundDeltaHash" name="test_same_input_same_hash" time="0.000" /><testcase classname="tests.test_p2_ari_stress.TestOutboundDeltaHash" name="test_different_payload_different_hash" time="0.000" /><testcase classname="tests.test_p2_ari_stress.TestOutboundDeltaHash" name="test_different_provider_different_hash" time="0.000" /><testcase classname="tests.test_p2_ari_stress.TestMultiProviderCoalescing" name="test_dual_provider_output" time="0.000" /><testcase classname="tests.test_p2_ari_stress.TestMultiProviderCoalescing" name="test_three_events_dual_provider" time="0.000" /><testcase classname="tests.test_core_lockdown.TestDecisionEngine" name="test_new_reservation_creates" time="0.000" /><testcase classname="tests.test_core_lockdown.TestDecisionEngine" name="test_duplicate_payload_skip" time="0.000" /><testcase classname="tests.test_core_lockdown.TestDecisionEngine" name="test_stale_version_skip" time="0.000" /><testcase classname="tests.test_core_lockdown.TestDecisionEngine" name="test_cancellation_always_wins" time="0.000" /><testcase classname="tests.test_core_lockdown.TestDecisionEngine" name="test_cancellation_without_existing" time="0.000" /><testcase classname="tests.test_core_lockdown.TestDecisionEngine" name="test_unmapped_room_hard_fail" time="0.000" /><testcase classname="tests.test_core_lockdown.TestDecisionEngine" name="test_inactive_room_mapping_hard_fail" time="0.000" /><testcase classname="tests.test_core_lockdown.TestDecisionEngine" name="test_unmapped_rate_plan_hard_fail" time="0.000" /><testcase classname="tests.test_core_lockdown.TestDecisionEngine" name="test_amount_anomaly_manual_review" time="0.000" /><testcase classname="tests.test_core_lockdown.TestDecisionEngine" name="test_normal_update" time="0.000" /><testcase classname="tests.test_core_lockdown.TestMutationDetection" name="test_new_booking" time="0.000" /><testcase classname="tests.test_core_lockdown.TestMutationDetection" name="test_cancellation" time="0.000" /><testcase classname="tests.test_core_lockdown.TestMutationDetection" name="test_reinstatement" time="0.000" /><testcase classname="tests.test_core_lockdown.TestMutationDetection" name="test_date_change" time="0.000" /><testcase classname="tests.test_core_lockdown.TestMutationDetection" name="test_room_type_change" time="0.000" /><testcase classname="tests.test_core_lockdown.TestMutationDetection" name="test_rate_change" time="0.000" /><testcase classname="tests.test_core_lockdown.TestMutationDetection" name="test_guest_detail_change" time="0.000" /><testcase classname="tests.test_core_lockdown.TestMutationDetection" name="test_partial_modification" time="0.000" /><testcase classname="tests.test_core_lockdown.TestStateTransitions" name="test_pending_to_confirmed" time="0.000" /><testcase classname="tests.test_core_lockdown.TestStateTransitions" name="test_confirmed_to_checked_in" time="0.000" /><testcase classname="tests.test_core_lockdown.TestStateTransitions" name="test_confirmed_to_cancelled" time="0.000" /><testcase classname="tests.test_core_lockdown.TestStateTransitions" name="test_confirmed_to_no_show" time="0.000" /><testcase classname="tests.test_core_lockdown.TestStateTransitions" name="test_checked_in_to_checked_out" time="0.000" /><testcase classname="tests.test_core_lockdown.TestStateTransitions" name="test_cancelled_to_confirmed_reinstatement" time="0.000" /><testcase classname="tests.test_core_lockdown.TestStateTransitions" name="test_invalid_checked_out_to_confirmed" time="0.000" /><testcase classname="tests.test_core_lockdown.TestStateTransitions" name="test_invalid_no_show_to_any" time="0.000" /><testcase classname="tests.test_core_lockdown.TestStateTransitions" name="test_invalid_pending_to_checked_in" time="0.000" /><testcase classname="tests.test_core_lockdown.TestProviderCapability" name="test_exely_exists" time="0.000" /><testcase classname="tests.test_core_lockdown.TestProviderCapability" name="test_hotelrunner_exists" time="0.000" /><testcase classname="tests.test_core_lockdown.TestProviderCapability" name="test_unknown_provider_raises" time="0.000" /><testcase classname="tests.test_core_lockdown.TestProviderCapability" name="test_exely_error_classification" time="0.000" /><testcase classname="tests.test_core_lockdown.TestProviderCapability" name="test_should_retry_retryable" time="0.000" /><testcase classname="tests.test_core_lockdown.TestProviderCapability" name="test_should_not_retry_config_error" time="0.000" /><testcase classname="tests.test_core_lockdown.TestProviderCapability" name="test_retry_delay_exponential" time="0.000" /><testcase classname="tests.test_core_lockdown.TestProviderCapability" name="test_exely_ack_not_applied" time="0.000" /><testcase classname="tests.test_core_lockdown.TestReconciliationTruth" name="test_missing_locally_manual_review" time="0.000" /><testcase classname="tests.test_core_lockdown.TestReconciliationTruth" name="test_stale_locally_auto_heal" time="0.000" /><testcase classname="tests.test_core_lockdown.TestReconciliationTruth" name="test_financial_mismatch_manual_review" time="0.000" /><testcase classname="tests.test_core_lockdown.TestReconciliationTruth" name="test_can_auto_heal_stale" time="0.000" /><testcase classname="tests.test_core_lockdown.TestReconciliationTruth" name="test_cannot_auto_heal_missing" time="0.000" /><testcase classname="tests.test_core_lockdown.TestReconciliationTruth" name="test_truth_table_summary_serializable" time="0.000" /><testcase classname="tests.test_core_lockdown.TestMappingValidator" name="test_unmapped_room_fails" time="0.000" /><testcase classname="tests.test_core_lockdown.TestMappingValidator" name="test_inactive_room_fails" time="0.000" /><testcase classname="tests.test_core_lockdown.TestMappingValidator" name="test_valid_room_passes" time="0.000" /><testcase classname="tests.test_core_lockdown.TestMappingValidator" name="test_unmapped_rate_plan_fails" time="0.000" /><testcase classname="tests.test_core_lockdown.TestMappingValidator" name="test_deleted_room_fails" time="0.000" /><testcase classname="tests.test_core_lockdown.TestMappingHealth" name="test_empty_mappings" time="0.001" /><testcase classname="tests.test_core_lockdown.TestMappingHealth" name="test_full_healthy_mappings" time="0.001" /></testsuite></testsuites>