<?xml version="1.0" encoding="utf-8"?><testsuites name="pytest tests"><testsuite name="pytest" errors="0" failures="0" skipped="1" tests="14" time="5.678" timestamp="2026-03-06T15:37:50.870889+00:00" hostname="agent-env-3c03539e-9c31-429b-a5f8-30bcdca4e466"><testcase classname="tests.test_release_room_block_bridge.TestReleaseRoomBlockBridge" name="test_happy_path_release_room_block_with_outbox_and_audit" time="0.440" /><testcase classname="tests.test_release_room_block_bridge.TestReleaseRoomBlockBridge" name="test_duplicate_request_same_idempotency_key_returns_same_release_response" time="0.386" /><testcase classname="tests.test_release_room_block_bridge.TestReleaseRoomBlockBridge" name="test_duplicate_release_with_new_idempotency_key_is_deterministic_and_no_duplicate_event" time="0.421" /><testcase classname="tests.test_release_room_block_bridge.TestReleaseRoomBlockBridge" name="test_missing_idempotency_key_rejected" time="0.319" /><testcase classname="tests.test_release_room_block_bridge.TestReleaseRoomBlockBridge" name="test_wrong_property_scope_rejected_without_availability_effect" time="0.385" /><testcase classname="tests.test_release_room_block_bridge.TestReleaseRoomBlockBridge" name="test_wrong_tenant_cannot_release_demo_block_and_block_stays_active" time="0.714" /><testcase classname="tests.test_release_room_block_bridge.TestReleaseRoomBlockBridge" name="test_availability_projection_effect_after_release" time="0.582" /><testcase classname="tests.test_create_room_block_bridge.TestCreateRoomBlockBridge" name="test_happy_path_room_block_create_with_outbox_and_audit" time="0.220" /><testcase classname="tests.test_create_room_block_bridge.TestCreateRoomBlockBridge" name="test_duplicate_request_same_idempotency_key_returns_same_block" time="0.260" /><testcase classname="tests.test_create_room_block_bridge.TestCreateRoomBlockBridge" name="test_missing_idempotency_key_rejected" time="0.237" /><testcase classname="tests.test_create_room_block_bridge.TestCreateRoomBlockBridge" name="test_wrong_property_scope_rejected" time="0.290" /><testcase classname="tests.test_create_room_block_bridge.TestCreateRoomBlockBridge" name="test_invalid_date_range_rejected" time="0.250" /><testcase classname="tests.test_create_room_block_bridge.TestCreateRoomBlockBridge" name="test_wrong_tenant_cannot_block_demo_room" time="0.744" /><testcase classname="tests.test_create_room_block_bridge.TestCreateRoomBlockBridge" name="test_availability_projection_effect_after_block" time="0.118"><skipped type="pytest.skip" message="Login failed: 429">/app/backend/tests/test_create_room_block_bridge.py:158: Login failed: 429</skipped></testcase></testsuite></testsuites>