<?xml version="1.0" encoding="utf-8"?><testsuites name="pytest tests"><testsuite name="pytest" errors="0" failures="0" skipped="0" tests="16" time="7.928" timestamp="2026-03-13T04:24:44.643394+00:00" hostname="agent-env-0166817e-f573-4cba-870f-ab9f77436550"><testcase classname="tests.test_hotelrunner_webhook_ingest.TestWebhookReservations" name="test_webhook_reservation_accepts_single" time="0.251" /><testcase classname="tests.test_hotelrunner_webhook_ingest.TestWebhookReservations" name="test_webhook_reservation_accepts_batch" time="0.130" /><testcase classname="tests.test_hotelrunner_webhook_ingest.TestWebhookReservations" name="test_webhook_reservation_requires_tenant_id" time="0.106" /><testcase classname="tests.test_hotelrunner_webhook_ingest.TestWebhookModifications" name="test_webhook_modification_accepts" time="0.109" /><testcase classname="tests.test_hotelrunner_webhook_ingest.TestWebhookCancellations" name="test_webhook_cancellation_accepts" time="0.112" /><testcase classname="tests.test_hotelrunner_webhook_ingest.TestIdempotency" name="test_duplicate_reservation_idempotent" time="1.256" /><testcase classname="tests.test_hotelrunner_webhook_ingest.TestIdempotency" name="test_duplicate_cancellation_idempotent" time="2.334" /><testcase classname="tests.test_hotelrunner_webhook_ingest.TestRawEventsAPI" name="test_get_raw_events" time="0.496" /><testcase classname="tests.test_hotelrunner_webhook_ingest.TestRawEventsAPI" name="test_get_raw_events_by_status" time="0.230" /><testcase classname="tests.test_hotelrunner_webhook_ingest.TestErrorEventsAPI" name="test_get_error_events" time="0.297" /><testcase classname="tests.test_hotelrunner_webhook_ingest.TestSyncStatusAPI" name="test_get_sync_status" time="0.256" /><testcase classname="tests.test_hotelrunner_webhook_ingest.TestManualPullAPI" name="test_manual_pull_requires_connection" time="0.217" /><testcase classname="tests.test_hotelrunner_webhook_ingest.TestEventReplayAPI" name="test_replay_nonexistent_event_returns_404" time="0.274" /><testcase classname="tests.test_hotelrunner_webhook_ingest.TestEventReplayAPI" name="test_replay_existing_event" time="1.453" /><testcase classname="tests.test_hotelrunner_webhook_ingest.TestConnectionAPI" name="test_connection_returns_disconnected" time="0.215" /><testcase classname="tests.test_hotelrunner_webhook_ingest.TestWebhookInvalidPayloads" name="test_webhook_reservation_invalid_json" time="0.105" /></testsuite></testsuites>