<?xml version="1.0" encoding="utf-8"?><testsuites name="pytest tests"><testsuite name="pytest" errors="0" failures="0" skipped="0" tests="18" time="2.611" timestamp="2026-03-23T17:11:21.038243+00:00" hostname="agent-env-51fe6e75-f571-4366-afa2-b7316a53f32b"><testcase classname="tests.test_ops_dashboard_new_endpoints.TestInventoryAlignmentEndpoint" name="test_inventory_alignment_returns_200" time="0.219" /><testcase classname="tests.test_ops_dashboard_new_endpoints.TestInventoryAlignmentEndpoint" name="test_inventory_alignment_has_required_fields" time="0.132" /><testcase classname="tests.test_ops_dashboard_new_endpoints.TestInventoryAlignmentEndpoint" name="test_inventory_alignment_status_valid" time="0.118" /><testcase classname="tests.test_ops_dashboard_new_endpoints.TestInventoryAlignmentEndpoint" name="test_inventory_alignment_freshness_valid" time="0.109" /><testcase classname="tests.test_ops_dashboard_new_endpoints.TestInventoryAlignmentEndpoint" name="test_inventory_alignment_provider_breakdown_is_list" time="0.156" /><testcase classname="tests.test_ops_dashboard_new_endpoints.TestInventoryAlignmentEndpoint" name="test_inventory_alignment_with_days_ahead_param" time="0.193" /><testcase classname="tests.test_ops_dashboard_new_endpoints.TestDoraMetricsEndpoint" name="test_dora_metrics_returns_200" time="0.138" /><testcase classname="tests.test_ops_dashboard_new_endpoints.TestDoraMetricsEndpoint" name="test_dora_metrics_has_metrics_object" time="0.120" /><testcase classname="tests.test_ops_dashboard_new_endpoints.TestDoraMetricsEndpoint" name="test_dora_metrics_has_four_metrics" time="0.156" /><testcase classname="tests.test_ops_dashboard_new_endpoints.TestDoraMetricsEndpoint" name="test_dora_metrics_each_has_value_and_rating" time="0.165" /><testcase classname="tests.test_ops_dashboard_new_endpoints.TestDoraMetricsEndpoint" name="test_dora_metrics_rating_valid" time="0.117" /><testcase classname="tests.test_ops_dashboard_new_endpoints.TestDoraMetricsEndpoint" name="test_dora_metrics_with_days_param" time="0.123" /><testcase classname="tests.test_ops_dashboard_new_endpoints.TestDoraCorrelationEndpoint" name="test_dora_correlation_returns_200" time="0.125" /><testcase classname="tests.test_ops_dashboard_new_endpoints.TestDoraCorrelationEndpoint" name="test_dora_correlation_has_correlations_array" time="0.157" /><testcase classname="tests.test_ops_dashboard_new_endpoints.TestDoraCorrelationEndpoint" name="test_dora_correlation_items_have_inference" time="0.119" /><testcase classname="tests.test_ops_dashboard_new_endpoints.TestDoraCorrelationEndpoint" name="test_dora_correlation_inference_valid" time="0.153" /><testcase classname="tests.test_ops_dashboard_new_endpoints.TestExistingEndpointsStillWork" name="test_deploy_stats_returns_200" time="0.111" /><testcase classname="tests.test_ops_dashboard_new_endpoints.TestExistingEndpointsStillWork" name="test_deploy_trend_returns_200" time="0.154" /></testsuite></testsuites>