<?xml version="1.0" encoding="utf-8"?><testsuites name="pytest tests"><testsuite name="pytest" errors="0" failures="0" skipped="0" tests="31" time="6.453" timestamp="2026-03-15T07:00:34.367427+00:00" hostname="agent-env-999fa46d-7685-41ca-9e0c-803aef01cf2c"><testcase classname="tests.test_operational_monitoring_api.TestMonitoringOverview" name="test_overview_returns_200" time="1.935" /><testcase classname="tests.test_operational_monitoring_api.TestMonitoringOverview" name="test_overview_has_system_health" time="0.120" /><testcase classname="tests.test_operational_monitoring_api.TestMonitoringOverview" name="test_overview_has_alert_counts" time="0.108" /><testcase classname="tests.test_operational_monitoring_api.TestMonitoringOverview" name="test_overview_has_5_domain_statuses" time="0.121" /><testcase classname="tests.test_operational_monitoring_api.TestMonitoringOverview" name="test_overview_has_queue_depth" time="0.107" /><testcase classname="tests.test_operational_monitoring_api.TestMonitoringOverview" name="test_overview_has_reconciliation_open_cases" time="0.105" /><testcase classname="tests.test_operational_monitoring_api.TestMonitoringOverview" name="test_overview_has_worker_state" time="0.148" /><testcase classname="tests.test_operational_monitoring_api.TestMonitoringAlerts" name="test_alerts_returns_200" time="0.122" /><testcase classname="tests.test_operational_monitoring_api.TestMonitoringAlerts" name="test_alerts_returns_list" time="0.110" /><testcase classname="tests.test_operational_monitoring_api.TestMonitoringAlerts" name="test_alerts_filter_by_status" time="0.122" /><testcase classname="tests.test_operational_monitoring_api.TestMonitoringAlerts" name="test_alerts_filter_by_severity" time="0.112" /><testcase classname="tests.test_operational_monitoring_api.TestMonitoringAlerts" name="test_alert_structure" time="0.122" /><testcase classname="tests.test_operational_monitoring_api.TestMonitoringMetrics" name="test_metrics_returns_200" time="0.106" /><testcase classname="tests.test_operational_monitoring_api.TestMonitoringMetrics" name="test_metrics_has_all_5_domains" time="0.105" /><testcase classname="tests.test_operational_monitoring_api.TestMonitoringMetrics" name="test_metrics_ingest_health_fields" time="0.108" /><testcase classname="tests.test_operational_monitoring_api.TestMonitoringMetrics" name="test_metrics_ari_health_fields" time="0.115" /><testcase classname="tests.test_operational_monitoring_api.TestMonitoringMetrics" name="test_metrics_reconciliation_health_fields" time="0.112" /><testcase classname="tests.test_operational_monitoring_api.TestMonitoringMetrics" name="test_metrics_queue_health_fields" time="0.117" /><testcase classname="tests.test_operational_monitoring_api.TestMonitoringProviders" name="test_providers_returns_200" time="0.109" /><testcase classname="tests.test_operational_monitoring_api.TestMonitoringProviders" name="test_providers_has_provider_details" time="0.105" /><testcase classname="tests.test_operational_monitoring_api.TestMonitoringProviders" name="test_providers_health_breakdown" time="0.111" /><testcase classname="tests.test_operational_monitoring_api.TestAlertLifecycle" name="test_ack_nonexistent_alert_returns_404" time="0.118" /><testcase classname="tests.test_operational_monitoring_api.TestAlertLifecycle" name="test_resolve_nonexistent_alert_returns_404" time="0.123" /><testcase classname="tests.test_operational_monitoring_api.TestAlertLifecycle" name="test_alert_lifecycle_with_existing_alert" time="0.569" /><testcase classname="tests.test_operational_monitoring_api.TestAlertLifecycle" name="test_cannot_ack_already_resolved_alert" time="0.232" /><testcase classname="tests.test_operational_monitoring_api.TestAlertLifecycle" name="test_cannot_resolve_already_resolved_alert" time="0.222" /><testcase classname="tests.test_operational_monitoring_api.TestMonitoringIntegration" name="test_monitoring_worker_is_running" time="0.110" /><testcase classname="tests.test_operational_monitoring_api.TestMonitoringIntegration" name="test_metrics_collected_at_timestamp" time="0.109" /><testcase classname="tests.test_operational_monitoring_api.TestMonitoringIntegration" name="test_all_endpoints_require_auth" time="0.435" /><testcase classname="tests.test_operational_monitoring_api.TestRealProviderIntegration" name="test_ingest_workers_have_real_provider_imports" time="0.110" /><testcase classname="tests.test_operational_monitoring_api.TestRealProviderIntegration" name="test_provider_connections_exist" time="0.102" /></testsuite></testsuites>