<?xml version="1.0" encoding="utf-8"?><testsuites name="pytest tests"><testsuite name="pytest" errors="0" failures="1" skipped="0" tests="25" time="5.132" timestamp="2026-03-12T03:55:00.344203+00:00" hostname="agent-env-597b9caf-4b1e-4599-ab6a-b591fb537563"><testcase classname="tests.test_pms_hardening_api.TestPMSAuth" name="test_login_success" time="0.564" /><testcase classname="tests.test_pms_hardening_api.TestDashboard" name="test_operational_dashboard" time="0.228" /><testcase classname="tests.test_pms_hardening_api.TestDashboard" name="test_dashboard_unauthorized" time="0.161"><failure message="assert 403 == 401&#10; +  where 403 = &lt;Response [403]&gt;.status_code">tests/test_pms_hardening_api.py:88: in test_dashboard_unauthorized
    assert response.status_code == 401
E   assert 403 == 401
E    +  where 403 = &lt;Response [403]&gt;.status_code</failure></testcase><testcase classname="tests.test_pms_hardening_api.TestPermissions" name="test_permissions_me" time="0.289" /><testcase classname="tests.test_pms_hardening_api.TestHousekeeping" name="test_room_summary" time="0.239" /><testcase classname="tests.test_pms_hardening_api.TestHousekeeping" name="test_room_readiness" time="0.117" /><testcase classname="tests.test_pms_hardening_api.TestHousekeeping" name="test_room_status_update" time="0.117" /><testcase classname="tests.test_pms_hardening_api.TestNightAudit" name="test_business_date" time="0.224" /><testcase classname="tests.test_pms_hardening_api.TestNightAudit" name="test_exceptions_list" time="0.107" /><testcase classname="tests.test_pms_hardening_api.TestNightAudit" name="test_run_night_audit" time="0.303" /><testcase classname="tests.test_pms_hardening_api.TestAuditTrail" name="test_audit_trail" time="0.232" /><testcase classname="tests.test_pms_hardening_api.TestAuditTrail" name="test_audit_trail_filter" time="0.121" /><testcase classname="tests.test_pms_hardening_api.TestOverbooking" name="test_overbooking_check" time="0.247" /><testcase classname="tests.test_pms_hardening_api.TestCheckoutPreview" name="test_checkout_preview_valid_booking" time="0.259" /><testcase classname="tests.test_pms_hardening_api.TestCheckoutPreview" name="test_checkout_preview_not_found" time="0.118" /><testcase classname="tests.test_pms_hardening_api.TestReservationStateTransitions" name="test_cancel_invalid_booking" time="0.226" /><testcase classname="tests.test_pms_hardening_api.TestReservationStateTransitions" name="test_no_show_invalid_booking" time="0.130" /><testcase classname="tests.test_pms_hardening_api.TestFolioOperations" name="test_tax_breakdown" time="0.284" /><testcase classname="tests.test_pms_hardening_api.TestFolioOperations" name="test_post_charge_invalid_folio" time="0.113" /><testcase classname="tests.test_pms_hardening_api.TestFolioOperations" name="test_post_payment_invalid_folio" time="0.168" /><testcase classname="tests.test_pms_hardening_api.TestFolioOperations" name="test_void_charge_invalid" time="0.117" /><testcase classname="tests.test_pms_hardening_api.TestFrontDeskWorkflows" name="test_checkin_invalid_booking" time="0.258" /><testcase classname="tests.test_pms_hardening_api.TestFrontDeskWorkflows" name="test_checkout_invalid_booking" time="0.109" /><testcase classname="tests.test_pms_hardening_api.TestFrontDeskWorkflows" name="test_walkin_requires_available_room" time="0.171" /><testcase classname="tests.test_pms_hardening_api.TestFrontDeskWorkflows" name="test_walkin_available_room" time="0.112" /></testsuite></testsuites>