<?xml version="1.0" encoding="utf-8"?><testsuites name="pytest tests"><testsuite name="pytest" errors="0" failures="0" skipped="0" tests="15" time="4.943" timestamp="2026-04-07T20:29:21.446316+00:00" hostname="agent-env-22b01393-3b28-4ac4-8db6-6589c82421bf"><testcase classname="tests.test_unified_rate_manager_api.TestDetectProvider" name="test_detect_provider_returns_active_provider" time="1.646" /><testcase classname="tests.test_unified_rate_manager_api.TestDetectProvider" name="test_detect_provider_with_staff_user" time="0.511" /><testcase classname="tests.test_unified_rate_manager_api.TestDetectProvider" name="test_detect_provider_without_auth" time="0.104" /><testcase classname="tests.test_unified_rate_manager_api.TestUnifiedGrid" name="test_grid_returns_calendar_data" time="0.124" /><testcase classname="tests.test_unified_rate_manager_api.TestUnifiedGrid" name="test_grid_with_specific_date_range" time="0.126" /><testcase classname="tests.test_unified_rate_manager_api.TestRoomTypes" name="test_room_types_returns_data" time="0.138" /><testcase classname="tests.test_unified_rate_manager_api.TestAgencies" name="test_list_agencies" time="0.163" /><testcase classname="tests.test_unified_rate_manager_api.TestAgencies" name="test_get_agency_rate_overrides" time="0.129" /><testcase classname="tests.test_unified_rate_manager_api.TestAgencies" name="test_create_agency_rate_override" time="0.260" /><testcase classname="tests.test_unified_rate_manager_api.TestAgencies" name="test_delete_agency_rate_overrides" time="0.141" /><testcase classname="tests.test_unified_rate_manager_api.TestPushProviders" name="test_push_providers_returns_data" time="0.136" /><testcase classname="tests.test_unified_rate_manager_api.TestPricingSettings" name="test_pricing_settings_returns_data" time="0.209" /><testcase classname="tests.test_unified_rate_manager_api.TestStopSaleSummary" name="test_stop_sale_summary_returns_data" time="0.120" /><testcase classname="tests.test_unified_rate_manager_api.TestAuthorizationAndEdgeCases" name="test_endpoints_require_auth" time="0.937" /><testcase classname="tests.test_unified_rate_manager_api.TestAuthorizationAndEdgeCases" name="test_invalid_date_format" time="0.129" /></testsuite></testsuites>