<?xml version="1.0" encoding="utf-8"?><testsuites name="pytest tests"><testsuite name="pytest" errors="0" failures="0" skipped="0" tests="31" time="4.909" timestamp="2026-03-18T21:48:48.598432+00:00" hostname="agent-env-f0c53913-0181-434b-89bc-81572cd03b67"><testcase classname="tests.test_night_audit_financial_api.TestFinancialSummary" name="test_returns_200" time="1.636" /><testcase classname="tests.test_night_audit_financial_api.TestFinancialSummary" name="test_structure" time="0.099" /><testcase classname="tests.test_night_audit_financial_api.TestFinancialSummary" name="test_revenue_structure" time="0.115" /><testcase classname="tests.test_night_audit_financial_api.TestFinancialSummary" name="test_tax_structure" time="0.130" /><testcase classname="tests.test_night_audit_financial_api.TestFinancialSummary" name="test_payments_structure" time="0.101" /><testcase classname="tests.test_night_audit_financial_api.TestFinancialSummary" name="test_open_folios_structure" time="0.076" /><testcase classname="tests.test_night_audit_financial_api.TestFinancialSummary" name="test_with_date_param" time="0.095" /><testcase classname="tests.test_night_audit_financial_api.TestFinancialSummary" name="test_requires_auth" time="0.074" /><testcase classname="tests.test_night_audit_financial_api.TestPaymentReconciliation" name="test_returns_200" time="0.119" /><testcase classname="tests.test_night_audit_financial_api.TestPaymentReconciliation" name="test_structure" time="0.098" /><testcase classname="tests.test_night_audit_financial_api.TestPaymentReconciliation" name="test_discrepancies_is_list" time="0.082" /><testcase classname="tests.test_night_audit_financial_api.TestPaymentReconciliation" name="test_has_high_balance_info" time="0.121" /><testcase classname="tests.test_night_audit_financial_api.TestPaymentReconciliation" name="test_with_date_param" time="0.090" /><testcase classname="tests.test_night_audit_financial_api.TestPaymentReconciliation" name="test_is_balanced_is_boolean" time="0.124" /><testcase classname="tests.test_night_audit_financial_api.TestPaymentReconciliation" name="test_requires_auth" time="0.238" /><testcase classname="tests.test_night_audit_financial_api.TestIntegrityCheck" name="test_returns_200" time="0.149" /><testcase classname="tests.test_night_audit_financial_api.TestIntegrityCheck" name="test_structure" time="0.120" /><testcase classname="tests.test_night_audit_financial_api.TestIntegrityCheck" name="test_checks_is_array" time="0.104" /><testcase classname="tests.test_night_audit_financial_api.TestIntegrityCheck" name="test_has_check_items" time="0.102" /><testcase classname="tests.test_night_audit_financial_api.TestIntegrityCheck" name="test_summary_structure" time="0.122" /><testcase classname="tests.test_night_audit_financial_api.TestIntegrityCheck" name="test_with_date_param" time="0.095" /><testcase classname="tests.test_night_audit_financial_api.TestIntegrityCheck" name="test_requires_auth" time="0.117" /><testcase classname="tests.test_night_audit_financial_api.TestFinancialReport" name="test_returns_200" time="0.109" /><testcase classname="tests.test_night_audit_financial_api.TestFinancialReport" name="test_structure" time="0.082" /><testcase classname="tests.test_night_audit_financial_api.TestFinancialReport" name="test_summary_structure" time="0.096" /><testcase classname="tests.test_night_audit_financial_api.TestFinancialReport" name="test_dates_in_response" time="0.075" /><testcase classname="tests.test_night_audit_financial_api.TestFinancialReport" name="test_revenue_by_date_is_list" time="0.080" /><testcase classname="tests.test_night_audit_financial_api.TestFinancialReport" name="test_audit_runs_is_list" time="0.083" /><testcase classname="tests.test_night_audit_financial_api.TestFinancialReport" name="test_requires_start_date" time="0.069" /><testcase classname="tests.test_night_audit_financial_api.TestFinancialReport" name="test_requires_end_date" time="0.089" /><testcase classname="tests.test_night_audit_financial_api.TestFinancialReport" name="test_requires_auth" time="0.109" /></testsuite></testsuites>