<?xml version="1.0" encoding="utf-8"?><testsuites name="pytest tests"><testsuite name="pytest" errors="0" failures="0" skipped="0" tests="20" time="7.064" timestamp="2026-03-15T07:35:10.881095+00:00" hostname="agent-env-6a789844-3be5-433a-b3e8-63d73d98a8f4"><testcase classname="tests.test_provider_config_slack_trends.TestProviderConfigEndpoints" name="test_get_providers_overview" time="1.784" /><testcase classname="tests.test_provider_config_slack_trends.TestProviderConfigEndpoints" name="test_save_hotelrunner_credentials" time="0.114" /><testcase classname="tests.test_provider_config_slack_trends.TestProviderConfigEndpoints" name="test_save_exely_credentials" time="0.107" /><testcase classname="tests.test_provider_config_slack_trends.TestProviderConfigEndpoints" name="test_save_credentials_missing_required_field" time="0.110" /><testcase classname="tests.test_provider_config_slack_trends.TestProviderConfigEndpoints" name="test_get_masked_credentials" time="0.224" /><testcase classname="tests.test_provider_config_slack_trends.TestProviderConfigEndpoints" name="test_run_validation_checklist" time="0.525" /><testcase classname="tests.test_provider_config_slack_trends.TestProviderConfigEndpoints" name="test_test_connection" time="0.497" /><testcase classname="tests.test_provider_config_slack_trends.TestProviderConfigEndpoints" name="test_get_readiness_score" time="0.106" /><testcase classname="tests.test_provider_config_slack_trends.TestProviderConfigEndpoints" name="test_unknown_provider_returns_400" time="0.107" /><testcase classname="tests.test_provider_config_slack_trends.TestProviderConfigEndpoints" name="test_delete_credentials" time="0.230" /><testcase classname="tests.test_provider_config_slack_trends.TestSlackIntegration" name="test_get_dispatch_config" time="0.202" /><testcase classname="tests.test_provider_config_slack_trends.TestSlackIntegration" name="test_save_slack_config" time="0.110" /><testcase classname="tests.test_provider_config_slack_trends.TestSlackIntegration" name="test_slack_test_without_webhook" time="0.225" /><testcase classname="tests.test_provider_config_slack_trends.TestSlackIntegration" name="test_slack_config_with_different_severities" time="0.211" /><testcase classname="tests.test_provider_config_slack_trends.TestTrendCharts" name="test_get_trends_default" time="0.227" /><testcase classname="tests.test_provider_config_slack_trends.TestTrendCharts" name="test_get_trends_6h" time="0.107" /><testcase classname="tests.test_provider_config_slack_trends.TestTrendCharts" name="test_get_trends_48h" time="0.106" /><testcase classname="tests.test_provider_config_slack_trends.TestTrendCharts" name="test_trends_data_structure" time="0.111" /><testcase classname="tests.test_provider_config_slack_trends.TestProviderValidationFlow" name="test_full_validation_flow_hotelrunner" time="0.957" /><testcase classname="tests.test_provider_config_slack_trends.TestProviderValidationFlow" name="test_full_validation_flow_exely" time="0.898" /></testsuite></testsuites>