<?xml version="1.0" encoding="utf-8"?><testsuites name="pytest tests"><testsuite name="pytest" errors="0" failures="0" skipped="0" tests="17" time="6.085" timestamp="2026-03-22T21:28:39.775855+00:00" hostname="agent-env-b5e94c30-6fc3-4775-8d40-149140e3f500"><testcase classname="tests.battle.test_cancellation_edges" name="test_cancel_confirmed_booking" time="0.615" /><testcase classname="tests.battle.test_cancellation_edges" name="test_double_cancel_is_idempotent" time="0.453" /><testcase classname="tests.battle.test_cancellation_edges" name="test_cancel_checked_out_booking_rejected" time="0.227" /><testcase classname="tests.battle.test_folio_ledger" name="test_post_charge_creates_ledger_entry" time="0.254" /><testcase classname="tests.battle.test_folio_ledger" name="test_post_payment_reduces_balance" time="0.169" /><testcase classname="tests.battle.test_folio_ledger" name="test_void_entry_reverses_charge" time="0.179" /><testcase classname="tests.battle.test_folio_ledger" name="test_double_void_rejected" time="0.249" /><testcase classname="tests.battle.test_folio_ledger" name="test_transfer_between_folios" time="0.318" /><testcase classname="tests.battle.test_folio_ledger" name="test_idempotency_prevents_double_charge" time="0.225" /><testcase classname="tests.battle.test_folio_ledger" name="test_reconciliation_run" time="0.614" /><testcase classname="tests.battle.test_folio_ledger" name="test_get_ledger_entries" time="0.306" /><testcase classname="tests.battle.test_learning_loop" name="test_create_incident_auto_classifies" time="0.225" /><testcase classname="tests.battle.test_learning_loop" name="test_create_incident_with_security_keywords" time="0.120" /><testcase classname="tests.battle.test_learning_loop" name="test_rca_workflow" time="0.259" /><testcase classname="tests.battle.test_learning_loop" name="test_never_again_rule" time="0.235" /><testcase classname="tests.battle.test_learning_loop" name="test_recurrence_detection" time="0.283" /><testcase classname="tests.battle.test_learning_loop" name="test_learning_dashboard" time="1.265" /></testsuite></testsuites>