<?xml version="1.0" encoding="utf-8"?><testsuites name="pytest tests"><testsuite name="pytest" errors="0" failures="0" skipped="0" tests="25" time="0.353" timestamp="2026-03-11T21:20:52.141261+00:00" hostname="agent-env-e3f2fece-9c05-434b-8179-3445883959d1"><testcase classname="tests.test_reservation_import_engine.TestImportedReservationModel" name="test_fingerprint_deterministic" time="0.001" /><testcase classname="tests.test_reservation_import_engine.TestImportedReservationModel" name="test_fingerprint_changes_on_data_diff" time="0.000" /><testcase classname="tests.test_reservation_import_engine.TestImportedReservationModel" name="test_fingerprint_changes_on_date_diff" time="0.001" /><testcase classname="tests.test_reservation_import_engine.TestImportedReservationModel" name="test_fingerprint_changes_on_status_diff" time="0.001" /><testcase classname="tests.test_reservation_import_engine.TestImportedReservationModel" name="test_to_doc_and_from_doc" time="0.000" /><testcase classname="tests.test_reservation_import_engine.TestReservationImportBatchModel" name="test_batch_defaults" time="0.001" /><testcase classname="tests.test_reservation_import_engine.TestReservationImportBatchModel" name="test_batch_to_doc" time="0.000" /><testcase classname="tests.test_reservation_import_engine.TestEnums" name="test_import_status_values" time="0.000" /><testcase classname="tests.test_reservation_import_engine.TestEnums" name="test_review_reason_codes" time="0.000" /><testcase classname="tests.test_reservation_import_engine.TestEnums" name="test_ack_status_values" time="0.000" /><testcase classname="tests.test_reservation_import_engine.TestAuditModel" name="test_reservation_audit_actions_exist" time="0.001" /><testcase classname="tests.test_reservation_import_engine.TestAuditModel" name="test_audit_log_to_doc" time="0.000" /><testcase classname="tests.test_reservation_import_engine.TestCanonicalModel" name="test_canonical_reservation_defaults" time="0.000" /><testcase classname="tests.test_reservation_import_engine.TestCanonicalModel" name="test_canonical_guest" time="0.000" /><testcase classname="tests.test_reservation_import_engine.TestCanonicalModel" name="test_reservation_status_enum" time="0.000" /><testcase classname="tests.test_reservation_import_engine.TestServiceLogic" name="test_new_reservation_requires_mapping" time="0.001" /><testcase classname="tests.test_reservation_import_engine.TestServiceLogic" name="test_duplicate_detection_same_fingerprint" time="0.000" /><testcase classname="tests.test_reservation_import_engine.TestServiceLogic" name="test_modification_detection_different_fingerprint" time="0.000" /><testcase classname="tests.test_reservation_import_engine.TestServiceLogic" name="test_modification_after_cancel_is_conflict" time="0.000" /><testcase classname="tests.test_reservation_import_engine.TestServiceLogic" name="test_cancellation_of_already_cancelled_is_duplicate_cancel" time="0.000" /><testcase classname="tests.test_reservation_import_engine.TestServiceLogic" name="test_checked_in_cancellation_requires_review" time="0.000" /><testcase classname="tests.test_reservation_import_engine.TestServiceLogic" name="test_out_of_order_for_unexpected_status" time="0.000" /><testcase classname="tests.test_reservation_import_engine.TestAlertingIntegration" name="test_import_failure_spike_rule_exists" time="0.241" /><testcase classname="tests.test_reservation_import_engine.TestAlertingIntegration" name="test_import_failure_spike_has_two_severities" time="0.000" /><testcase classname="tests.test_reservation_import_engine.TestReliabilityIntegration" name="test_classify_with_import_success_rate" time="0.001" /></testsuite></testsuites>