<?xml version="1.0" encoding="utf-8"?><testsuites name="pytest tests"><testsuite name="pytest" errors="0" failures="0" skipped="1" tests="13" time="6.919" timestamp="2026-04-08T21:46:33.457040+00:00" hostname="agent-env-942b64b0-f961-4f06-a4c8-93884f59cb27"><testcase classname="tests.test_messaging_automation_api.TestMessagingAutomationAPI" name="test_list_trigger_events" time="2.349" /><testcase classname="tests.test_messaging_automation_api.TestMessagingAutomationAPI" name="test_list_automation_rules" time="0.236" /><testcase classname="tests.test_messaging_automation_api.TestMessagingAutomationAPI" name="test_create_automation_rule" time="0.346" /><testcase classname="tests.test_messaging_automation_api.TestMessagingAutomationAPI" name="test_create_automation_rule_invalid_trigger" time="0.267" /><testcase classname="tests.test_messaging_automation_api.TestMessagingAutomationAPI" name="test_update_automation_rule" time="0.326" /><testcase classname="tests.test_messaging_automation_api.TestMessagingAutomationAPI" name="test_delete_automation_rule" time="0.385" /><testcase classname="tests.test_messaging_automation_api.TestMessagingAutomationAPI" name="test_delete_nonexistent_rule" time="0.235" /><testcase classname="tests.test_messaging_automation_api.TestMessagingAutomationAPI" name="test_automation_rule_test" time="0.272" /><testcase classname="tests.test_messaging_automation_api.TestMessagingAutomationAPI" name="test_automation_rule_test_nonexistent" time="0.221" /><testcase classname="tests.test_messaging_automation_api.TestMessagingAutomationAPI" name="test_booking_status_change_triggers_automation" time="1.513" /><testcase classname="tests.test_messaging_automation_api.TestMessagingAutomationAPI" name="test_booking_approve_triggers_automation" time="0.252"><skipped type="pytest.skip" message="No pending booking available">/app/backend/tests/test_messaging_automation_api.py:328: No pending booking available</skipped></testcase><testcase classname="tests.test_messaging_automation_api.TestAutomationRulesCleanup" name="test_cleanup_test_automation_rules" time="0.277" /><testcase classname="tests.test_messaging_automation_api.TestAutomationRulesCleanup" name="test_restore_disabled_rules" time="0.174" /></testsuite></testsuites>