<?xml version="1.0" encoding="utf-8"?><testsuites name="pytest tests"><testsuite name="pytest" errors="0" failures="0" skipped="0" tests="5" time="1.828" timestamp="2026-03-13T04:05:37.515882+00:00" hostname="agent-env-0166817e-f573-4cba-870f-ab9f77436550"><testcase classname="tests.test_hotelrunner_api.TestHotelRunnerConnection" name="test_connection_status_disconnected" time="0.276" /><testcase classname="tests.test_hotelrunner_api.TestHotelRunnerRoomMappings" name="test_room_mappings_empty" time="0.255" /><testcase classname="tests.test_hotelrunner_api.TestHotelRunnerSyncLogs" name="test_sync_logs_list" time="0.236" /><testcase classname="tests.test_hotelrunner_api.TestHotelRunnerLocalReservations" name="test_local_reservations_list" time="0.231" /><testcase classname="tests.test_hotelrunner_api.TestHotelRunnerConnect" name="test_connect_with_invalid_token" time="0.766" /></testsuite></testsuites>