<?xml version="1.0" encoding="utf-8"?><testsuites name="pytest tests"><testsuite name="pytest" errors="0" failures="0" skipped="0" tests="9" time="3.719" timestamp="2026-03-25T11:18:36.678800+00:00" hostname="agent-env-283cd2f9-a1a6-45f1-882c-74fdb51970a8"><testcase classname="tests.test_p1_room_move_history.TestAuthAndBasicEndpoints" name="test_login_with_demo_credentials" time="2.652" /><testcase classname="tests.test_p1_room_move_history.TestAuthAndBasicEndpoints" name="test_dashboard_returns_valid_data" time="0.200" /><testcase classname="tests.test_p1_room_move_history.TestAuthAndBasicEndpoints" name="test_bookings_returns_list" time="0.142" /><testcase classname="tests.test_p1_room_move_history.TestRoomMoveHistoryEndpoint" name="test_room_move_history_full_payload" time="0.241" /><testcase classname="tests.test_p1_room_move_history.TestRoomMoveHistoryEndpoint" name="test_room_move_history_minimal_payload" time="0.116" /><testcase classname="tests.test_p1_room_move_history.TestRoomMoveHistoryEndpoint" name="test_room_move_history_response_uses_canonical_field_names" time="0.123" /><testcase classname="tests.test_p1_room_move_history.TestCIGuards" name="test_check_orphan_files_exits_zero" time="0.024" /><testcase classname="tests.test_p1_room_move_history.TestCIGuards" name="test_check_import_boundaries_exits_zero" time="0.056" /><testcase classname="tests.test_p1_room_move_history.TestHealthEndpoint" name="test_health_endpoint_returns_200" time="0.115" /></testsuite></testsuites>