<?xml version="1.0" encoding="utf-8"?><testsuites name="pytest tests"><testsuite name="pytest" errors="0" failures="0" skipped="1" tests="72" time="12.537" timestamp="2026-03-23T07:06:19.027333+00:00" hostname="agent-env-e886004e-cbfb-4b13-b099-4af9f22a0519"><testcase classname="tests.battle.test_booking_integrity" name="test_concurrent_same_room_exactly_one_wins" time="0.437" /><testcase classname="tests.battle.test_booking_integrity" name="test_multi_night_partial_contention_all_or_nothing" time="0.223" /><testcase classname="tests.battle.test_booking_integrity" name="test_cancel_then_rebook_same_dates" time="0.196" /><testcase classname="tests.battle.test_booking_integrity" name="test_idempotency_key_no_duplicate_inventory" time="0.107" /><testcase classname="tests.battle.test_booking_integrity" name="test_ooo_room_blocks_booking" time="0.164" /><testcase classname="tests.battle.test_booking_integrity" name="test_lock_events_appear_in_timeline" time="1.126" /><testcase classname="tests.battle.test_booking_integrity" name="test_double_cancel_idempotent" time="0.115" /><testcase classname="tests.battle.test_booking_integrity" name="test_adjacent_dates_no_conflict" time="0.199" /><testcase classname="tests.battle.test_booking_integrity" name="test_different_rooms_both_succeed" time="0.178" /><testcase classname="tests.battle.test_booking_integrity" name="test_lock_conflict_recorded_in_timeline" time="0.670" /><testcase classname="tests.battle.test_cancellation_edges" name="test_cancel_confirmed_booking" time="0.127" /><testcase classname="tests.battle.test_cancellation_edges" name="test_double_cancel_is_idempotent" time="0.108" /><testcase classname="tests.battle.test_cancellation_edges" name="test_cancel_checked_out_booking_rejected" time="0.042"><skipped type="pytest.skip" message="No checked_out booking available for test">/app/backend/tests/battle/test_cancellation_edges.py:142: No checked_out booking available for test</skipped></testcase><testcase classname="tests.battle.test_folio_ledger" name="test_post_charge_creates_ledger_entry" time="0.057" /><testcase classname="tests.battle.test_folio_ledger" name="test_post_payment_reduces_balance" time="0.042" /><testcase classname="tests.battle.test_folio_ledger" name="test_void_entry_reverses_charge" time="0.043" /><testcase classname="tests.battle.test_folio_ledger" name="test_double_void_rejected" time="0.049" /><testcase classname="tests.battle.test_folio_ledger" name="test_transfer_between_folios" time="0.060" /><testcase classname="tests.battle.test_folio_ledger" name="test_idempotency_prevents_double_charge" time="0.045" /><testcase classname="tests.battle.test_folio_ledger" name="test_reconciliation_run" time="3.325" /><testcase classname="tests.battle.test_folio_ledger" name="test_get_ledger_entries" time="0.055" /><testcase classname="tests.battle.test_learning_loop" name="test_create_incident_auto_classifies" time="0.059" /><testcase classname="tests.battle.test_learning_loop" name="test_create_incident_with_security_keywords" time="0.036" /><testcase classname="tests.battle.test_learning_loop" name="test_rca_workflow" time="0.047" /><testcase classname="tests.battle.test_learning_loop" name="test_never_again_rule" time="0.047" /><testcase classname="tests.battle.test_learning_loop" name="test_recurrence_detection" time="0.063" /><testcase classname="tests.battle.test_learning_loop" name="test_learning_dashboard" time="0.035" /><testcase classname="tests.battle.test_overbooking_prevention_v2" name="test_room_blocks_post_apply_ooo" time="0.077" /><testcase classname="tests.battle.test_overbooking_prevention_v2" name="test_room_blocks_delete_release_ooo" time="0.056" /><testcase classname="tests.battle.test_overbooking_prevention_v2" name="test_room_blocks_get_list" time="0.062" /><testcase classname="tests.battle.test_overbooking_prevention_v2" name="test_ooo_room_blocks_booking_returns_409" time="0.095" /><testcase classname="tests.battle.test_overbooking_prevention_v2" name="test_ooo_release_then_booking_succeeds" time="0.129" /><testcase classname="tests.battle.test_overbooking_prevention_v2" name="test_timeline_audit_trail_lock_events" time="1.114" /><testcase classname="tests.battle.test_overbooking_prevention_v2" name="test_concurrent_booking_exactly_one_wins" time="0.380" /><testcase classname="tests.battle.test_overbooking_prevention_v2" name="test_multi_night_partial_contention_all_or_nothing" time="0.209" /><testcase classname="tests.battle.test_overbooking_prevention_v2" name="test_cancel_then_rebook_same_dates_succeeds" time="0.177" /><testcase classname="tests.battle.test_overbooking_prevention_v2" name="test_adjacent_dates_both_succeed" time="0.172" /><testcase classname="tests.battle.test_overbooking_prevention_v2" name="test_different_rooms_same_dates_both_succeed" time="0.170" /><testcase classname="tests.battle.test_overbooking_prevention_v2" name="test_double_cancel_no_error" time="0.113" /><testcase classname="tests.battle.test_overbooking_prevention_v2" name="test_idempotency_key_no_duplicate" time="0.106" /><testcase classname="tests.battle.test_overbooking_prevention_v2" name="test_oos_block_type_works" time="0.093" /><testcase classname="tests.battle.test_overbooking_prevention_v2" name="test_maintenance_block_type_works" time="0.097" /><testcase classname="tests.battle.test_regression_guards" name="test_past_date_booking_rejected_quick_booking" time="0.063" /><testcase classname="tests.battle.test_regression_guards" name="test_deeply_past_date_rejected" time="0.041" /><testcase classname="tests.battle.test_regression_guards" name="test_future_date_booking_succeeds" time="0.103" /><testcase classname="tests.battle.test_regression_guards" name="test_checkout_before_checkin_rejected" time="0.035" /><testcase classname="tests.battle.test_regression_guards" name="test_login_returns_user_role_and_modules" time="0.000" /><testcase classname="tests.battle.test_regression_guards" name="test_pms_module_accessible_after_login" time="0.045" /><testcase classname="tests.battle.test_regression_guards" name="test_same_day_checkin_succeeds" time="0.067" /><testcase classname="tests.battle.test_regression_guards" name="test_core_endpoints_accessible" time="0.047" /><testcase classname="tests.battle.test_sprint2_api_holds" name="test_create_booking_hold_api" time="0.075" /><testcase classname="tests.battle.test_sprint2_api_holds" name="test_get_hold_status_api" time="0.055" /><testcase classname="tests.battle.test_sprint2_api_holds" name="test_confirm_hold_api" time="0.053" /><testcase classname="tests.battle.test_sprint2_api_holds" name="test_release_hold_api" time="0.054" /><testcase classname="tests.battle.test_sprint2_api_holds" name="test_hold_prevents_booking_conflict" time="0.096" /><testcase classname="tests.battle.test_sprint2_api_holds" name="test_sweep_expired_holds_api" time="0.029" /><testcase classname="tests.battle.test_sprint2_api_holds" name="test_room_blocks_api_ooo" time="0.055" /><testcase classname="tests.battle.test_sprint2_api_holds" name="test_ooo_block_prevents_booking_api" time="0.090" /><testcase classname="tests.battle.test_sprint2_api_holds" name="test_room_blocks_api_oos" time="0.054" /><testcase classname="tests.battle.test_sprint2_api_holds" name="test_room_blocks_api_maintenance" time="0.049" /><testcase classname="tests.battle.test_sprint2_api_holds" name="test_hold_conflict_with_another_hold" time="0.054" /><testcase classname="tests.battle.test_sprint2_api_holds" name="test_release_hold_then_booking_succeeds" time="0.125" /><testcase classname="tests.battle.test_sprint2_hold_ooo" name="test_hold_create_basic" time="0.028" /><testcase classname="tests.battle.test_sprint2_hold_ooo" name="test_hold_blocks_booking" time="0.015" /><testcase classname="tests.battle.test_sprint2_hold_ooo" name="test_hold_blocks_regular_booking" time="0.025" /><testcase classname="tests.battle.test_sprint2_hold_ooo" name="test_hold_confirm" time="0.029" /><testcase classname="tests.battle.test_sprint2_hold_ooo" name="test_hold_manual_release" time="0.025" /><testcase classname="tests.battle.test_sprint2_hold_ooo" name="test_hold_sweep_expired" time="0.021" /><testcase classname="tests.battle.test_sprint2_hold_ooo" name="test_hold_sweep_does_not_touch_confirmed" time="0.006" /><testcase classname="tests.battle.test_sprint2_hold_ooo" name="test_ooo_block_writes_to_room_night_locks" time="0.017" /><testcase classname="tests.battle.test_sprint2_hold_ooo" name="test_ooo_block_prevents_booking" time="0.024" /><testcase classname="tests.battle.test_sprint2_hold_ooo" name="test_ooo_release_frees_room" time="0.041" /></testsuite></testsuites>