<?xml version="1.0" encoding="utf-8"?><testsuites name="pytest tests"><testsuite name="pytest" errors="0" failures="0" skipped="0" tests="12" time="1.170" timestamp="2026-03-23T02:28:41.463343+00:00" hostname="agent-env-569c1748-b940-4538-ad67-05bbb78556a2"><testcase classname="tests.battle.test_sprint2_api_holds" name="test_create_booking_hold_api" time="0.360" /><testcase classname="tests.battle.test_sprint2_api_holds" name="test_get_hold_status_api" time="0.055" /><testcase classname="tests.battle.test_sprint2_api_holds" name="test_confirm_hold_api" time="0.055" /><testcase classname="tests.battle.test_sprint2_api_holds" name="test_release_hold_api" time="0.050" /><testcase classname="tests.battle.test_sprint2_api_holds" name="test_hold_prevents_booking_conflict" time="0.099" /><testcase classname="tests.battle.test_sprint2_api_holds" name="test_sweep_expired_holds_api" time="0.030" /><testcase classname="tests.battle.test_sprint2_api_holds" name="test_room_blocks_api_ooo" time="0.052" /><testcase classname="tests.battle.test_sprint2_api_holds" name="test_ooo_block_prevents_booking_api" time="0.085" /><testcase classname="tests.battle.test_sprint2_api_holds" name="test_room_blocks_api_oos" time="0.045" /><testcase classname="tests.battle.test_sprint2_api_holds" name="test_room_blocks_api_maintenance" time="0.045" /><testcase classname="tests.battle.test_sprint2_api_holds" name="test_hold_conflict_with_another_hold" time="0.051" /><testcase classname="tests.battle.test_sprint2_api_holds" name="test_release_hold_then_booking_succeeds" time="0.141" /></testsuite></testsuites>