<?xml version="1.0" encoding="utf-8"?><testsuites name="pytest tests"><testsuite name="pytest" errors="0" failures="0" skipped="0" tests="26" time="4.533" timestamp="2026-03-23T15:02:39.081393+00:00" hostname="agent-env-d904efb2-86ae-4ac0-9b0d-820153e8d4b4"><testcase classname="tests.test_tech_debt_weekly_proof_api.TestTechDebtEndpoint" name="test_tech_debt_returns_200" time="1.129" /><testcase classname="tests.test_tech_debt_weekly_proof_api.TestTechDebtEndpoint" name="test_tech_debt_response_structure" time="0.162" /><testcase classname="tests.test_tech_debt_weekly_proof_api.TestTechDebtEndpoint" name="test_tech_debt_total_quarantined_is_37" time="0.147" /><testcase classname="tests.test_tech_debt_weekly_proof_api.TestTechDebtEndpoint" name="test_tech_debt_has_5_categories" time="0.159" /><testcase classname="tests.test_tech_debt_weekly_proof_api.TestTechDebtEndpoint" name="test_tech_debt_category_structure" time="0.140" /><testcase classname="tests.test_tech_debt_weekly_proof_api.TestTechDebtEndpoint" name="test_tech_debt_category_tests_structure" time="0.180" /><testcase classname="tests.test_tech_debt_weekly_proof_api.TestTechDebtEndpoint" name="test_tech_debt_health_grade_is_valid" time="0.158" /><testcase classname="tests.test_tech_debt_weekly_proof_api.TestTechDebtEndpoint" name="test_tech_debt_health_score_range" time="0.139" /><testcase classname="tests.test_tech_debt_weekly_proof_api.TestTechDebtEndpoint" name="test_tech_debt_stale_fixtures_count" time="0.129" /><testcase classname="tests.test_tech_debt_weekly_proof_api.TestTechDebtEndpoint" name="test_tech_debt_changed_api_count" time="0.112" /><testcase classname="tests.test_tech_debt_weekly_proof_api.TestWeeklyProofEndpoint" name="test_weekly_proof_returns_200" time="0.136" /><testcase classname="tests.test_tech_debt_weekly_proof_api.TestWeeklyProofEndpoint" name="test_weekly_proof_response_structure" time="0.163" /><testcase classname="tests.test_tech_debt_weekly_proof_api.TestWeeklyProofEndpoint" name="test_weekly_proof_default_8_weeks" time="0.130" /><testcase classname="tests.test_tech_debt_weekly_proof_api.TestWeeklyProofEndpoint" name="test_weekly_proof_weeks_parameter" time="0.441" /><testcase classname="tests.test_tech_debt_weekly_proof_api.TestWeeklyProofEndpoint" name="test_weekly_proof_weeks_validation" time="0.235" /><testcase classname="tests.test_tech_debt_weekly_proof_api.TestWeeklyProofEndpoint" name="test_weekly_proof_week_structure" time="0.132" /><testcase classname="tests.test_tech_debt_weekly_proof_api.TestWeeklyProofEndpoint" name="test_weekly_proof_improvements_structure" time="0.476" /><testcase classname="tests.test_tech_debt_weekly_proof_api.TestWeeklyProofEndpoint" name="test_weekly_proof_week_label_format" time="0.147" /><testcase classname="tests.test_tech_debt_weekly_proof_api.TestWeeklyProofEndpoint" name="test_weekly_proof_date_format" time="0.140" /><testcase classname="tests.test_tech_debt_weekly_proof_api.TestCICDWorkflowFiles" name="test_cicd_yml_exists" time="0.000" /><testcase classname="tests.test_tech_debt_weekly_proof_api.TestCICDWorkflowFiles" name="test_deploy_yml_exists" time="0.000" /><testcase classname="tests.test_tech_debt_weekly_proof_api.TestCICDWorkflowFiles" name="test_cicd_yml_has_rollback_step" time="0.000" /><testcase classname="tests.test_tech_debt_weekly_proof_api.TestCICDWorkflowFiles" name="test_cicd_yml_has_smoke_test" time="0.000" /><testcase classname="tests.test_tech_debt_weekly_proof_api.TestCICDWorkflowFiles" name="test_cicd_yml_has_notification" time="0.000" /><testcase classname="tests.test_tech_debt_weekly_proof_api.TestCICDWorkflowFiles" name="test_deploy_yml_has_rollback_step" time="0.000" /><testcase classname="tests.test_tech_debt_weekly_proof_api.TestCICDWorkflowFiles" name="test_deploy_yml_has_db_backup" time="0.000" /></testsuite></testsuites>