<?xml version="1.0" encoding="utf-8"?><testsuites name="pytest tests"><testsuite name="pytest" errors="0" failures="0" skipped="0" tests="9" time="1.120" timestamp="2026-03-06T18:08:21.362686+00:00" hostname="agent-env-b11e9cdd-5f2b-4b4c-87b8-843400834532"><testcase classname="tests.test_outbox_lifecycle" name="test_outbox_worker_processes_pending_event_to_processed" time="0.033" /><testcase classname="tests.test_outbox_lifecycle" name="test_outbox_worker_retries_then_parks_forced_failure" time="0.083" /><testcase classname="tests.test_outbox_lifecycle" name="test_migration_observability_exposes_lifecycle_counts_and_ages" time="0.003" /><testcase classname="tests.test_migration_observability.TestMigrationObservability" name="test_observability_endpoint_returns_expected_sections" time="0.458" /><testcase classname="tests.test_migration_observability.TestMigrationObservability" name="test_observability_endpoint_enforces_tenant_isolation" time="0.224" /><testcase classname="tests.test_migration_observability" name="test_health_score_is_green_when_signals_are_healthy" time="0.000" /><testcase classname="tests.test_migration_observability" name="test_health_score_is_yellow_for_stale_pending_or_compare_error" time="0.000" /><testcase classname="tests.test_migration_observability" name="test_health_score_red_override_for_audit_gap" time="0.000" /><testcase classname="tests.test_migration_observability" name="test_stale_pending_triage_classifies_semantic_backlog_without_delivery_signals" time="0.000" /></testsuite></testsuites>