<?xml version="1.0" encoding="utf-8"?><testsuites name="pytest tests"><testsuite name="pytest" errors="0" failures="0" skipped="2" tests="5" time="2.371" timestamp="2026-03-19T19:30:14.653150+00:00" hostname="agent-env-a6f0ac66-7f7b-4fcc-969d-1880bafa1c97"><testcase classname="tests.test_checkout_balance_fix.TestCheckoutBalanceFix" name="test_checkout_with_outstanding_balance_returns_402" time="1.112" /><testcase classname="tests.test_checkout_balance_fix.TestCheckoutBalanceFix" name="test_force_checkout_succeeds_with_balance" time="0.307"><skipped type="pytest.skip" message="Could not create test booking: {&quot;detail&quot;:[{&quot;type&quot;:&quot;missing&quot;,&quot;loc&quot;:[&quot;body&quot;,&quot;guests_count&quot;],&quot;msg&quot;:&quot;Field required&quot;,&quot;input&quot;:{&quot;guest_id&quot;:&quot;2d36ed41-5fec-4f47-9fb2-c85d04000e3e&quot;,&quot;room_id&quot;:&quot;14a0791e-95c3-466d-8d22-49dd35b7e299&quot;,&quot;check_in&quot;:&quot;2026-03-19&quot;,&quot;check_out&quot;:&quot;2026-03-20&quot;,&quot;adults&quot;:1,&quot;children&quot;:0,&quot;total_amount&quot;:500.0,&quot;paid_amount&quot;:0.0,&quot;status&quot;:&quot;confirmed&quot;},&quot;url&quot;:&quot;https://errors.pydantic.dev/2.12/v/missing&quot;}]}">/app/backend/tests/test_checkout_balance_fix.py:169: Could not create test booking: {"detail":[{"type":"missing","loc":["body","guests_count"],"msg":"Field required","input":{"guest_id":"2d36ed41-5fec-4f47-9fb2-c85d04000e3e","room_id":"14a0791e-95c3-466d-8d22-49dd35b7e299","check_in":"2026-03-19","check_out":"2026-03-20","adults":1,"children":0,"total_amount":500.0,"paid_amount":0.0,"status":"confirmed"},"url":"https://errors.pydantic.dev/2.12/v/missing"}]}</skipped></testcase><testcase classname="tests.test_checkout_balance_fix.TestCheckoutBalanceFix" name="test_checkout_succeeds_with_zero_balance" time="0.296"><skipped type="pytest.skip" message="Could not create test booking: {&quot;detail&quot;:[{&quot;type&quot;:&quot;missing&quot;,&quot;loc&quot;:[&quot;body&quot;,&quot;guests_count&quot;],&quot;msg&quot;:&quot;Field required&quot;,&quot;input&quot;:{&quot;guest_id&quot;:&quot;649b55e5-2503-414b-890f-4990795106eb&quot;,&quot;room_id&quot;:&quot;14a0791e-95c3-466d-8d22-49dd35b7e299&quot;,&quot;check_in&quot;:&quot;2026-03-19&quot;,&quot;check_out&quot;:&quot;2026-03-20&quot;,&quot;adults&quot;:1,&quot;children&quot;:0,&quot;total_amount&quot;:300.0,&quot;paid_amount&quot;:300.0,&quot;status&quot;:&quot;confirmed&quot;},&quot;url&quot;:&quot;https://errors.pydantic.dev/2.12/v/missing&quot;}]}">/app/backend/tests/test_checkout_balance_fix.py:260: Could not create test booking: {"detail":[{"type":"missing","loc":["body","guests_count"],"msg":"Field required","input":{"guest_id":"649b55e5-2503-414b-890f-4990795106eb","room_id":"14a0791e-95c3-466d-8d22-49dd35b7e299","check_in":"2026-03-19","check_out":"2026-03-20","adults":1,"children":0,"total_amount":300.0,"paid_amount":300.0,"status":"confirmed"},"url":"https://errors.pydantic.dev/2.12/v/missing"}]}</skipped></testcase><testcase classname="tests.test_checkout_balance_fix.TestGuestEndpoints" name="test_get_single_guest" time="0.236" /><testcase classname="tests.test_checkout_balance_fix.TestGuestEndpoints" name="test_update_guest_identity" time="0.351" /></testsuite></testsuites>