<?xml version="1.0" encoding="utf-8"?><testsuites name="pytest tests"><testsuite name="pytest" errors="0" failures="0" skipped="0" tests="30" time="3.960" timestamp="2026-03-12T16:35:04.812382+00:00" hostname="agent-env-7f852981-c18a-4c25-8235-51c50f28d450"><testcase classname="tests.test_hardening_comprehensive" name="test_cm_runtime_status_real_fields" time="0.288" /><testcase classname="tests.test_hardening_comprehensive" name="test_cm_sync_stats_structure" time="0.009" /><testcase classname="tests.test_hardening_comprehensive" name="test_cm_drift_data" time="0.009" /><testcase classname="tests.test_hardening_comprehensive" name="test_cm_providers_data" time="0.008" /><testcase classname="tests.test_hardening_comprehensive" name="test_queue_health_real_fields" time="0.013" /><testcase classname="tests.test_hardening_comprehensive" name="test_worker_per_queue_breakdown" time="0.011" /><testcase classname="tests.test_hardening_comprehensive" name="test_dead_letter_structure" time="0.013" /><testcase classname="tests.test_hardening_comprehensive" name="test_stuck_tasks_grouping" time="0.005" /><testcase classname="tests.test_hardening_comprehensive" name="test_worker_severity_on_no_activity" time="0.011" /><testcase classname="tests.test_hardening_comprehensive" name="test_audit_status_real_fields" time="0.008" /><testcase classname="tests.test_hardening_comprehensive" name="test_rate_limit_real_fields" time="0.004" /><testcase classname="tests.test_hardening_comprehensive" name="test_tenant_guard_status" time="0.005" /><testcase classname="tests.test_hardening_comprehensive" name="test_log_sanitization_coverage" time="0.004" /><testcase classname="tests.test_hardening_comprehensive" name="test_security_severity_no_violations" time="0.005" /><testcase classname="tests.test_hardening_comprehensive" name="test_normalized_cm_enriched_contract" time="0.006" /><testcase classname="tests.test_hardening_comprehensive" name="test_normalized_workers_contract" time="0.009" /><testcase classname="tests.test_hardening_comprehensive" name="test_normalized_security_contract" time="0.008" /><testcase classname="tests.test_hardening_comprehensive" name="test_normalized_overview_all_subsystems" time="0.017" /><testcase classname="tests.test_hardening_comprehensive" name="test_normalized_alerts" time="0.006" /><testcase classname="tests.test_hardening_comprehensive" name="test_normalized_observability" time="0.005" /><testcase classname="tests.test_hardening_comprehensive" name="test_role_dashboard_admin_panels" time="0.007" /><testcase classname="tests.test_hardening_comprehensive" name="test_role_dashboard_drift_data" time="0.007" /><testcase classname="tests.test_hardening_comprehensive" name="test_role_dashboard_queue_health" time="0.007" /><testcase classname="tests.test_hardening_comprehensive" name="test_audit_metrics_endpoint" time="0.006" /><testcase classname="tests.test_hardening_comprehensive" name="test_audit_metrics_recon" time="0.006" /><testcase classname="tests.test_hardening_comprehensive" name="test_live_status" time="0.004" /><testcase classname="tests.test_hardening_comprehensive" name="test_live_events" time="0.004" /><testcase classname="tests.test_hardening_comprehensive" name="test_connected_clients_has_health_room" time="0.000" /><testcase classname="tests.test_hardening_comprehensive" name="test_broadcast_system_health_event" time="0.000" /><testcase classname="tests.test_hardening_comprehensive" name="test_broadcast_health_metric_update" time="0.001" /></testsuite></testsuites>