<?xml version="1.0" encoding="utf-8"?><testsuites name="pytest tests"><testsuite name="pytest" errors="0" failures="0" skipped="0" tests="14" time="6.272" timestamp="2026-02-27T13:30:09.863600+00:00" hostname="agent-env-777b9567-7981-403e-bc92-b411cc526061"><testcase classname="test_security_faz7.TestSecurityHeaders" name="test_security_headers_on_health_endpoint" time="0.154" /><testcase classname="test_security_faz7.TestSecurityHeaders" name="test_security_headers_on_api_endpoint" time="0.102" /><testcase classname="test_security_faz7.TestJWTTokenRefresh" name="test_token_refresh_success" time="0.501" /><testcase classname="test_security_faz7.TestJWTTokenRefresh" name="test_token_refresh_without_auth_fails" time="0.127" /><testcase classname="test_security_faz7.TestJWTTokenRefresh" name="test_token_refresh_with_invalid_token_fails" time="0.124" /><testcase classname="test_security_faz7.TestSecuritySummaryEndpoint" name="test_security_summary_returns_overview" time="0.479" /><testcase classname="test_security_faz7.TestSecuritySummaryEndpoint" name="test_security_summary_returns_apm" time="0.474" /><testcase classname="test_security_faz7.TestSecuritySummaryEndpoint" name="test_security_summary_returns_recent_events" time="0.480" /><testcase classname="test_security_faz7.TestSecuritySummaryEndpoint" name="test_security_summary_requires_auth" time="0.104" /><testcase classname="test_security_faz7.TestLoginAuditLogging" name="test_successful_login_creates_audit_log" time="0.974" /><testcase classname="test_security_faz7.TestLoginAuditLogging" name="test_failed_login_creates_audit_log" time="1.331" /><testcase classname="test_security_faz7.TestLoginFlowStillWorks" name="test_login_returns_correct_response" time="0.358" /><testcase classname="test_security_faz7.TestLoginFlowStillWorks" name="test_auth_me_works_with_token" time="0.507" /><testcase classname="test_security_faz7.TestRateLimiting" name="test_rate_limiting_middleware_active" time="0.488" /></testsuite></testsuites>