<?xml version="1.0" encoding="utf-8"?><testsuites name="pytest tests"><testsuite name="pytest" errors="0" failures="0" skipped="0" tests="54" time="7.991" timestamp="2026-03-12T08:25:25.091504+00:00" hostname="agent-env-1058e322-7a70-4890-9ee9-fd9b78edcc94"><testcase classname="tests.test_production_golive_api.TestReadinessEndpoints" name="test_readiness_returns_status_and_score" time="0.721" /><testcase classname="tests.test_production_golive_api.TestReadinessEndpoints" name="test_summary_returns_all_subsystems" time="0.149" /><testcase classname="tests.test_production_golive_api.TestConfigEndpoints" name="test_config_validate_returns_all_categories" time="0.232" /><testcase classname="tests.test_production_golive_api.TestConfigEndpoints" name="test_config_inspect_returns_masked_values" time="0.106" /><testcase classname="tests.test_production_golive_api.TestConfigEndpoints" name="test_startup_check_returns_critical_vars" time="0.112" /><testcase classname="tests.test_production_golive_api.TestConfigEndpoints" name="test_leak_scan_returns_suspicious_count" time="0.131" /><testcase classname="tests.test_production_golive_api.TestRedisEndpoints" name="test_redis_cluster_validation" time="0.229" /><testcase classname="tests.test_production_golive_api.TestRedisEndpoints" name="test_redis_pubsub_health" time="0.107" /><testcase classname="tests.test_production_golive_api.TestRedisEndpoints" name="test_redis_lock_safety" time="0.109" /><testcase classname="tests.test_production_golive_api.TestMongoEndpoints" name="test_mongo_health" time="0.227" /><testcase classname="tests.test_production_golive_api.TestMongoEndpoints" name="test_mongo_pool" time="0.115" /><testcase classname="tests.test_production_golive_api.TestMongoEndpoints" name="test_mongo_indexes" time="0.108" /><testcase classname="tests.test_production_golive_api.TestMongoEndpoints" name="test_mongo_collections" time="0.231" /><testcase classname="tests.test_production_golive_api.TestMongoEndpoints" name="test_mongo_schema_drift" time="0.108" /><testcase classname="tests.test_production_golive_api.TestMongoEndpoints" name="test_mongo_slow_queries" time="0.108" /><testcase classname="tests.test_production_golive_api.TestMongoEndpoints" name="test_mongo_replica_set" time="0.105" /><testcase classname="tests.test_production_golive_api.TestWorkerEndpoints" name="test_workers_validation" time="0.274" /><testcase classname="tests.test_production_golive_api.TestWorkerEndpoints" name="test_workers_scaling_readiness" time="0.104" /><testcase classname="tests.test_production_golive_api.TestProviderEndpoints" name="test_providers_status" time="0.214" /><testcase classname="tests.test_production_golive_api.TestProviderEndpoints" name="test_providers_validate" time="0.115" /><testcase classname="tests.test_production_golive_api.TestProviderEndpoints" name="test_providers_delivery_metrics" time="0.116" /><testcase classname="tests.test_production_golive_api.TestObservabilityEndpoints" name="test_observability_validation" time="0.236" /><testcase classname="tests.test_production_golive_api.TestObservabilityEndpoints" name="test_observability_key_metrics" time="0.111" /><testcase classname="tests.test_production_golive_api.TestBackupEndpoints" name="test_backup_validation" time="0.221" /><testcase classname="tests.test_production_golive_api.TestSecurityEndpoints" name="test_security_checklist" time="0.263" /><testcase classname="tests.test_production_golive_api.TestSecurityEndpoints" name="test_security_tenant_isolation" time="0.129" /><testcase classname="tests.test_production_golive_api.TestSecurityEndpoints" name="test_security_rbac" time="0.120" /><testcase classname="tests.test_production_golive_api.TestAuthRequired" name="test_endpoints_return_401_or_403_without_token[/api/production-golive/readiness]" time="0.114" /><testcase classname="tests.test_production_golive_api.TestAuthRequired" name="test_endpoints_return_401_or_403_without_token[/api/production-golive/summary]" time="0.117" /><testcase classname="tests.test_production_golive_api.TestAuthRequired" name="test_endpoints_return_401_or_403_without_token[/api/production-golive/config/validate]" time="0.142" /><testcase classname="tests.test_production_golive_api.TestAuthRequired" name="test_endpoints_return_401_or_403_without_token[/api/production-golive/config/inspect]" time="0.107" /><testcase classname="tests.test_production_golive_api.TestAuthRequired" name="test_endpoints_return_401_or_403_without_token[/api/production-golive/config/startup-check]" time="0.115" /><testcase classname="tests.test_production_golive_api.TestAuthRequired" name="test_endpoints_return_401_or_403_without_token[/api/production-golive/config/leak-scan]" time="0.119" /><testcase classname="tests.test_production_golive_api.TestAuthRequired" name="test_endpoints_return_401_or_403_without_token[/api/production-golive/redis/cluster-validation]" time="0.112" /><testcase classname="tests.test_production_golive_api.TestAuthRequired" name="test_endpoints_return_401_or_403_without_token[/api/production-golive/redis/pubsub-health]" time="0.101" /><testcase classname="tests.test_production_golive_api.TestAuthRequired" name="test_endpoints_return_401_or_403_without_token[/api/production-golive/redis/lock-safety]" time="0.123" /><testcase classname="tests.test_production_golive_api.TestAuthRequired" name="test_endpoints_return_401_or_403_without_token[/api/production-golive/mongo/health]" time="0.105" /><testcase classname="tests.test_production_golive_api.TestAuthRequired" name="test_endpoints_return_401_or_403_without_token[/api/production-golive/mongo/pool]" time="0.112" /><testcase classname="tests.test_production_golive_api.TestAuthRequired" name="test_endpoints_return_401_or_403_without_token[/api/production-golive/mongo/indexes]" time="0.106" /><testcase classname="tests.test_production_golive_api.TestAuthRequired" name="test_endpoints_return_401_or_403_without_token[/api/production-golive/mongo/collections]" time="0.106" /><testcase classname="tests.test_production_golive_api.TestAuthRequired" name="test_endpoints_return_401_or_403_without_token[/api/production-golive/mongo/schema-drift]" time="0.108" /><testcase classname="tests.test_production_golive_api.TestAuthRequired" name="test_endpoints_return_401_or_403_without_token[/api/production-golive/mongo/slow-queries]" time="0.117" /><testcase classname="tests.test_production_golive_api.TestAuthRequired" name="test_endpoints_return_401_or_403_without_token[/api/production-golive/mongo/replica-set]" time="0.112" /><testcase classname="tests.test_production_golive_api.TestAuthRequired" name="test_endpoints_return_401_or_403_without_token[/api/production-golive/workers/validation]" time="0.104" /><testcase classname="tests.test_production_golive_api.TestAuthRequired" name="test_endpoints_return_401_or_403_without_token[/api/production-golive/workers/scaling-readiness]" time="0.111" /><testcase classname="tests.test_production_golive_api.TestAuthRequired" name="test_endpoints_return_401_or_403_without_token[/api/production-golive/providers/status]" time="0.108" /><testcase classname="tests.test_production_golive_api.TestAuthRequired" name="test_endpoints_return_401_or_403_without_token[/api/production-golive/providers/validate]" time="0.112" /><testcase classname="tests.test_production_golive_api.TestAuthRequired" name="test_endpoints_return_401_or_403_without_token[/api/production-golive/providers/delivery-metrics]" time="0.102" /><testcase classname="tests.test_production_golive_api.TestAuthRequired" name="test_endpoints_return_401_or_403_without_token[/api/production-golive/observability/validation]" time="0.115" /><testcase classname="tests.test_production_golive_api.TestAuthRequired" name="test_endpoints_return_401_or_403_without_token[/api/production-golive/observability/key-metrics]" time="0.105" /><testcase classname="tests.test_production_golive_api.TestAuthRequired" name="test_endpoints_return_401_or_403_without_token[/api/production-golive/backup/validation]" time="0.108" /><testcase classname="tests.test_production_golive_api.TestAuthRequired" name="test_endpoints_return_401_or_403_without_token[/api/production-golive/security/checklist]" time="0.134" /><testcase classname="tests.test_production_golive_api.TestAuthRequired" name="test_endpoints_return_401_or_403_without_token[/api/production-golive/security/tenant-isolation]" time="0.115" /><testcase classname="tests.test_production_golive_api.TestAuthRequired" name="test_endpoints_return_401_or_403_without_token[/api/production-golive/security/rbac]" time="0.113" /></testsuite></testsuites>