<?xml version="1.0" encoding="utf-8"?><testsuites name="pytest tests"><testsuite name="pytest" errors="0" failures="0" skipped="0" tests="38" time="4.504" timestamp="2026-03-21T22:04:17.950769+00:00" hostname="agent-env-5fd2e21c-1be0-4783-8c85-1305cb0817e4"><testcase classname="tests.test_import_bridge" name="test_decision_eligible_for_auto_import" time="0.207" /><testcase classname="tests.test_import_bridge" name="test_decision_review_unmapped_room" time="0.001" /><testcase classname="tests.test_import_bridge" name="test_decision_review_unmapped_rate" time="0.001" /><testcase classname="tests.test_import_bridge" name="test_decision_review_cancelled" time="0.000" /><testcase classname="tests.test_import_bridge" name="test_decision_review_invalid_dates" time="0.000" /><testcase classname="tests.test_import_bridge" name="test_decision_review_missing_guest" time="0.000" /><testcase classname="tests.test_import_bridge" name="test_create_import_record" time="0.017" /><testcase classname="tests.test_import_bridge" name="test_duplicate_import_record_rejected" time="0.014" /><testcase classname="tests.test_import_bridge" name="test_auto_import_creates_booking" time="0.039" /><testcase classname="tests.test_import_bridge" name="test_import_uses_atomic_booking_core" time="0.034" /><testcase classname="tests.test_import_bridge" name="test_duplicate_booking_not_created" time="0.031" /><testcase classname="tests.test_import_bridge" name="test_unmapped_room_triggers_review" time="0.024" /><testcase classname="tests.test_import_bridge" name="test_transient_failure_schedules_retry" time="0.028" /><testcase classname="tests.test_import_bridge" name="test_max_retries_marks_failed" time="0.031" /><testcase classname="tests.test_import_bridge" name="test_concurrent_claim_only_one_wins" time="0.042" /><testcase classname="tests.test_import_bridge" name="test_admin_retry_resets_import" time="0.016" /><testcase classname="tests.test_import_bridge" name="test_admin_dismiss_marks_dismissed" time="0.016" /><testcase classname="tests.test_import_bridge" name="test_admin_approve_and_import" time="0.039" /><testcase classname="tests.test_import_bridge" name="test_lineage_linked_to_booking" time="0.045" /><testcase classname="tests.test_import_bridge" name="test_retryable_errors" time="0.000" /><testcase classname="tests.test_import_bridge" name="test_permanent_errors" time="0.000" /><testcase classname="tests.test_import_bridge" name="test_unknown_defaults_retryable" time="0.000" /><testcase classname="tests.test_import_admin_api.TestImportStatusEndpoint" name="test_status_returns_correct_structure" time="0.158" /><testcase classname="tests.test_import_admin_api.TestImportStatusEndpoint" name="test_worker_is_running" time="0.112" /><testcase classname="tests.test_import_admin_api.TestReviewQueueEndpoint" name="test_review_queue_returns_paginated_list" time="0.137" /><testcase classname="tests.test_import_admin_api.TestReviewQueueEndpoint" name="test_review_queue_with_provider_filter" time="0.119" /><testcase classname="tests.test_import_admin_api.TestReviewQueueEndpoint" name="test_review_queue_with_tenant_filter" time="0.106" /><testcase classname="tests.test_import_admin_api.TestEventsEndpoint" name="test_events_returns_paginated_list" time="0.132" /><testcase classname="tests.test_import_admin_api.TestEventsEndpoint" name="test_events_with_status_filter" time="0.819" /><testcase classname="tests.test_import_admin_api.TestEventsEndpoint" name="test_events_with_provider_filter" time="0.125" /><testcase classname="tests.test_import_admin_api.TestEventsEndpoint" name="test_events_with_tenant_filter" time="0.147" /><testcase classname="tests.test_import_admin_api.TestRetryEndpoint" name="test_retry_returns_404_for_nonexistent_id" time="0.132" /><testcase classname="tests.test_import_admin_api.TestApproveAndImportEndpoint" name="test_approve_returns_404_for_nonexistent_id" time="0.113" /><testcase classname="tests.test_import_admin_api.TestDismissEndpoint" name="test_dismiss_returns_404_for_nonexistent_id" time="0.111" /><testcase classname="tests.test_import_admin_api.TestHealthDeepImportBridge" name="test_health_deep_includes_import_bridge" time="0.129" /><testcase classname="tests.test_import_admin_api.TestHealthDeepImportBridge" name="test_health_deep_import_bridge_status_logic" time="0.165" /><testcase classname="tests.test_import_admin_api.TestImportAdminIntegration" name="test_status_counts_match_events_totals" time="1.015" /><testcase classname="tests.test_import_admin_api.TestImportAdminIntegration" name="test_review_queue_matches_review_required_count" time="0.220" /></testsuite></testsuites>