<?xml version="1.0" encoding="utf-8"?><testsuites name="pytest tests"><testsuite name="pytest" errors="0" failures="0" skipped="0" tests="36" time="7.215" timestamp="2026-04-09T19:14:35.827147+00:00" hostname="agent-env-0ea97628-1d53-4b11-a260-ca8c7e86c49a"><testcase classname="tests.test_sprint3_encryption_management_api.TestAuthRequired" name="test_keys_list_requires_auth" time="0.648" /><testcase classname="tests.test_sprint3_encryption_management_api.TestAuthRequired" name="test_dashboard_requires_auth" time="0.170" /><testcase classname="tests.test_sprint3_encryption_management_api.TestAuthRequired" name="test_register_key_requires_auth" time="0.153" /><testcase classname="tests.test_sprint3_encryption_management_api.TestKeyRegistry" name="test_register_key_success" time="0.549" /><testcase classname="tests.test_sprint3_encryption_management_api.TestKeyRegistry" name="test_register_duplicate_key_fails" time="0.135" /><testcase classname="tests.test_sprint3_encryption_management_api.TestKeyRegistry" name="test_register_invalid_key_type_fails" time="0.130" /><testcase classname="tests.test_sprint3_encryption_management_api.TestKeyRegistry" name="test_list_keys" time="0.180" /><testcase classname="tests.test_sprint3_encryption_management_api.TestKeyRegistry" name="test_list_keys_filter_by_state" time="0.143" /><testcase classname="tests.test_sprint3_encryption_management_api.TestKeyRegistry" name="test_list_keys_filter_by_type" time="0.153" /><testcase classname="tests.test_sprint3_encryption_management_api.TestKeyRegistry" name="test_get_key_by_id" time="0.131" /><testcase classname="tests.test_sprint3_encryption_management_api.TestKeyRegistry" name="test_get_key_not_found" time="0.239" /><testcase classname="tests.test_sprint3_encryption_management_api.TestKeyRegistry" name="test_get_key_summary" time="0.132" /><testcase classname="tests.test_sprint3_encryption_management_api.TestKeyStateTransitions" name="test_initiate_rotation" time="0.162" /><testcase classname="tests.test_sprint3_encryption_management_api.TestKeyStateTransitions" name="test_verify_pending_rotation_state" time="0.125" /><testcase classname="tests.test_sprint3_encryption_management_api.TestKeyStateTransitions" name="test_cancel_rotation" time="0.123" /><testcase classname="tests.test_sprint3_encryption_management_api.TestKeyStateTransitions" name="test_initiate_and_complete_rotation" time="0.270" /><testcase classname="tests.test_sprint3_encryption_management_api.TestEmergencyRevoke" name="test_emergency_revoke_requires_reason" time="0.274" /><testcase classname="tests.test_sprint3_encryption_management_api.TestEmergencyRevoke" name="test_emergency_revoke_success" time="0.434" /><testcase classname="tests.test_sprint3_encryption_management_api.TestReencryptionJobs" name="test_create_reencryption_job" time="0.255" /><testcase classname="tests.test_sprint3_encryption_management_api.TestReencryptionJobs" name="test_create_job_requires_collections" time="0.132" /><testcase classname="tests.test_sprint3_encryption_management_api.TestReencryptionJobs" name="test_list_reencryption_jobs" time="0.126" /><testcase classname="tests.test_sprint3_encryption_management_api.TestReencryptionJobs" name="test_get_job_status" time="0.144" /><testcase classname="tests.test_sprint3_encryption_management_api.TestReencryptionJobs" name="test_start_job" time="0.120" /><testcase classname="tests.test_sprint3_encryption_management_api.TestReencryptionJobs" name="test_pause_job" time="0.120" /><testcase classname="tests.test_sprint3_encryption_management_api.TestReencryptionJobs" name="test_cancel_job" time="0.141" /><testcase classname="tests.test_sprint3_encryption_management_api.TestDashboards" name="test_main_dashboard" time="0.136" /><testcase classname="tests.test_sprint3_encryption_management_api.TestDashboards" name="test_keys_dashboard" time="0.117" /><testcase classname="tests.test_sprint3_encryption_management_api.TestDashboards" name="test_jobs_dashboard" time="0.121" /><testcase classname="tests.test_sprint3_encryption_management_api.TestAuditLogs" name="test_key_audit_log" time="0.122" /><testcase classname="tests.test_sprint3_encryption_management_api.TestAuditLogs" name="test_key_audit_log_filter_by_key" time="0.126" /><testcase classname="tests.test_sprint3_encryption_management_api.TestAuditLogs" name="test_job_audit_log" time="0.116" /><testcase classname="tests.test_sprint3_encryption_management_api.TestActiveKeyLookup" name="test_get_active_key_by_type" time="0.284" /><testcase classname="tests.test_sprint3_encryption_management_api.TestActiveKeyLookup" name="test_get_active_key_not_found" time="0.125" /><testcase classname="tests.test_sprint3_encryption_management_api.TestIndexSetup" name="test_setup_indexes" time="0.474" /><testcase classname="tests.test_sprint3_encryption_management_api.TestExistingData" name="test_existing_keys_present" time="0.138" /><testcase classname="tests.test_sprint3_encryption_management_api.TestExistingData" name="test_pending_rotation_key" time="0.119" /></testsuite></testsuites>