<?xml version="1.0" encoding="utf-8"?><testsuites name="pytest tests"><testsuite name="pytest" errors="0" failures="1" skipped="0" tests="24" time="0.994" timestamp="2026-03-12T18:03:50.040556+00:00" hostname="agent-env-1ae56c95-7b65-4e4b-9d2f-498891dcb712"><testcase classname="tests.test_phase5_api.TestAlertEndpoints" name="test_get_rules" time="0.079" /><testcase classname="tests.test_phase5_api.TestAlertEndpoints" name="test_get_active_alerts" time="0.029" /><testcase classname="tests.test_phase5_api.TestAlertEndpoints" name="test_evaluate_no_metrics" time="0.028" /><testcase classname="tests.test_phase5_api.TestAlertEndpoints" name="test_evaluate_fires_alert" time="0.030"><failure message="assert 0 &gt; 0">backend/tests/test_phase5_api.py:66: in test_evaluate_fires_alert
    assert data["data"]["alerts_fired"] &gt; 0
E   assert 0 &gt; 0</failure></testcase><testcase classname="tests.test_phase5_api.TestAlertEndpoints" name="test_alert_summary" time="0.029" /><testcase classname="tests.test_phase5_api.TestIncidentEndpoints" name="test_incident_lifecycle" time="0.087" /><testcase classname="tests.test_phase5_api.TestIncidentEndpoints" name="test_list_incidents" time="0.028" /><testcase classname="tests.test_phase5_api.TestIncidentEndpoints" name="test_service_health_matrix" time="0.033" /><testcase classname="tests.test_phase5_api.TestCMValidation" name="test_get_providers" time="0.026" /><testcase classname="tests.test_phase5_api.TestCMValidation" name="test_run_validation" time="0.035" /><testcase classname="tests.test_phase5_api.TestCMValidation" name="test_unknown_provider" time="0.027" /><testcase classname="tests.test_phase5_api.TestCMValidation" name="test_sync_lag_report" time="0.027" /><testcase classname="tests.test_phase5_api.TestTenantIsolation" name="test_validate_isolation" time="0.036" /><testcase classname="tests.test_phase5_api.TestTenantIsolation" name="test_noisy_tenants" time="0.027" /><testcase classname="tests.test_phase5_api.TestTenantIsolation" name="test_resource_fairness" time="0.029" /><testcase classname="tests.test_phase5_api.TestPilotReadiness" name="test_readiness_check" time="0.042" /><testcase classname="tests.test_phase5_api.TestPilotReadiness" name="test_feature_toggles" time="0.027" /><testcase classname="tests.test_phase5_api.TestPilotReadiness" name="test_sign_off_and_toggle" time="0.062" /><testcase classname="tests.test_phase5_api.TestFrontdeskV2" name="test_checkin_not_found" time="0.030" /><testcase classname="tests.test_phase5_api.TestFrontdeskV2" name="test_room_move_requires_reason" time="0.026" /><testcase classname="tests.test_phase5_api.TestFrontdeskV2" name="test_late_checkout_requires_reason" time="0.027" /><testcase classname="tests.test_phase5_api.TestPOSV2" name="test_create_order_no_items" time="0.027" /><testcase classname="tests.test_phase5_api.TestPOSV2" name="test_create_and_close_order" time="0.055" /><testcase classname="tests.test_phase5_api.TestPOSV2" name="test_void_order_no_permission" time="0.028" /></testsuite></testsuites>